{"/home/jailuser/git/addon-cache.worker.js": {"path":"/home/jailuser/git/addon-cache.worker.js","statementMap":{"0":{"start":{"line":23,"column":15},"end":{"line":23,"column":44}},"1":{"start":{"line":24,"column":21},"end":{"line":24,"column":33}},"2":{"start":{"line":25,"column":20},"end":{"line":25,"column":26}},"3":{"start":{"line":26,"column":19},"end":{"line":26,"column":43}},"4":{"start":{"line":35,"column":14},"end":{"line":35,"column":34}},"5":{"start":{"line":36,"column":2},"end":{"line":36,"column":45}},"6":{"start":{"line":36,"column":32},"end":{"line":36,"column":45}},"7":{"start":{"line":37,"column":2},"end":{"line":37,"column":53}},"8":{"start":{"line":37,"column":40},"end":{"line":37,"column":53}},"9":{"start":{"line":38,"column":2},"end":{"line":38,"column":33}},"10":{"start":{"line":38,"column":20},"end":{"line":38,"column":33}},"11":{"start":{"line":39,"column":15},"end":{"line":39,"column":44}},"12":{"start":{"line":40,"column":2},"end":{"line":40,"column":63}},"13":{"start":{"line":40,"column":50},"end":{"line":40,"column":63}},"14":{"start":{"line":42,"column":13},"end":{"line":42,"column":55}},"15":{"start":{"line":43,"column":2},"end":{"line":43,"column":53}},"16":{"start":{"line":43,"column":40},"end":{"line":43,"column":53}},"17":{"start":{"line":44,"column":2},"end":{"line":44,"column":14}},"18":{"start":{"line":53,"column":2},"end":{"line":53,"column":67}},"19":{"start":{"line":53,"column":47},"end":{"line":53,"column":67}},"20":{"start":{"line":54,"column":2},"end":{"line":54,"column":61}},"21":{"start":{"line":54,"column":42},"end":{"line":54,"column":61}},"22":{"start":{"line":55,"column":2},"end":{"line":55,"column":58}},"23":{"start":{"line":55,"column":39},"end":{"line":55,"column":58}},"24":{"start":{"line":56,"column":2},"end":{"line":56,"column":14}},"25":{"start":{"line":61,"column":16},"end":{"line":61,"column":36}},"26":{"start":{"line":64,"column":4},"end":{"line":66,"column":5}},"27":{"start":{"line":65,"column":6},"end":{"line":65,"column":113}},"28":{"start":{"line":69,"column":14},"end":{"line":69,"column":15}},"29":{"start":{"line":70,"column":4},"end":{"line":70,"column":89}},"30":{"start":{"line":70,"column":10},"end":{"line":70,"column":78}},"31":{"start":{"line":75,"column":18},"end":{"line":75,"column":32}},"32":{"start":{"line":76,"column":20},"end":{"line":76,"column":43}},"33":{"start":{"line":77,"column":4},"end":{"line":77,"column":43}},"34":{"start":{"line":78,"column":20},"end":{"line":78,"column":38}},"35":{"start":{"line":79,"column":22},"end":{"line":79,"column":48}},"36":{"start":{"line":80,"column":4},"end":{"line":82,"column":5}},"37":{"start":{"line":81,"column":6},"end":{"line":81,"column":134}},"38":{"start":{"line":85,"column":21},"end":{"line":89,"column":6}},"39":{"start":{"line":90,"column":19},"end":{"line":90,"column":35}},"40":{"start":{"line":93,"column":4},"end":{"line":101,"column":5}},"41":{"start":{"line":94,"column":22},"end":{"line":94,"column":51}},"42":{"start":{"line":95,"column":6},"end":{"line":95,"column":113}},"43":{"start":{"line":96,"column":6},"end":{"line":96,"column":43}},"44":{"start":{"line":97,"column":19},"end":{"line":97,"column":47}},"45":{"start":{"line":99,"column":6},"end":{"line":99,"column":131}},"46":{"start":{"line":100,"column":6},"end":{"line":100,"column":103}},"47":{"start":{"line":103,"column":4},"end":{"line":103,"column":20}}},"fnMap":{"0":{"name":"shouldCache","decl":{"start":{"line":34,"column":15},"end":{"line":34,"column":26}},"loc":{"start":{"line":34,"column":46},"end":{"line":45,"column":1}},"line":34},"1":{"name":"cachePolicy","decl":{"start":{"line":52,"column":9},"end":{"line":52,"column":20}},"loc":{"start":{"line":52,"column":26},"end":{"line":57,"column":1}},"line":52},"2":{"name":"(anonymous_2)","decl":{"start":{"line":60,"column":2},"end":{"line":60,"column":3}},"loc":{"start":{"line":60,"column":33},"end":{"line":104,"column":3}},"line":60}},"branchMap":{"0":{"loc":{"start":{"line":36,"column":2},"end":{"line":36,"column":45}},"type":"if","locations":[{"start":{"line":36,"column":2},"end":{"line":36,"column":45}},{"start":{},"end":{}}],"line":36},"1":{"loc":{"start":{"line":37,"column":2},"end":{"line":37,"column":53}},"type":"if","locations":[{"start":{"line":37,"column":2},"end":{"line":37,"column":53}},{"start":{},"end":{}}],"line":37},"2":{"loc":{"start":{"line":38,"column":2},"end":{"line":38,"column":33}},"type":"if","locations":[{"start":{"line":38,"column":2},"end":{"line":38,"column":33}},{"start":{},"end":{}}],"line":38},"3":{"loc":{"start":{"line":40,"column":2},"end":{"line":40,"column":63}},"type":"if","locations":[{"start":{"line":40,"column":2},"end":{"line":40,"column":63}},{"start":{},"end":{}}],"line":40},"4":{"loc":{"start":{"line":40,"column":6},"end":{"line":40,"column":48}},"type":"binary-expr","locations":[{"start":{"line":40,"column":6},"end":{"line":40,"column":11}},{"start":{"line":40,"column":15},"end":{"line":40,"column":28}},{"start":{"line":40,"column":32},"end":{"line":40,"column":48}}],"line":40},"5":{"loc":{"start":{"line":42,"column":13},"end":{"line":42,"column":55}},"type":"binary-expr","locations":[{"start":{"line":42,"column":13},"end":{"line":42,"column":49}},{"start":{"line":42,"column":53},"end":{"line":42,"column":55}}],"line":42},"6":{"loc":{"start":{"line":43,"column":2},"end":{"line":43,"column":53}},"type":"if","locations":[{"start":{"line":43,"column":2},"end":{"line":43,"column":53}},{"start":{},"end":{}}],"line":43},"7":{"loc":{"start":{"line":53,"column":2},"end":{"line":53,"column":67}},"type":"if","locations":[{"start":{"line":53,"column":2},"end":{"line":53,"column":67}},{"start":{},"end":{}}],"line":53},"8":{"loc":{"start":{"line":54,"column":2},"end":{"line":54,"column":61}},"type":"if","locations":[{"start":{"line":54,"column":2},"end":{"line":54,"column":61}},{"start":{},"end":{}}],"line":54},"9":{"loc":{"start":{"line":55,"column":2},"end":{"line":55,"column":58}},"type":"if","locations":[{"start":{"line":55,"column":2},"end":{"line":55,"column":58}},{"start":{},"end":{}}],"line":55},"10":{"loc":{"start":{"line":64,"column":4},"end":{"line":66,"column":5}},"type":"if","locations":[{"start":{"line":64,"column":4},"end":{"line":66,"column":5}},{"start":{},"end":{}}],"line":64},"11":{"loc":{"start":{"line":70,"column":25},"end":{"line":70,"column":72}},"type":"binary-expr","locations":[{"start":{"line":70,"column":25},"end":{"line":70,"column":65}},{"start":{"line":70,"column":69},"end":{"line":70,"column":72}}],"line":70},"12":{"loc":{"start":{"line":80,"column":4},"end":{"line":82,"column":5}},"type":"if","locations":[{"start":{"line":80,"column":4},"end":{"line":82,"column":5}},{"start":{},"end":{}}],"line":80},"13":{"loc":{"start":{"line":87,"column":61},"end":{"line":87,"column":100}},"type":"binary-expr","locations":[{"start":{"line":87,"column":61},"end":{"line":87,"column":94}},{"start":{"line":87,"column":98},"end":{"line":87,"column":100}}],"line":87},"14":{"loc":{"start":{"line":93,"column":4},"end":{"line":101,"column":5}},"type":"if","locations":[{"start":{"line":93,"column":4},"end":{"line":101,"column":5}},{"start":{},"end":{}}],"line":93},"15":{"loc":{"start":{"line":93,"column":8},"end":{"line":93,"column":54}},"type":"binary-expr","locations":[{"start":{"line":93,"column":8},"end":{"line":93,"column":14}},{"start":{"line":93,"column":18},"end":{"line":93,"column":54}}],"line":93}},"s":{"0":0,"1":0,"2":0,"3":0,"4":0,"5":0,"6":0,"7":0,"8":0,"9":0,"10":0,"11":0,"12":0,"13":0,"14":0,"15":0,"16":0,"17":0,"18":0,"19":0,"20":0,"21":0,"22":0,"23":0,"24":0,"25":0,"26":0,"27":0,"28":0,"29":0,"30":0,"31":0,"32":0,"33":0,"34":0,"35":0,"36":0,"37":0,"38":0,"39":0,"40":0,"41":0,"42":0,"43":0,"44":0,"45":0,"46":0,"47":0},"f":{"0":0,"1":0,"2":0},"b":{"0":[0,0],"1":[0,0],"2":[0,0],"3":[0,0],"4":[0,0,0],"5":[0,0],"6":[0,0],"7":[0,0],"8":[0,0],"9":[0,0],"10":[0,0],"11":[0,0],"12":[0,0],"13":[0,0],"14":[0,0],"15":[0,0]}}
,"/home/jailuser/git/aiCurator.js": {"path":"/home/jailuser/git/aiCurator.js","statementMap":{"0":{"start":{"line":1,"column":14},"end":{"line":1,"column":30}},"1":{"start":{"line":2,"column":41},"end":{"line":2,"column":56}},"2":{"start":{"line":3,"column":46},"end":{"line":3,"column":69}},"3":{"start":{"line":11,"column":4},"end":{"line":11,"column":24}},"4":{"start":{"line":11,"column":14},"end":{"line":11,"column":24}},"5":{"start":{"line":12,"column":4},"end":{"line":15,"column":27}},"6":{"start":{"line":19,"column":22},"end":{"line":19,"column":31}},"7":{"start":{"line":29,"column":4},"end":{"line":29,"column":27}},"8":{"start":{"line":29,"column":17},"end":{"line":29,"column":27}},"9":{"start":{"line":32,"column":19},"end":{"line":39,"column":37}},"10":{"start":{"line":41,"column":4},"end":{"line":92,"column":5}},"11":{"start":{"line":42,"column":8},"end":{"line":42,"column":121}},"12":{"start":{"line":43,"column":20},"end":{"line":52,"column":10}},"13":{"start":{"line":58,"column":27},"end":{"line":58,"column":67}},"14":{"start":{"line":59,"column":8},"end":{"line":62,"column":9}},"15":{"start":{"line":60,"column":12},"end":{"line":60,"column":114}},"16":{"start":{"line":61,"column":12},"end":{"line":61,"column":22}},"17":{"start":{"line":63,"column":22},"end":{"line":63,"column":39}},"18":{"start":{"line":64,"column":8},"end":{"line":64,"column":70}},"19":{"start":{"line":66,"column":26},"end":{"line":66,"column":46}},"20":{"start":{"line":67,"column":24},"end":{"line":67,"column":48}},"21":{"start":{"line":68,"column":8},"end":{"line":73,"column":9}},"22":{"start":{"line":69,"column":12},"end":{"line":69,"column":64}},"23":{"start":{"line":71,"column":12},"end":{"line":71,"column":134}},"24":{"start":{"line":72,"column":12},"end":{"line":72,"column":22}},"25":{"start":{"line":75,"column":8},"end":{"line":83,"column":9}},"26":{"start":{"line":76,"column":27},"end":{"line":76,"column":46}},"27":{"start":{"line":79,"column":12},"end":{"line":79,"column":98}},"28":{"start":{"line":81,"column":12},"end":{"line":81,"column":111}},"29":{"start":{"line":82,"column":12},"end":{"line":82,"column":22}},"30":{"start":{"line":85,"column":23},"end":{"line":85,"column":60}},"31":{"start":{"line":86,"column":8},"end":{"line":89,"column":9}},"32":{"start":{"line":87,"column":12},"end":{"line":87,"column":115}},"33":{"start":{"line":88,"column":12},"end":{"line":88,"column":43}},"34":{"start":{"line":90,"column":8},"end":{"line":90,"column":96}},"35":{"start":{"line":91,"column":8},"end":{"line":91,"column":18}},"36":{"start":{"line":104,"column":21},"end":{"line":104,"column":26}},"37":{"start":{"line":107,"column":4},"end":{"line":107,"column":79}},"38":{"start":{"line":107,"column":72},"end":{"line":107,"column":79}},"39":{"start":{"line":108,"column":4},"end":{"line":111,"column":5}},"40":{"start":{"line":109,"column":8},"end":{"line":109,"column":103}},"41":{"start":{"line":110,"column":8},"end":{"line":110,"column":15}},"42":{"start":{"line":112,"column":4},"end":{"line":112,"column":26}},"43":{"start":{"line":114,"column":4},"end":{"line":118,"column":5}},"44":{"start":{"line":115,"column":8},"end":{"line":115,"column":73}},"45":{"start":{"line":117,"column":8},"end":{"line":117,"column":31}},"46":{"start":{"line":122,"column":4},"end":{"line":122,"column":79}},"47":{"start":{"line":122,"column":72},"end":{"line":122,"column":79}},"48":{"start":{"line":124,"column":4},"end":{"line":124,"column":125}},"49":{"start":{"line":127,"column":27},"end":{"line":127,"column":36}},"50":{"start":{"line":128,"column":21},"end":{"line":128,"column":30}},"51":{"start":{"line":130,"column":4},"end":{"line":139,"column":7}},"52":{"start":{"line":132,"column":8},"end":{"line":134,"column":9}},"53":{"start":{"line":133,"column":12},"end":{"line":133,"column":60}},"54":{"start":{"line":135,"column":8},"end":{"line":135,"column":61}},"55":{"start":{"line":138,"column":8},"end":{"line":138,"column":62}},"56":{"start":{"line":141,"column":30},"end":{"line":141,"column":32}},"57":{"start":{"line":142,"column":25},"end":{"line":142,"column":154}},"58":{"start":{"line":142,"column":68},"end":{"line":142,"column":152}},"59":{"start":{"line":148,"column":20},"end":{"line":164,"column":48}},"60":{"start":{"line":150,"column":26},"end":{"line":150,"column":63}},"61":{"start":{"line":151,"column":37},"end":{"line":151,"column":98}},"62":{"start":{"line":152,"column":40},"end":{"line":152,"column":93}},"63":{"start":{"line":153,"column":33},"end":{"line":153,"column":64}},"64":{"start":{"line":154,"column":29},"end":{"line":154,"column":65}},"65":{"start":{"line":155,"column":36},"end":{"line":155,"column":73}},"66":{"start":{"line":156,"column":27},"end":{"line":156,"column":28}},"67":{"start":{"line":157,"column":12},"end":{"line":157,"column":44}},"68":{"start":{"line":157,"column":30},"end":{"line":157,"column":44}},"69":{"start":{"line":158,"column":12},"end":{"line":158,"column":51}},"70":{"start":{"line":158,"column":37},"end":{"line":158,"column":51}},"71":{"start":{"line":159,"column":12},"end":{"line":159,"column":37}},"72":{"start":{"line":159,"column":23},"end":{"line":159,"column":37}},"73":{"start":{"line":160,"column":12},"end":{"line":160,"column":47}},"74":{"start":{"line":160,"column":33},"end":{"line":160,"column":47}},"75":{"start":{"line":161,"column":12},"end":{"line":161,"column":48}},"76":{"start":{"line":161,"column":34},"end":{"line":161,"column":48}},"77":{"start":{"line":162,"column":12},"end":{"line":162,"column":36}},"78":{"start":{"line":164,"column":24},"end":{"line":164,"column":47}},"79":{"start":{"line":165,"column":16},"end":{"line":165,"column":20}},"80":{"start":{"line":166,"column":17},"end":{"line":166,"column":38}},"81":{"start":{"line":168,"column":4},"end":{"line":199,"column":5}},"82":{"start":{"line":168,"column":19},"end":{"line":168,"column":20}},"83":{"start":{"line":169,"column":33},"end":{"line":169,"column":42}},"84":{"start":{"line":172,"column":8},"end":{"line":174,"column":9}},"85":{"start":{"line":173,"column":12},"end":{"line":173,"column":53}},"86":{"start":{"line":173,"column":35},"end":{"line":173,"column":51}},"87":{"start":{"line":176,"column":22},"end":{"line":176,"column":59}},"88":{"start":{"line":177,"column":33},"end":{"line":177,"column":94}},"89":{"start":{"line":178,"column":36},"end":{"line":178,"column":89}},"90":{"start":{"line":179,"column":29},"end":{"line":179,"column":60}},"91":{"start":{"line":182,"column":25},"end":{"line":182,"column":61}},"92":{"start":{"line":183,"column":32},"end":{"line":183,"column":69}},"93":{"start":{"line":184,"column":33},"end":{"line":184,"column":63}},"94":{"start":{"line":187,"column":32},"end":{"line":187,"column":147}},"95":{"start":{"line":189,"column":8},"end":{"line":192,"column":9}},"96":{"start":{"line":191,"column":12},"end":{"line":191,"column":21}},"97":{"start":{"line":194,"column":8},"end":{"line":194,"column":39}},"98":{"start":{"line":194,"column":30},"end":{"line":194,"column":39}},"99":{"start":{"line":196,"column":8},"end":{"line":198,"column":9}},"100":{"start":{"line":197,"column":12},"end":{"line":197,"column":119}},"101":{"start":{"line":201,"column":21},"end":{"line":201,"column":75}},"102":{"start":{"line":201,"column":56},"end":{"line":201,"column":73}},"103":{"start":{"line":202,"column":19},"end":{"line":202,"column":71}},"104":{"start":{"line":202,"column":54},"end":{"line":202,"column":69}},"105":{"start":{"line":203,"column":24},"end":{"line":203,"column":33}},"106":{"start":{"line":204,"column":4},"end":{"line":209,"column":5}},"107":{"start":{"line":205,"column":33},"end":{"line":205,"column":59}},"108":{"start":{"line":206,"column":8},"end":{"line":208,"column":9}},"109":{"start":{"line":207,"column":12},"end":{"line":207,"column":54}},"110":{"start":{"line":210,"column":28},"end":{"line":210,"column":160}},"111":{"start":{"line":210,"column":70},"end":{"line":210,"column":81}},"112":{"start":{"line":210,"column":97},"end":{"line":210,"column":158}},"113":{"start":{"line":211,"column":4},"end":{"line":214,"column":5}},"114":{"start":{"line":212,"column":8},"end":{"line":212,"column":137}},"115":{"start":{"line":213,"column":8},"end":{"line":213,"column":15}},"116":{"start":{"line":216,"column":4},"end":{"line":216,"column":132}},"117":{"start":{"line":218,"column":4},"end":{"line":269,"column":5}},"118":{"start":{"line":218,"column":17},"end":{"line":218,"column":18}},"119":{"start":{"line":219,"column":22},"end":{"line":219,"column":55}},"120":{"start":{"line":220,"column":26},"end":{"line":220,"column":75}},"121":{"start":{"line":221,"column":12},"end":{"line":224,"column":13}},"122":{"start":{"line":222,"column":16},"end":{"line":222,"column":175}},"123":{"start":{"line":223,"column":16},"end":{"line":223,"column":22}},"124":{"start":{"line":226,"column":30},"end":{"line":226,"column":72}},"125":{"start":{"line":226,"column":53},"end":{"line":226,"column":70}},"126":{"start":{"line":227,"column":8},"end":{"line":263,"column":9}},"127":{"start":{"line":228,"column":12},"end":{"line":262,"column":13}},"128":{"start":{"line":229,"column":30},"end":{"line":229,"column":64}},"129":{"start":{"line":230,"column":38},"end":{"line":230,"column":73}},"130":{"start":{"line":233,"column":36},"end":{"line":233,"column":57}},"131":{"start":{"line":234,"column":39},"end":{"line":234,"column":71}},"132":{"start":{"line":235,"column":40},"end":{"line":235,"column":79}},"133":{"start":{"line":239,"column":37},"end":{"line":239,"column":116}},"134":{"start":{"line":242,"column":16},"end":{"line":258,"column":17}},"135":{"start":{"line":247,"column":20},"end":{"line":247,"column":83}},"136":{"start":{"line":248,"column":20},"end":{"line":248,"column":237}},"137":{"start":{"line":254,"column":39},"end":{"line":255,"column":95}},"138":{"start":{"line":255,"column":34},"end":{"line":255,"column":72}},"139":{"start":{"line":256,"column":35},"end":{"line":256,"column":83}},"140":{"start":{"line":257,"column":20},"end":{"line":257,"column":79}},"141":{"start":{"line":260,"column":16},"end":{"line":260,"column":48}},"142":{"start":{"line":261,"column":16},"end":{"line":261,"column":54}},"143":{"start":{"line":266,"column":8},"end":{"line":268,"column":9}},"144":{"start":{"line":267,"column":12},"end":{"line":267,"column":68}},"145":{"start":{"line":267,"column":41},"end":{"line":267,"column":66}},"146":{"start":{"line":270,"column":4},"end":{"line":270,"column":106}},"147":{"start":{"line":273,"column":0},"end":{"line":273,"column":49}}},"fnMap":{"0":{"name":"sanitizeForLog","decl":{"start":{"line":10,"column":9},"end":{"line":10,"column":23}},"loc":{"start":{"line":10,"column":29},"end":{"line":16,"column":1}},"line":10},"1":{"name":"processAiBatch","decl":{"start":{"line":28,"column":15},"end":{"line":28,"column":29}},"loc":{"start":{"line":28,"column":57},"end":{"line":93,"column":1}},"line":28},"2":{"name":"startAiQueue","decl":{"start":{"line":106,"column":15},"end":{"line":106,"column":27}},"loc":{"start":{"line":106,"column":76},"end":{"line":119,"column":1}},"line":106},"3":{"name":"runAiQueue","decl":{"start":{"line":121,"column":15},"end":{"line":121,"column":25}},"loc":{"start":{"line":121,"column":74},"end":{"line":271,"column":1}},"line":121},"4":{"name":"(anonymous_4)","decl":{"start":{"line":130,"column":26},"end":{"line":130,"column":27}},"loc":{"start":{"line":130,"column":32},"end":{"line":139,"column":5}},"line":130},"5":{"name":"(anonymous_5)","decl":{"start":{"line":142,"column":63},"end":{"line":142,"column":64}},"loc":{"start":{"line":142,"column":68},"end":{"line":142,"column":152}},"line":142},"6":{"name":"(anonymous_6)","decl":{"start":{"line":149,"column":13},"end":{"line":149,"column":14}},"loc":{"start":{"line":149,"column":19},"end":{"line":163,"column":9}},"line":149},"7":{"name":"(anonymous_7)","decl":{"start":{"line":164,"column":14},"end":{"line":164,"column":15}},"loc":{"start":{"line":164,"column":24},"end":{"line":164,"column":47}},"line":164},"8":{"name":"(anonymous_8)","decl":{"start":{"line":173,"column":30},"end":{"line":173,"column":31}},"loc":{"start":{"line":173,"column":35},"end":{"line":173,"column":51}},"line":173},"9":{"name":"(anonymous_9)","decl":{"start":{"line":201,"column":51},"end":{"line":201,"column":52}},"loc":{"start":{"line":201,"column":56},"end":{"line":201,"column":73}},"line":201},"10":{"name":"(anonymous_10)","decl":{"start":{"line":202,"column":49},"end":{"line":202,"column":50}},"loc":{"start":{"line":202,"column":54},"end":{"line":202,"column":69}},"line":202},"11":{"name":"(anonymous_11)","decl":{"start":{"line":210,"column":60},"end":{"line":210,"column":61}},"loc":{"start":{"line":210,"column":70},"end":{"line":210,"column":81}},"line":210},"12":{"name":"(anonymous_12)","decl":{"start":{"line":210,"column":87},"end":{"line":210,"column":88}},"loc":{"start":{"line":210,"column":97},"end":{"line":210,"column":158}},"line":210},"13":{"name":"(anonymous_13)","decl":{"start":{"line":226,"column":48},"end":{"line":226,"column":49}},"loc":{"start":{"line":226,"column":53},"end":{"line":226,"column":70}},"line":226},"14":{"name":"(anonymous_14)","decl":{"start":{"line":255,"column":29},"end":{"line":255,"column":30}},"loc":{"start":{"line":255,"column":34},"end":{"line":255,"column":72}},"line":255},"15":{"name":"(anonymous_15)","decl":{"start":{"line":267,"column":30},"end":{"line":267,"column":31}},"loc":{"start":{"line":267,"column":41},"end":{"line":267,"column":66}},"line":267}},"branchMap":{"0":{"loc":{"start":{"line":11,"column":4},"end":{"line":11,"column":24}},"type":"if","locations":[{"start":{"line":11,"column":4},"end":{"line":11,"column":24}},{"start":{},"end":{}}],"line":11},"1":{"loc":{"start":{"line":29,"column":4},"end":{"line":29,"column":27}},"type":"if","locations":[{"start":{"line":29,"column":4},"end":{"line":29,"column":27}},{"start":{},"end":{}}],"line":29},"2":{"loc":{"start":{"line":44,"column":19},"end":{"line":44,"column":45}},"type":"binary-expr","locations":[{"start":{"line":44,"column":19},"end":{"line":44,"column":24}},{"start":{"line":44,"column":28},"end":{"line":44,"column":45}}],"line":44},"3":{"loc":{"start":{"line":59,"column":8},"end":{"line":62,"column":9}},"type":"if","locations":[{"start":{"line":59,"column":8},"end":{"line":62,"column":9}},{"start":{},"end":{}}],"line":59},"4":{"loc":{"start":{"line":59,"column":12},"end":{"line":59,"column":64}},"type":"binary-expr","locations":[{"start":{"line":59,"column":12},"end":{"line":59,"column":42}},{"start":{"line":59,"column":46},"end":{"line":59,"column":64}}],"line":59},"5":{"loc":{"start":{"line":68,"column":8},"end":{"line":73,"column":9}},"type":"if","locations":[{"start":{"line":68,"column":8},"end":{"line":73,"column":9}},{"start":{"line":70,"column":15},"end":{"line":73,"column":9}}],"line":68},"6":{"loc":{"start":{"line":68,"column":12},"end":{"line":68,"column":69}},"type":"binary-expr","locations":[{"start":{"line":68,"column":12},"end":{"line":68,"column":28}},{"start":{"line":68,"column":32},"end":{"line":68,"column":46}},{"start":{"line":68,"column":50},"end":{"line":68,"column":69}}],"line":68},"7":{"loc":{"start":{"line":79,"column":19},"end":{"line":79,"column":97}},"type":"cond-expr","locations":[{"start":{"line":79,"column":86},"end":{"line":79,"column":92}},{"start":{"line":79,"column":95},"end":{"line":79,"column":97}}],"line":79},"8":{"loc":{"start":{"line":79,"column":20},"end":{"line":79,"column":82}},"type":"binary-expr","locations":[{"start":{"line":79,"column":20},"end":{"line":79,"column":26}},{"start":{"line":79,"column":30},"end":{"line":79,"column":56}},{"start":{"line":79,"column":60},"end":{"line":79,"column":82}}],"line":79},"9":{"loc":{"start":{"line":85,"column":23},"end":{"line":85,"column":60}},"type":"cond-expr","locations":[{"start":{"line":85,"column":36},"end":{"line":85,"column":53}},{"start":{"line":85,"column":56},"end":{"line":85,"column":60}}],"line":85},"10":{"loc":{"start":{"line":86,"column":8},"end":{"line":89,"column":9}},"type":"if","locations":[{"start":{"line":86,"column":8},"end":{"line":89,"column":9}},{"start":{},"end":{}}],"line":86},"11":{"loc":{"start":{"line":86,"column":12},"end":{"line":86,"column":44}},"type":"binary-expr","locations":[{"start":{"line":86,"column":12},"end":{"line":86,"column":26}},{"start":{"line":86,"column":30},"end":{"line":86,"column":44}}],"line":86},"12":{"loc":{"start":{"line":107,"column":4},"end":{"line":107,"column":79}},"type":"if","locations":[{"start":{"line":107,"column":4},"end":{"line":107,"column":79}},{"start":{},"end":{}}],"line":107},"13":{"loc":{"start":{"line":107,"column":8},"end":{"line":107,"column":70}},"type":"binary-expr","locations":[{"start":{"line":107,"column":8},"end":{"line":107,"column":22}},{"start":{"line":107,"column":26},"end":{"line":107,"column":40}},{"start":{"line":107,"column":44},"end":{"line":107,"column":70}}],"line":107},"14":{"loc":{"start":{"line":108,"column":4},"end":{"line":111,"column":5}},"type":"if","locations":[{"start":{"line":108,"column":4},"end":{"line":111,"column":5}},{"start":{},"end":{}}],"line":108},"15":{"loc":{"start":{"line":122,"column":4},"end":{"line":122,"column":79}},"type":"if","locations":[{"start":{"line":122,"column":4},"end":{"line":122,"column":79}},{"start":{},"end":{}}],"line":122},"16":{"loc":{"start":{"line":122,"column":8},"end":{"line":122,"column":70}},"type":"binary-expr","locations":[{"start":{"line":122,"column":8},"end":{"line":122,"column":22}},{"start":{"line":122,"column":26},"end":{"line":122,"column":40}},{"start":{"line":122,"column":44},"end":{"line":122,"column":70}}],"line":122},"17":{"loc":{"start":{"line":132,"column":8},"end":{"line":134,"column":9}},"type":"if","locations":[{"start":{"line":132,"column":8},"end":{"line":134,"column":9}},{"start":{},"end":{}}],"line":132},"18":{"loc":{"start":{"line":138,"column":30},"end":{"line":138,"column":55}},"type":"binary-expr","locations":[{"start":{"line":138,"column":30},"end":{"line":138,"column":50}},{"start":{"line":138,"column":54},"end":{"line":138,"column":55}}],"line":138},"19":{"loc":{"start":{"line":151,"column":37},"end":{"line":151,"column":98}},"type":"binary-expr","locations":[{"start":{"line":151,"column":37},"end":{"line":151,"column":67}},{"start":{"line":151,"column":71},"end":{"line":151,"column":98}}],"line":151},"20":{"loc":{"start":{"line":152,"column":41},"end":{"line":152,"column":88}},"type":"binary-expr","locations":[{"start":{"line":152,"column":41},"end":{"line":152,"column":83}},{"start":{"line":152,"column":87},"end":{"line":152,"column":88}}],"line":152},"21":{"loc":{"start":{"line":153,"column":34},"end":{"line":153,"column":59}},"type":"binary-expr","locations":[{"start":{"line":153,"column":34},"end":{"line":153,"column":54}},{"start":{"line":153,"column":58},"end":{"line":153,"column":59}}],"line":153},"22":{"loc":{"start":{"line":154,"column":29},"end":{"line":154,"column":65}},"type":"binary-expr","locations":[{"start":{"line":154,"column":29},"end":{"line":154,"column":57}},{"start":{"line":154,"column":61},"end":{"line":154,"column":65}}],"line":154},"23":{"loc":{"start":{"line":155,"column":36},"end":{"line":155,"column":73}},"type":"binary-expr","locations":[{"start":{"line":155,"column":36},"end":{"line":155,"column":44}},{"start":{"line":155,"column":48},"end":{"line":155,"column":73}}],"line":155},"24":{"loc":{"start":{"line":157,"column":12},"end":{"line":157,"column":44}},"type":"if","locations":[{"start":{"line":157,"column":12},"end":{"line":157,"column":44}},{"start":{},"end":{}}],"line":157},"25":{"loc":{"start":{"line":158,"column":12},"end":{"line":158,"column":51}},"type":"if","locations":[{"start":{"line":158,"column":12},"end":{"line":158,"column":51}},{"start":{},"end":{}}],"line":158},"26":{"loc":{"start":{"line":159,"column":12},"end":{"line":159,"column":37}},"type":"if","locations":[{"start":{"line":159,"column":12},"end":{"line":159,"column":37}},{"start":{},"end":{}}],"line":159},"27":{"loc":{"start":{"line":160,"column":12},"end":{"line":160,"column":47}},"type":"if","locations":[{"start":{"line":160,"column":12},"end":{"line":160,"column":47}},{"start":{},"end":{}}],"line":160},"28":{"loc":{"start":{"line":161,"column":12},"end":{"line":161,"column":48}},"type":"if","locations":[{"start":{"line":161,"column":12},"end":{"line":161,"column":48}},{"start":{},"end":{}}],"line":161},"29":{"loc":{"start":{"line":172,"column":8},"end":{"line":174,"column":9}},"type":"if","locations":[{"start":{"line":172,"column":8},"end":{"line":174,"column":9}},{"start":{},"end":{}}],"line":172},"30":{"loc":{"start":{"line":177,"column":33},"end":{"line":177,"column":94}},"type":"binary-expr","locations":[{"start":{"line":177,"column":33},"end":{"line":177,"column":63}},{"start":{"line":177,"column":67},"end":{"line":177,"column":94}}],"line":177},"31":{"loc":{"start":{"line":178,"column":37},"end":{"line":178,"column":84}},"type":"binary-expr","locations":[{"start":{"line":178,"column":37},"end":{"line":178,"column":79}},{"start":{"line":178,"column":83},"end":{"line":178,"column":84}}],"line":178},"32":{"loc":{"start":{"line":179,"column":30},"end":{"line":179,"column":55}},"type":"binary-expr","locations":[{"start":{"line":179,"column":30},"end":{"line":179,"column":50}},{"start":{"line":179,"column":54},"end":{"line":179,"column":55}}],"line":179},"33":{"loc":{"start":{"line":182,"column":25},"end":{"line":182,"column":61}},"type":"binary-expr","locations":[{"start":{"line":182,"column":25},"end":{"line":182,"column":53}},{"start":{"line":182,"column":57},"end":{"line":182,"column":61}}],"line":182},"34":{"loc":{"start":{"line":183,"column":32},"end":{"line":183,"column":69}},"type":"binary-expr","locations":[{"start":{"line":183,"column":32},"end":{"line":183,"column":40}},{"start":{"line":183,"column":44},"end":{"line":183,"column":69}}],"line":183},"35":{"loc":{"start":{"line":184,"column":33},"end":{"line":184,"column":63}},"type":"binary-expr","locations":[{"start":{"line":184,"column":33},"end":{"line":184,"column":43}},{"start":{"line":184,"column":47},"end":{"line":184,"column":63}}],"line":184},"36":{"loc":{"start":{"line":187,"column":35},"end":{"line":187,"column":146}},"type":"binary-expr","locations":[{"start":{"line":187,"column":35},"end":{"line":187,"column":86}},{"start":{"line":187,"column":90},"end":{"line":187,"column":146}}],"line":187},"37":{"loc":{"start":{"line":189,"column":8},"end":{"line":192,"column":9}},"type":"if","locations":[{"start":{"line":189,"column":8},"end":{"line":192,"column":9}},{"start":{},"end":{}}],"line":189},"38":{"loc":{"start":{"line":194,"column":8},"end":{"line":194,"column":39}},"type":"if","locations":[{"start":{"line":194,"column":8},"end":{"line":194,"column":39}},{"start":{},"end":{}}],"line":194},"39":{"loc":{"start":{"line":196,"column":8},"end":{"line":198,"column":9}},"type":"if","locations":[{"start":{"line":196,"column":8},"end":{"line":198,"column":9}},{"start":{},"end":{}}],"line":196},"40":{"loc":{"start":{"line":196,"column":12},"end":{"line":196,"column":108}},"type":"binary-expr","locations":[{"start":{"line":196,"column":12},"end":{"line":196,"column":17}},{"start":{"line":196,"column":21},"end":{"line":196,"column":37}},{"start":{"line":196,"column":41},"end":{"line":196,"column":60}},{"start":{"line":196,"column":64},"end":{"line":196,"column":76}},{"start":{"line":196,"column":80},"end":{"line":196,"column":95}},{"start":{"line":196,"column":99},"end":{"line":196,"column":108}}],"line":196},"41":{"loc":{"start":{"line":197,"column":62},"end":{"line":197,"column":92}},"type":"binary-expr","locations":[{"start":{"line":197,"column":62},"end":{"line":197,"column":80}},{"start":{"line":197,"column":84},"end":{"line":197,"column":92}}],"line":197},"42":{"loc":{"start":{"line":206,"column":8},"end":{"line":208,"column":9}},"type":"if","locations":[{"start":{"line":206,"column":8},"end":{"line":208,"column":9}},{"start":{},"end":{}}],"line":206},"43":{"loc":{"start":{"line":206,"column":12},"end":{"line":206,"column":78}},"type":"binary-expr","locations":[{"start":{"line":206,"column":12},"end":{"line":206,"column":42}},{"start":{"line":206,"column":46},"end":{"line":206,"column":78}}],"line":206},"44":{"loc":{"start":{"line":210,"column":122},"end":{"line":210,"column":156}},"type":"binary-expr","locations":[{"start":{"line":210,"column":122},"end":{"line":210,"column":144}},{"start":{"line":210,"column":148},"end":{"line":210,"column":156}}],"line":210},"45":{"loc":{"start":{"line":211,"column":4},"end":{"line":214,"column":5}},"type":"if","locations":[{"start":{"line":211,"column":4},"end":{"line":214,"column":5}},{"start":{},"end":{}}],"line":211},"46":{"loc":{"start":{"line":221,"column":12},"end":{"line":224,"column":13}},"type":"if","locations":[{"start":{"line":221,"column":12},"end":{"line":224,"column":13}},{"start":{},"end":{}}],"line":221},"47":{"loc":{"start":{"line":228,"column":12},"end":{"line":262,"column":13}},"type":"if","locations":[{"start":{"line":228,"column":12},"end":{"line":262,"column":13}},{"start":{},"end":{}}],"line":228},"48":{"loc":{"start":{"line":228,"column":16},"end":{"line":228,"column":82}},"type":"binary-expr","locations":[{"start":{"line":228,"column":16},"end":{"line":228,"column":25}},{"start":{"line":228,"column":29},"end":{"line":228,"column":58}},{"start":{"line":228,"column":62},"end":{"line":228,"column":82}}],"line":228},"49":{"loc":{"start":{"line":229,"column":30},"end":{"line":229,"column":64}},"type":"binary-expr","locations":[{"start":{"line":229,"column":30},"end":{"line":229,"column":52}},{"start":{"line":229,"column":56},"end":{"line":229,"column":64}}],"line":229},"50":{"loc":{"start":{"line":233,"column":36},"end":{"line":233,"column":57}},"type":"binary-expr","locations":[{"start":{"line":233,"column":36},"end":{"line":233,"column":51}},{"start":{"line":233,"column":55},"end":{"line":233,"column":57}}],"line":233},"51":{"loc":{"start":{"line":235,"column":40},"end":{"line":235,"column":79}},"type":"cond-expr","locations":[{"start":{"line":235,"column":57},"end":{"line":235,"column":74}},{"start":{"line":235,"column":77},"end":{"line":235,"column":79}}],"line":235},"52":{"loc":{"start":{"line":239,"column":37},"end":{"line":239,"column":116}},"type":"binary-expr","locations":[{"start":{"line":239,"column":37},"end":{"line":239,"column":72}},{"start":{"line":239,"column":76},"end":{"line":239,"column":116}}],"line":239},"53":{"loc":{"start":{"line":242,"column":16},"end":{"line":258,"column":17}},"type":"if","locations":[{"start":{"line":242,"column":16},"end":{"line":258,"column":17}},{"start":{"line":249,"column":23},"end":{"line":258,"column":17}}],"line":242},"54":{"loc":{"start":{"line":254,"column":39},"end":{"line":255,"column":95}},"type":"binary-expr","locations":[{"start":{"line":254,"column":39},"end":{"line":255,"column":82}},{"start":{"line":255,"column":86},"end":{"line":255,"column":95}}],"line":254},"55":{"loc":{"start":{"line":256,"column":35},"end":{"line":256,"column":83}},"type":"cond-expr","locations":[{"start":{"line":256,"column":67},"end":{"line":256,"column":78}},{"start":{"line":256,"column":81},"end":{"line":256,"column":83}}],"line":256},"56":{"loc":{"start":{"line":256,"column":36},"end":{"line":256,"column":63}},"type":"binary-expr","locations":[{"start":{"line":256,"column":36},"end":{"line":256,"column":41}},{"start":{"line":256,"column":45},"end":{"line":256,"column":63}}],"line":256},"57":{"loc":{"start":{"line":266,"column":8},"end":{"line":268,"column":9}},"type":"if","locations":[{"start":{"line":266,"column":8},"end":{"line":268,"column":9}},{"start":{},"end":{}}],"line":266}},"s":{"0":2,"1":2,"2":2,"3":38,"4":2,"5":36,"6":2,"7":7,"8":0,"9":7,"10":7,"11":7,"12":7,"13":4,"14":4,"15":0,"16":0,"17":4,"18":4,"19":4,"20":4,"21":4,"22":4,"23":0,"24":0,"25":4,"26":4,"27":4,"28":0,"29":0,"30":3,"31":3,"32":2,"33":2,"34":1,"35":1,"36":2,"37":14,"38":4,"39":10,"40":1,"41":1,"42":9,"43":9,"44":9,"45":9,"46":9,"47":0,"48":9,"49":9,"50":9,"51":9,"52":9,"53":9,"54":9,"55":9,"56":9,"57":9,"58":0,"59":9,"60":9,"61":9,"62":9,"63":9,"64":9,"65":9,"66":9,"67":9,"68":0,"69":9,"70":0,"71":9,"72":2,"73":9,"74":0,"75":9,"76":5,"77":9,"78":0,"79":9,"80":9,"81":9,"82":9,"83":9,"84":9,"85":9,"86":9,"87":9,"88":9,"89":9,"90":9,"91":9,"92":9,"93":9,"94":9,"95":9,"96":2,"97":7,"98":0,"99":7,"100":7,"101":9,"102":7,"103":9,"104":7,"105":9,"106":9,"107":7,"108":7,"109":7,"110":9,"111":0,"112":7,"113":9,"114":2,"115":2,"116":7,"117":7,"118":7,"119":7,"120":7,"121":7,"122":2,"123":2,"124":5,"125":5,"126":5,"127":3,"128":3,"129":3,"130":3,"131":3,"132":3,"133":3,"134":3,"135":2,"136":2,"137":1,"138":1,"139":1,"140":1,"141":3,"142":3,"143":5,"144":0,"145":0,"146":7,"147":2},"f":{"0":38,"1":7,"2":14,"3":9,"4":9,"5":0,"6":9,"7":0,"8":9,"9":7,"10":7,"11":0,"12":7,"13":5,"14":1,"15":0},"b":{"0":[2,36],"1":[0,7],"2":[7,7],"3":[0,4],"4":[4,4],"5":[4,0],"6":[4,4,4],"7":[4,0],"8":[4,4,4],"9":[2,1],"10":[2,1],"11":[3,1],"12":[4,10],"13":[14,13,12],"14":[1,9],"15":[0,9],"16":[9,9,9],"17":[9,0],"18":[9,9],"19":[9,4],"20":[9,0],"21":[9,0],"22":[9,9],"23":[9,0],"24":[0,9],"25":[0,9],"26":[2,7],"27":[0,9],"28":[5,4],"29":[9,0],"30":[9,4],"31":[9,0],"32":[9,0],"33":[9,9],"34":[9,0],"35":[9,0],"36":[9,7],"37":[2,7],"38":[0,7],"39":[7,0],"40":[7,5,2,2,2,2],"41":[7,0],"42":[7,0],"43":[7,0],"44":[7,0],"45":[2,7],"46":[2,5],"47":[3,0],"48":[3,3,3],"49":[3,0],"50":[3,0],"51":[0,3],"52":[3,1],"53":[2,1],"54":[1,0],"55":[1,0],"56":[1,1],"57":[0,5]},"_coverageSchema":"1a1c01bbd47fc00a2c39e90264f33305004495a9","hash":"ace6b48f4f70ab589d964864b87ac4baf06f7a87"}
,"/home/jailuser/git/catchup.js": {"path":"/home/jailuser/git/catchup.js","statementMap":{"0":{"start":{"line":7,"column":43},"end":{"line":7,"column":58}},"1":{"start":{"line":16,"column":25},"end":{"line":16,"column":68}},"2":{"start":{"line":17,"column":4},"end":{"line":17,"column":35}},"3":{"start":{"line":17,"column":23},"end":{"line":17,"column":35}},"4":{"start":{"line":18,"column":26},"end":{"line":19,"column":61}},"5":{"start":{"line":20,"column":17},"end":{"line":20,"column":67}},"6":{"start":{"line":21,"column":4},"end":{"line":21,"column":69}},"7":{"start":{"line":30,"column":20},"end":{"line":30,"column":72}},"8":{"start":{"line":31,"column":4},"end":{"line":31,"column":30}},"9":{"start":{"line":31,"column":18},"end":{"line":31,"column":30}},"10":{"start":{"line":32,"column":17},"end":{"line":32,"column":57}},"11":{"start":{"line":33,"column":4},"end":{"line":33,"column":69}},"12":{"start":{"line":51,"column":23},"end":{"line":51,"column":49}},"13":{"start":{"line":52,"column":22},"end":{"line":52,"column":53}},"14":{"start":{"line":53,"column":21},"end":{"line":53,"column":51}},"15":{"start":{"line":54,"column":18},"end":{"line":54,"column":99}},"16":{"start":{"line":55,"column":4},"end":{"line":55,"column":28}},"17":{"start":{"line":55,"column":16},"end":{"line":55,"column":28}},"18":{"start":{"line":56,"column":45},"end":{"line":56,"column":50}},"19":{"start":{"line":58,"column":14},"end":{"line":58,"column":31}},"20":{"start":{"line":59,"column":16},"end":{"line":59,"column":49}},"21":{"start":{"line":59,"column":23},"end":{"line":59,"column":49}},"22":{"start":{"line":60,"column":18},"end":{"line":60,"column":142}},"23":{"start":{"line":63,"column":4},"end":{"line":63,"column":167}},"24":{"start":{"line":75,"column":20},"end":{"line":75,"column":62}},"25":{"start":{"line":76,"column":4},"end":{"line":76,"column":52}},"26":{"start":{"line":76,"column":42},"end":{"line":76,"column":52}},"27":{"start":{"line":79,"column":4},"end":{"line":79,"column":56}},"28":{"start":{"line":79,"column":27},"end":{"line":79,"column":54}},"29":{"start":{"line":81,"column":20},"end":{"line":81,"column":22}},"30":{"start":{"line":82,"column":4},"end":{"line":99,"column":5}},"31":{"start":{"line":83,"column":32},"end":{"line":83,"column":68}},"32":{"start":{"line":84,"column":8},"end":{"line":84,"column":43}},"33":{"start":{"line":84,"column":34},"end":{"line":84,"column":43}},"34":{"start":{"line":86,"column":20},"end":{"line":86,"column":75}},"35":{"start":{"line":87,"column":8},"end":{"line":87,"column":27}},"36":{"start":{"line":87,"column":18},"end":{"line":87,"column":27}},"37":{"start":{"line":89,"column":26},"end":{"line":89,"column":48}},"38":{"start":{"line":90,"column":25},"end":{"line":90,"column":46}},"39":{"start":{"line":91,"column":20},"end":{"line":91,"column":53}},"40":{"start":{"line":91,"column":27},"end":{"line":91,"column":53}},"41":{"start":{"line":92,"column":26},"end":{"line":92,"column":157}},"42":{"start":{"line":94,"column":8},"end":{"line":98,"column":11}},"43":{"start":{"line":101,"column":4},"end":{"line":101,"column":19}},"44":{"start":{"line":109,"column":21},"end":{"line":109,"column":22}},"45":{"start":{"line":110,"column":28},"end":{"line":110,"column":29}},"46":{"start":{"line":112,"column":4},"end":{"line":121,"column":5}},"47":{"start":{"line":113,"column":8},"end":{"line":113,"column":66}},"48":{"start":{"line":113,"column":57},"end":{"line":113,"column":66}},"49":{"start":{"line":115,"column":8},"end":{"line":120,"column":9}},"50":{"start":{"line":116,"column":12},"end":{"line":116,"column":76}},"51":{"start":{"line":116,"column":67},"end":{"line":116,"column":76}},"52":{"start":{"line":117,"column":12},"end":{"line":117,"column":56}},"53":{"start":{"line":118,"column":12},"end":{"line":118,"column":42}},"54":{"start":{"line":119,"column":12},"end":{"line":119,"column":32}},"55":{"start":{"line":123,"column":4},"end":{"line":123,"column":131}},"56":{"start":{"line":136,"column":4},"end":{"line":136,"column":27}},"57":{"start":{"line":136,"column":14},"end":{"line":136,"column":27}},"58":{"start":{"line":137,"column":21},"end":{"line":137,"column":47}},"59":{"start":{"line":138,"column":4},"end":{"line":138,"column":92}},"60":{"start":{"line":141,"column":0},"end":{"line":148,"column":2}}},"fnMap":{"0":{"name":"extractM3uCatchupInfo","decl":{"start":{"line":15,"column":9},"end":{"line":15,"column":30}},"loc":{"start":{"line":15,"column":43},"end":{"line":22,"column":1}},"line":15},"1":{"name":"extractXtreamCatchupInfo","decl":{"start":{"line":29,"column":9},"end":{"line":29,"column":33}},"loc":{"start":{"line":29,"column":42},"end":{"line":34,"column":1}},"line":29},"2":{"name":"buildCatchupUrl","decl":{"start":{"line":46,"column":9},"end":{"line":46,"column":24}},"loc":{"start":{"line":46,"column":60},"end":{"line":64,"column":1}},"line":46},"3":{"name":"(anonymous_3)","decl":{"start":{"line":59,"column":16},"end":{"line":59,"column":17}},"loc":{"start":{"line":59,"column":23},"end":{"line":59,"column":49}},"line":59},"4":{"name":"getCatchupStreams","decl":{"start":{"line":74,"column":15},"end":{"line":74,"column":32}},"loc":{"start":{"line":74,"column":70},"end":{"line":102,"column":1}},"line":74},"5":{"name":"(anonymous_5)","decl":{"start":{"line":79,"column":17},"end":{"line":79,"column":18}},"loc":{"start":{"line":79,"column":27},"end":{"line":79,"column":54}},"line":79},"6":{"name":"(anonymous_6)","decl":{"start":{"line":91,"column":20},"end":{"line":91,"column":21}},"loc":{"start":{"line":91,"column":27},"end":{"line":91,"column":53}},"line":91},"7":{"name":"snapshotAllEpgToHistory","decl":{"start":{"line":108,"column":15},"end":{"line":108,"column":38}},"loc":{"start":{"line":108,"column":51},"end":{"line":124,"column":1}},"line":108},"8":{"name":"isCatchupCapableUrl","decl":{"start":{"line":135,"column":9},"end":{"line":135,"column":28}},"loc":{"start":{"line":135,"column":34},"end":{"line":139,"column":1}},"line":135}},"branchMap":{"0":{"loc":{"start":{"line":17,"column":4},"end":{"line":17,"column":35}},"type":"if","locations":[{"start":{"line":17,"column":4},"end":{"line":17,"column":35}},{"start":{},"end":{}}],"line":17},"1":{"loc":{"start":{"line":18,"column":26},"end":{"line":19,"column":61}},"type":"binary-expr","locations":[{"start":{"line":18,"column":26},"end":{"line":18,"column":83}},{"start":{"line":19,"column":11},"end":{"line":19,"column":61}}],"line":18},"2":{"loc":{"start":{"line":20,"column":17},"end":{"line":20,"column":67}},"type":"cond-expr","locations":[{"start":{"line":20,"column":33},"end":{"line":20,"column":63}},{"start":{"line":20,"column":66},"end":{"line":20,"column":67}}],"line":20},"3":{"loc":{"start":{"line":21,"column":44},"end":{"line":21,"column":66}},"type":"cond-expr","locations":[{"start":{"line":21,"column":58},"end":{"line":21,"column":59}},{"start":{"line":21,"column":62},"end":{"line":21,"column":66}}],"line":21},"4":{"loc":{"start":{"line":30,"column":20},"end":{"line":30,"column":72}},"type":"binary-expr","locations":[{"start":{"line":30,"column":20},"end":{"line":30,"column":43}},{"start":{"line":30,"column":47},"end":{"line":30,"column":72}}],"line":30},"5":{"loc":{"start":{"line":31,"column":4},"end":{"line":31,"column":30}},"type":"if","locations":[{"start":{"line":31,"column":4},"end":{"line":31,"column":30}},{"start":{},"end":{}}],"line":31},"6":{"loc":{"start":{"line":33,"column":44},"end":{"line":33,"column":66}},"type":"cond-expr","locations":[{"start":{"line":33,"column":58},"end":{"line":33,"column":59}},{"start":{"line":33,"column":62},"end":{"line":33,"column":66}}],"line":33},"7":{"loc":{"start":{"line":52,"column":22},"end":{"line":52,"column":53}},"type":"cond-expr","locations":[{"start":{"line":52,"column":35},"end":{"line":52,"column":48}},{"start":{"line":52,"column":51},"end":{"line":52,"column":53}}],"line":52},"8":{"loc":{"start":{"line":55,"column":4},"end":{"line":55,"column":28}},"type":"if","locations":[{"start":{"line":55,"column":4},"end":{"line":55,"column":28}},{"start":{},"end":{}}],"line":55},"9":{"loc":{"start":{"line":74,"column":54},"end":{"line":74,"column":68}},"type":"default-arg","locations":[{"start":{"line":74,"column":66},"end":{"line":74,"column":68}}],"line":74},"10":{"loc":{"start":{"line":76,"column":4},"end":{"line":76,"column":52}},"type":"if","locations":[{"start":{"line":76,"column":4},"end":{"line":76,"column":52}},{"start":{},"end":{}}],"line":76},"11":{"loc":{"start":{"line":76,"column":8},"end":{"line":76,"column":40}},"type":"binary-expr","locations":[{"start":{"line":76,"column":8},"end":{"line":76,"column":16}},{"start":{"line":76,"column":20},"end":{"line":76,"column":40}}],"line":76},"12":{"loc":{"start":{"line":84,"column":8},"end":{"line":84,"column":43}},"type":"if","locations":[{"start":{"line":84,"column":8},"end":{"line":84,"column":43}},{"start":{},"end":{}}],"line":84},"13":{"loc":{"start":{"line":87,"column":8},"end":{"line":87,"column":27}},"type":"if","locations":[{"start":{"line":87,"column":8},"end":{"line":87,"column":27}},{"start":{},"end":{}}],"line":87},"14":{"loc":{"start":{"line":96,"column":22},"end":{"line":96,"column":50}},"type":"binary-expr","locations":[{"start":{"line":96,"column":22},"end":{"line":96,"column":29}},{"start":{"line":96,"column":33},"end":{"line":96,"column":50}}],"line":96},"15":{"loc":{"start":{"line":113,"column":8},"end":{"line":113,"column":66}},"type":"if","locations":[{"start":{"line":113,"column":8},"end":{"line":113,"column":66}},{"start":{},"end":{}}],"line":113},"16":{"loc":{"start":{"line":113,"column":12},"end":{"line":113,"column":55}},"type":"binary-expr","locations":[{"start":{"line":113,"column":12},"end":{"line":113,"column":15}},{"start":{"line":113,"column":19},"end":{"line":113,"column":40}},{"start":{"line":113,"column":44},"end":{"line":113,"column":55}}],"line":113},"17":{"loc":{"start":{"line":116,"column":12},"end":{"line":116,"column":76}},"type":"if","locations":[{"start":{"line":116,"column":12},"end":{"line":116,"column":76}},{"start":{},"end":{}}],"line":116},"18":{"loc":{"start":{"line":116,"column":16},"end":{"line":116,"column":65}},"type":"binary-expr","locations":[{"start":{"line":116,"column":16},"end":{"line":116,"column":40}},{"start":{"line":116,"column":44},"end":{"line":116,"column":65}}],"line":116},"19":{"loc":{"start":{"line":136,"column":4},"end":{"line":136,"column":27}},"type":"if","locations":[{"start":{"line":136,"column":4},"end":{"line":136,"column":27}},{"start":{},"end":{}}],"line":136}},"s":{"0":4,"1":0,"2":0,"3":0,"4":0,"5":0,"6":0,"7":0,"8":0,"9":0,"10":0,"11":0,"12":0,"13":0,"14":0,"15":0,"16":0,"17":0,"18":0,"19":0,"20":0,"21":0,"22":0,"23":0,"24":0,"25":0,"26":0,"27":0,"28":0,"29":0,"30":0,"31":0,"32":0,"33":0,"34":0,"35":0,"36":0,"37":0,"38":0,"39":0,"40":0,"41":0,"42":0,"43":0,"44":6,"45":6,"46":6,"47":10,"48":6,"49":4,"50":7,"51":2,"52":5,"53":5,"54":5,"55":6,"56":0,"57":0,"58":0,"59":0,"60":4},"f":{"0":0,"1":0,"2":0,"3":0,"4":0,"5":0,"6":0,"7":6,"8":0},"b":{"0":[0,0],"1":[0,0],"2":[0,0],"3":[0,0],"4":[0,0],"5":[0,0],"6":[0,0],"7":[0,0],"8":[0,0],"9":[0],"10":[0,0],"11":[0,0],"12":[0,0],"13":[0,0],"14":[0,0],"15":[6,4],"16":[10,8,6],"17":[2,5],"18":[7,6],"19":[0,0]},"_coverageSchema":"1a1c01bbd47fc00a2c39e90264f33305004495a9","hash":"e73fc441b20fc5ab907b8491ffe8c4143babdd03"}
,"/home/jailuser/git/cryptoUtils.js": {"path":"/home/jailuser/git/cryptoUtils.js","statementMap":{"0":{"start":{"line":5,"column":15},"end":{"line":5,"column":32}},"1":{"start":{"line":10,"column":16},"end":{"line":10,"column":42}},"2":{"start":{"line":11,"column":4},"end":{"line":13,"column":5}},"3":{"start":{"line":12,"column":8},"end":{"line":12,"column":102}},"4":{"start":{"line":15,"column":4},"end":{"line":15,"column":60}},"5":{"start":{"line":26,"column":4},"end":{"line":31,"column":7}},"6":{"start":{"line":27,"column":8},"end":{"line":30,"column":11}},"7":{"start":{"line":28,"column":12},"end":{"line":29,"column":37}},"8":{"start":{"line":28,"column":21},"end":{"line":28,"column":33}},"9":{"start":{"line":29,"column":17},"end":{"line":29,"column":37}},"10":{"start":{"line":41,"column":22},"end":{"line":43,"column":24}},"11":{"start":{"line":46,"column":17},"end":{"line":46,"column":39}},"12":{"start":{"line":47,"column":15},"end":{"line":47,"column":37}},"13":{"start":{"line":50,"column":16},"end":{"line":50,"column":48}},"14":{"start":{"line":53,"column":22},"end":{"line":53,"column":65}},"15":{"start":{"line":55,"column":19},"end":{"line":55,"column":64}},"16":{"start":{"line":56,"column":23},"end":{"line":56,"column":80}},"17":{"start":{"line":57,"column":20},"end":{"line":57,"column":39}},"18":{"start":{"line":60,"column":22},"end":{"line":60,"column":58}},"19":{"start":{"line":62,"column":4},"end":{"line":66,"column":6}},"20":{"start":{"line":78,"column":4},"end":{"line":103,"column":5}},"21":{"start":{"line":79,"column":26},"end":{"line":81,"column":28}},"22":{"start":{"line":83,"column":32},"end":{"line":83,"column":73}},"23":{"start":{"line":84,"column":19},"end":{"line":84,"column":47}},"24":{"start":{"line":85,"column":21},"end":{"line":85,"column":51}},"25":{"start":{"line":88,"column":24},"end":{"line":88,"column":50}},"26":{"start":{"line":89,"column":27},"end":{"line":89,"column":56}},"27":{"start":{"line":92,"column":20},"end":{"line":92,"column":52}},"28":{"start":{"line":94,"column":25},"end":{"line":94,"column":72}},"29":{"start":{"line":95,"column":8},"end":{"line":95,"column":37}},"30":{"start":{"line":97,"column":26},"end":{"line":97,"column":88}},"31":{"start":{"line":99,"column":8},"end":{"line":99,"column":54}},"32":{"start":{"line":101,"column":8},"end":{"line":101,"column":61}},"33":{"start":{"line":102,"column":8},"end":{"line":102,"column":20}},"34":{"start":{"line":112,"column":4},"end":{"line":112,"column":34}},"35":{"start":{"line":112,"column":20},"end":{"line":112,"column":34}},"36":{"start":{"line":113,"column":4},"end":{"line":113,"column":96}},"37":{"start":{"line":123,"column":17},"end":{"line":123,"column":39}},"38":{"start":{"line":124,"column":23},"end":{"line":124,"column":29}},"39":{"start":{"line":125,"column":19},"end":{"line":125,"column":21}},"40":{"start":{"line":127,"column":4},"end":{"line":135,"column":7}},"41":{"start":{"line":128,"column":8},"end":{"line":134,"column":11}},"42":{"start":{"line":129,"column":12},"end":{"line":133,"column":13}},"43":{"start":{"line":129,"column":21},"end":{"line":129,"column":33}},"44":{"start":{"line":132,"column":16},"end":{"line":132,"column":101}},"45":{"start":{"line":145,"column":4},"end":{"line":160,"column":5}},"46":{"start":{"line":146,"column":50},"end":{"line":146,"column":65}},"47":{"start":{"line":147,"column":27},"end":{"line":147,"column":54}},"48":{"start":{"line":148,"column":21},"end":{"line":148,"column":51}},"49":{"start":{"line":149,"column":29},"end":{"line":149,"column":59}},"50":{"start":{"line":151,"column":8},"end":{"line":156,"column":11}},"51":{"start":{"line":152,"column":12},"end":{"line":155,"column":15}},"52":{"start":{"line":153,"column":16},"end":{"line":154,"column":79}},"53":{"start":{"line":153,"column":25},"end":{"line":153,"column":37}},"54":{"start":{"line":154,"column":21},"end":{"line":154,"column":79}},"55":{"start":{"line":158,"column":8},"end":{"line":158,"column":69}},"56":{"start":{"line":159,"column":8},"end":{"line":159,"column":21}},"57":{"start":{"line":168,"column":4},"end":{"line":168,"column":56}},"58":{"start":{"line":171,"column":0},"end":{"line":179,"column":2}}},"fnMap":{"0":{"name":"getMasterKey","decl":{"start":{"line":9,"column":9},"end":{"line":9,"column":21}},"loc":{"start":{"line":9,"column":24},"end":{"line":16,"column":1}},"line":9},"1":{"name":"deriveKey","decl":{"start":{"line":24,"column":15},"end":{"line":24,"column":24}},"loc":{"start":{"line":24,"column":42},"end":{"line":32,"column":1}},"line":24},"2":{"name":"(anonymous_2)","decl":{"start":{"line":26,"column":23},"end":{"line":26,"column":24}},"loc":{"start":{"line":26,"column":44},"end":{"line":31,"column":5}},"line":26},"3":{"name":"(anonymous_3)","decl":{"start":{"line":27,"column":61},"end":{"line":27,"column":62}},"loc":{"start":{"line":27,"column":82},"end":{"line":30,"column":9}},"line":27},"4":{"name":"encryptConfig","decl":{"start":{"line":40,"column":15},"end":{"line":40,"column":28}},"loc":{"start":{"line":40,"column":51},"end":{"line":67,"column":1}},"line":40},"5":{"name":"decryptConfig","decl":{"start":{"line":77,"column":15},"end":{"line":77,"column":28}},"loc":{"start":{"line":77,"column":79},"end":{"line":104,"column":1}},"line":77},"6":{"name":"configKeyFingerprint","decl":{"start":{"line":111,"column":9},"end":{"line":111,"column":29}},"loc":{"start":{"line":111,"column":41},"end":{"line":114,"column":1}},"line":111},"7":{"name":"hashPassword","decl":{"start":{"line":122,"column":15},"end":{"line":122,"column":27}},"loc":{"start":{"line":122,"column":38},"end":{"line":136,"column":1}},"line":122},"8":{"name":"(anonymous_8)","decl":{"start":{"line":127,"column":23},"end":{"line":127,"column":24}},"loc":{"start":{"line":127,"column":44},"end":{"line":135,"column":5}},"line":127},"9":{"name":"(anonymous_9)","decl":{"start":{"line":128,"column":68},"end":{"line":128,"column":69}},"loc":{"start":{"line":128,"column":89},"end":{"line":134,"column":9}},"line":128},"10":{"name":"verifyPassword","decl":{"start":{"line":144,"column":15},"end":{"line":144,"column":29}},"loc":{"start":{"line":144,"column":46},"end":{"line":161,"column":1}},"line":144},"11":{"name":"(anonymous_11)","decl":{"start":{"line":151,"column":27},"end":{"line":151,"column":28}},"loc":{"start":{"line":151,"column":48},"end":{"line":156,"column":9}},"line":151},"12":{"name":"(anonymous_12)","decl":{"start":{"line":152,"column":85},"end":{"line":152,"column":86}},"loc":{"start":{"line":152,"column":106},"end":{"line":155,"column":13}},"line":152},"13":{"name":"generateSessionToken","decl":{"start":{"line":167,"column":9},"end":{"line":167,"column":29}},"loc":{"start":{"line":167,"column":32},"end":{"line":169,"column":1}},"line":167}},"branchMap":{"0":{"loc":{"start":{"line":11,"column":4},"end":{"line":13,"column":5}},"type":"if","locations":[{"start":{"line":11,"column":4},"end":{"line":13,"column":5}},{"start":{},"end":{}}],"line":11},"1":{"loc":{"start":{"line":28,"column":12},"end":{"line":29,"column":37}},"type":"if","locations":[{"start":{"line":28,"column":12},"end":{"line":29,"column":37}},{"start":{"line":29,"column":17},"end":{"line":29,"column":37}}],"line":28},"2":{"loc":{"start":{"line":41,"column":22},"end":{"line":43,"column":24}},"type":"cond-expr","locations":[{"start":{"line":42,"column":10},"end":{"line":42,"column":45}},{"start":{"line":43,"column":10},"end":{"line":43,"column":24}}],"line":41},"3":{"loc":{"start":{"line":79,"column":26},"end":{"line":81,"column":28}},"type":"cond-expr","locations":[{"start":{"line":80,"column":14},"end":{"line":80,"column":49}},{"start":{"line":81,"column":14},"end":{"line":81,"column":28}}],"line":79},"4":{"loc":{"start":{"line":112,"column":4},"end":{"line":112,"column":34}},"type":"if","locations":[{"start":{"line":112,"column":4},"end":{"line":112,"column":34}},{"start":{},"end":{}}],"line":112},"5":{"loc":{"start":{"line":129,"column":12},"end":{"line":133,"column":13}},"type":"if","locations":[{"start":{"line":129,"column":12},"end":{"line":133,"column":13}},{"start":{"line":130,"column":17},"end":{"line":133,"column":13}}],"line":129},"6":{"loc":{"start":{"line":153,"column":16},"end":{"line":154,"column":79}},"type":"if","locations":[{"start":{"line":153,"column":16},"end":{"line":154,"column":79}},{"start":{"line":154,"column":21},"end":{"line":154,"column":79}}],"line":153}},"s":{"0":3,"1":0,"2":0,"3":0,"4":0,"5":0,"6":0,"7":0,"8":0,"9":0,"10":0,"11":0,"12":0,"13":0,"14":0,"15":0,"16":0,"17":0,"18":0,"19":0,"20":0,"21":0,"22":0,"23":0,"24":0,"25":0,"26":0,"27":0,"28":0,"29":0,"30":0,"31":0,"32":0,"33":0,"34":2,"35":0,"36":2,"37":0,"38":0,"39":0,"40":0,"41":0,"42":0,"43":0,"44":0,"45":0,"46":0,"47":0,"48":0,"49":0,"50":0,"51":0,"52":0,"53":0,"54":0,"55":0,"56":0,"57":0,"58":3},"f":{"0":0,"1":0,"2":0,"3":0,"4":0,"5":0,"6":2,"7":0,"8":0,"9":0,"10":0,"11":0,"12":0,"13":0},"b":{"0":[0,0],"1":[0,0],"2":[0,0],"3":[0,0],"4":[0,2],"5":[0,0],"6":[0,0]},"_coverageSchema":"1a1c01bbd47fc00a2c39e90264f33305004495a9","hash":"9d23d636518400f0bc8cf5bb2ced9859171d16e8"}
,"/home/jailuser/git/db.js": {"path":"/home/jailuser/git/db.js","statementMap":{"0":{"start":{"line":1,"column":17},"end":{"line":1,"column":30}},"1":{"start":{"line":3,"column":25},"end":{"line":3,"column":49}},"2":{"start":{"line":4,"column":20},"end":{"line":4,"column":38}},"3":{"start":{"line":5,"column":11},"end":{"line":5,"column":15}},"4":{"start":{"line":7,"column":0},"end":{"line":13,"column":1}},"5":{"start":{"line":8,"column":4},"end":{"line":8,"column":42}},"6":{"start":{"line":9,"column":4},"end":{"line":9,"column":100}},"7":{"start":{"line":9,"column":28},"end":{"line":9,"column":98}},"8":{"start":{"line":10,"column":4},"end":{"line":10,"column":51}},"9":{"start":{"line":12,"column":4},"end":{"line":12,"column":87}},"10":{"start":{"line":22,"column":4},"end":{"line":22,"column":27}},"11":{"start":{"line":22,"column":15},"end":{"line":22,"column":27}},"12":{"start":{"line":23,"column":4},"end":{"line":33,"column":5}},"13":{"start":{"line":24,"column":25},"end":{"line":27,"column":9}},"14":{"start":{"line":28,"column":8},"end":{"line":28,"column":34}},"15":{"start":{"line":28,"column":22},"end":{"line":28,"column":34}},"16":{"start":{"line":29,"column":8},"end":{"line":29,"column":98}},"17":{"start":{"line":31,"column":8},"end":{"line":31,"column":60}},"18":{"start":{"line":32,"column":8},"end":{"line":32,"column":20}},"19":{"start":{"line":44,"column":4},"end":{"line":44,"column":22}},"20":{"start":{"line":44,"column":15},"end":{"line":44,"column":22}},"21":{"start":{"line":45,"column":4},"end":{"line":55,"column":5}},"22":{"start":{"line":46,"column":8},"end":{"line":52,"column":10}},"23":{"start":{"line":54,"column":8},"end":{"line":54,"column":60}},"24":{"start":{"line":65,"column":4},"end":{"line":65,"column":22}},"25":{"start":{"line":65,"column":15},"end":{"line":65,"column":22}},"26":{"start":{"line":66,"column":4},"end":{"line":75,"column":5}},"27":{"start":{"line":67,"column":8},"end":{"line":72,"column":10}},"28":{"start":{"line":74,"column":8},"end":{"line":74,"column":68}},"29":{"start":{"line":85,"column":4},"end":{"line":85,"column":22}},"30":{"start":{"line":85,"column":15},"end":{"line":85,"column":22}},"31":{"start":{"line":86,"column":4},"end":{"line":95,"column":5}},"32":{"start":{"line":87,"column":8},"end":{"line":92,"column":10}},"33":{"start":{"line":94,"column":8},"end":{"line":94,"column":68}},"34":{"start":{"line":104,"column":4},"end":{"line":104,"column":22}},"35":{"start":{"line":104,"column":15},"end":{"line":104,"column":22}},"36":{"start":{"line":105,"column":4},"end":{"line":112,"column":5}},"37":{"start":{"line":106,"column":8},"end":{"line":109,"column":10}},"38":{"start":{"line":111,"column":8},"end":{"line":111,"column":63}},"39":{"start":{"line":121,"column":4},"end":{"line":121,"column":25}},"40":{"start":{"line":121,"column":15},"end":{"line":121,"column":25}},"41":{"start":{"line":122,"column":4},"end":{"line":130,"column":5}},"42":{"start":{"line":123,"column":25},"end":{"line":125,"column":9}},"43":{"start":{"line":126,"column":8},"end":{"line":126,"column":26}},"44":{"start":{"line":128,"column":8},"end":{"line":128,"column":64}},"45":{"start":{"line":129,"column":8},"end":{"line":129,"column":18}},"46":{"start":{"line":134,"column":20},"end":{"line":134,"column":31}},"47":{"start":{"line":135,"column":20},"end":{"line":135,"column":31}},"48":{"start":{"line":136,"column":25},"end":{"line":139,"column":1}},"49":{"start":{"line":137,"column":4},"end":{"line":137,"column":55}},"50":{"start":{"line":137,"column":19},"end":{"line":137,"column":55}},"51":{"start":{"line":138,"column":4},"end":{"line":138,"column":40}},"52":{"start":{"line":140,"column":23},"end":{"line":140,"column":38}},"53":{"start":{"line":150,"column":4},"end":{"line":150,"column":60}},"54":{"start":{"line":150,"column":53},"end":{"line":150,"column":60}},"55":{"start":{"line":151,"column":4},"end":{"line":167,"column":5}},"56":{"start":{"line":152,"column":23},"end":{"line":152,"column":43}},"57":{"start":{"line":153,"column":8},"end":{"line":164,"column":9}},"58":{"start":{"line":154,"column":12},"end":{"line":161,"column":13}},"59":{"start":{"line":155,"column":16},"end":{"line":160,"column":18}},"60":{"start":{"line":163,"column":12},"end":{"line":163,"column":29}},"61":{"start":{"line":166,"column":8},"end":{"line":166,"column":64}},"62":{"start":{"line":178,"column":4},"end":{"line":178,"column":25}},"63":{"start":{"line":178,"column":15},"end":{"line":178,"column":25}},"64":{"start":{"line":179,"column":4},"end":{"line":191,"column":5}},"65":{"start":{"line":180,"column":22},"end":{"line":180,"column":63}},"66":{"start":{"line":181,"column":25},"end":{"line":186,"column":9}},"67":{"start":{"line":187,"column":8},"end":{"line":187,"column":26}},"68":{"start":{"line":189,"column":8},"end":{"line":189,"column":62}},"69":{"start":{"line":190,"column":8},"end":{"line":190,"column":18}},"70":{"start":{"line":201,"column":4},"end":{"line":201,"column":24}},"71":{"start":{"line":201,"column":15},"end":{"line":201,"column":24}},"72":{"start":{"line":202,"column":19},"end":{"line":202,"column":40}},"73":{"start":{"line":203,"column":4},"end":{"line":212,"column":5}},"74":{"start":{"line":204,"column":20},"end":{"line":204,"column":95}},"75":{"start":{"line":205,"column":8},"end":{"line":207,"column":9}},"76":{"start":{"line":206,"column":12},"end":{"line":206,"column":116}},"77":{"start":{"line":208,"column":8},"end":{"line":208,"column":38}},"78":{"start":{"line":210,"column":8},"end":{"line":210,"column":64}},"79":{"start":{"line":211,"column":8},"end":{"line":211,"column":17}},"80":{"start":{"line":227,"column":4},"end":{"line":227,"column":60}},"81":{"start":{"line":227,"column":53},"end":{"line":227,"column":60}},"82":{"start":{"line":230,"column":19},"end":{"line":230,"column":21}},"83":{"start":{"line":231,"column":19},"end":{"line":231,"column":21}},"84":{"start":{"line":232,"column":14},"end":{"line":232,"column":15}},"85":{"start":{"line":233,"column":23},"end":{"line":233,"column":32}},"86":{"start":{"line":234,"column":4},"end":{"line":240,"column":5}},"87":{"start":{"line":235,"column":23},"end":{"line":235,"column":59}},"88":{"start":{"line":236,"column":8},"end":{"line":236,"column":45}},"89":{"start":{"line":236,"column":36},"end":{"line":236,"column":45}},"90":{"start":{"line":237,"column":8},"end":{"line":237,"column":31}},"91":{"start":{"line":238,"column":8},"end":{"line":238,"column":85}},"92":{"start":{"line":239,"column":8},"end":{"line":239,"column":95}},"93":{"start":{"line":241,"column":4},"end":{"line":241,"column":36}},"94":{"start":{"line":241,"column":29},"end":{"line":241,"column":36}},"95":{"start":{"line":242,"column":4},"end":{"line":257,"column":5}},"96":{"start":{"line":243,"column":23},"end":{"line":243,"column":43}},"97":{"start":{"line":244,"column":8},"end":{"line":254,"column":9}},"98":{"start":{"line":245,"column":12},"end":{"line":251,"column":14}},"99":{"start":{"line":253,"column":12},"end":{"line":253,"column":29}},"100":{"start":{"line":256,"column":8},"end":{"line":256,"column":64}},"101":{"start":{"line":268,"column":4},"end":{"line":268,"column":25}},"102":{"start":{"line":268,"column":15},"end":{"line":268,"column":25}},"103":{"start":{"line":269,"column":4},"end":{"line":281,"column":5}},"104":{"start":{"line":270,"column":25},"end":{"line":276,"column":9}},"105":{"start":{"line":277,"column":8},"end":{"line":277,"column":26}},"106":{"start":{"line":279,"column":8},"end":{"line":279,"column":63}},"107":{"start":{"line":280,"column":8},"end":{"line":280,"column":18}},"108":{"start":{"line":292,"column":16},"end":{"line":292,"column":25}},"109":{"start":{"line":293,"column":4},"end":{"line":293,"column":70}},"110":{"start":{"line":293,"column":59},"end":{"line":293,"column":70}},"111":{"start":{"line":294,"column":4},"end":{"line":310,"column":5}},"112":{"start":{"line":295,"column":25},"end":{"line":301,"column":9}},"113":{"start":{"line":302,"column":8},"end":{"line":305,"column":9}},"114":{"start":{"line":303,"column":12},"end":{"line":303,"column":68}},"115":{"start":{"line":303,"column":41},"end":{"line":303,"column":68}},"116":{"start":{"line":304,"column":12},"end":{"line":304,"column":137}},"117":{"start":{"line":306,"column":8},"end":{"line":306,"column":19}},"118":{"start":{"line":308,"column":8},"end":{"line":308,"column":67}},"119":{"start":{"line":309,"column":8},"end":{"line":309,"column":19}},"120":{"start":{"line":315,"column":4},"end":{"line":315,"column":25}},"121":{"start":{"line":315,"column":15},"end":{"line":315,"column":25}},"122":{"start":{"line":316,"column":4},"end":{"line":322,"column":5}},"123":{"start":{"line":317,"column":25},"end":{"line":317,"column":70}},"124":{"start":{"line":318,"column":8},"end":{"line":318,"column":26}},"125":{"start":{"line":320,"column":8},"end":{"line":320,"column":63}},"126":{"start":{"line":321,"column":8},"end":{"line":321,"column":18}},"127":{"start":{"line":327,"column":4},"end":{"line":327,"column":22}},"128":{"start":{"line":327,"column":15},"end":{"line":327,"column":22}},"129":{"start":{"line":328,"column":4},"end":{"line":339,"column":5}},"130":{"start":{"line":329,"column":8},"end":{"line":336,"column":10}},"131":{"start":{"line":338,"column":8},"end":{"line":338,"column":67}},"132":{"start":{"line":347,"column":4},"end":{"line":347,"column":22}},"133":{"start":{"line":347,"column":15},"end":{"line":347,"column":22}},"134":{"start":{"line":348,"column":4},"end":{"line":361,"column":5}},"135":{"start":{"line":351,"column":8},"end":{"line":358,"column":10}},"136":{"start":{"line":360,"column":8},"end":{"line":360,"column":64}},"137":{"start":{"line":370,"column":4},"end":{"line":370,"column":24}},"138":{"start":{"line":370,"column":15},"end":{"line":370,"column":24}},"139":{"start":{"line":371,"column":19},"end":{"line":371,"column":40}},"140":{"start":{"line":372,"column":4},"end":{"line":378,"column":5}},"141":{"start":{"line":373,"column":20},"end":{"line":373,"column":96}},"142":{"start":{"line":374,"column":8},"end":{"line":374,"column":38}},"143":{"start":{"line":376,"column":8},"end":{"line":376,"column":65}},"144":{"start":{"line":377,"column":8},"end":{"line":377,"column":17}},"145":{"start":{"line":392,"column":4},"end":{"line":392,"column":27}},"146":{"start":{"line":392,"column":15},"end":{"line":392,"column":27}},"147":{"start":{"line":393,"column":4},"end":{"line":407,"column":5}},"148":{"start":{"line":394,"column":34},"end":{"line":394,"column":58}},"149":{"start":{"line":395,"column":46},"end":{"line":395,"column":88}},"150":{"start":{"line":397,"column":25},"end":{"line":402,"column":9}},"151":{"start":{"line":403,"column":8},"end":{"line":403,"column":31}},"152":{"start":{"line":405,"column":8},"end":{"line":405,"column":59}},"153":{"start":{"line":406,"column":8},"end":{"line":406,"column":20}},"154":{"start":{"line":416,"column":4},"end":{"line":416,"column":27}},"155":{"start":{"line":416,"column":15},"end":{"line":416,"column":27}},"156":{"start":{"line":417,"column":4},"end":{"line":426,"column":5}},"157":{"start":{"line":418,"column":25},"end":{"line":421,"column":9}},"158":{"start":{"line":422,"column":8},"end":{"line":422,"column":31}},"159":{"start":{"line":424,"column":8},"end":{"line":424,"column":66}},"160":{"start":{"line":425,"column":8},"end":{"line":425,"column":20}},"161":{"start":{"line":435,"column":4},"end":{"line":435,"column":27}},"162":{"start":{"line":435,"column":15},"end":{"line":435,"column":27}},"163":{"start":{"line":439,"column":4},"end":{"line":441,"column":5}},"164":{"start":{"line":440,"column":8},"end":{"line":440,"column":20}},"165":{"start":{"line":442,"column":4},"end":{"line":451,"column":5}},"166":{"start":{"line":443,"column":25},"end":{"line":446,"column":9}},"167":{"start":{"line":447,"column":8},"end":{"line":447,"column":31}},"168":{"start":{"line":449,"column":8},"end":{"line":449,"column":60}},"169":{"start":{"line":450,"column":8},"end":{"line":450,"column":20}},"170":{"start":{"line":459,"column":32},"end":{"line":459,"column":61}},"171":{"start":{"line":476,"column":4},"end":{"line":476,"column":28}},"172":{"start":{"line":476,"column":15},"end":{"line":476,"column":28}},"173":{"start":{"line":477,"column":19},"end":{"line":477,"column":39}},"174":{"start":{"line":478,"column":4},"end":{"line":512,"column":5}},"175":{"start":{"line":479,"column":8},"end":{"line":479,"column":36}},"176":{"start":{"line":480,"column":25},"end":{"line":483,"column":9}},"177":{"start":{"line":484,"column":49},"end":{"line":484,"column":73}},"178":{"start":{"line":485,"column":20},"end":{"line":485,"column":27}},"179":{"start":{"line":486,"column":21},"end":{"line":486,"column":27}},"180":{"start":{"line":487,"column":8},"end":{"line":495,"column":9}},"181":{"start":{"line":488,"column":29},"end":{"line":488,"column":123}},"182":{"start":{"line":489,"column":12},"end":{"line":489,"column":35}},"183":{"start":{"line":490,"column":12},"end":{"line":494,"column":13}},"184":{"start":{"line":491,"column":33},"end":{"line":491,"column":46}},"185":{"start":{"line":492,"column":32},"end":{"line":492,"column":102}},"186":{"start":{"line":493,"column":16},"end":{"line":493,"column":80}},"187":{"start":{"line":493,"column":48},"end":{"line":493,"column":80}},"188":{"start":{"line":497,"column":46},"end":{"line":497,"column":88}},"189":{"start":{"line":498,"column":8},"end":{"line":503,"column":10}},"190":{"start":{"line":504,"column":8},"end":{"line":504,"column":37}},"191":{"start":{"line":505,"column":8},"end":{"line":505,"column":22}},"192":{"start":{"line":507,"column":8},"end":{"line":507,"column":92}},"193":{"start":{"line":507,"column":14},"end":{"line":507,"column":45}},"194":{"start":{"line":508,"column":8},"end":{"line":508,"column":65}},"195":{"start":{"line":509,"column":8},"end":{"line":509,"column":21}},"196":{"start":{"line":511,"column":8},"end":{"line":511,"column":25}},"197":{"start":{"line":523,"column":4},"end":{"line":523,"column":27}},"198":{"start":{"line":523,"column":15},"end":{"line":523,"column":27}},"199":{"start":{"line":524,"column":4},"end":{"line":533,"column":5}},"200":{"start":{"line":525,"column":25},"end":{"line":528,"column":9}},"201":{"start":{"line":529,"column":8},"end":{"line":529,"column":31}},"202":{"start":{"line":531,"column":8},"end":{"line":531,"column":59}},"203":{"start":{"line":532,"column":8},"end":{"line":532,"column":20}},"204":{"start":{"line":543,"column":4},"end":{"line":543,"column":22}},"205":{"start":{"line":543,"column":15},"end":{"line":543,"column":22}},"206":{"start":{"line":544,"column":4},"end":{"line":555,"column":5}},"207":{"start":{"line":545,"column":8},"end":{"line":552,"column":10}},"208":{"start":{"line":554,"column":8},"end":{"line":554,"column":59}},"209":{"start":{"line":558,"column":0},"end":{"line":595,"column":2}}},"fnMap":{"0":{"name":"(anonymous_0)","decl":{"start":{"line":9,"column":21},"end":{"line":9,"column":22}},"loc":{"start":{"line":9,"column":28},"end":{"line":9,"column":98}},"line":9},"1":{"name":"getOverride","decl":{"start":{"line":21,"column":15},"end":{"line":21,"column":26}},"loc":{"start":{"line":21,"column":36},"end":{"line":34,"column":1}},"line":21},"2":{"name":"setOverride","decl":{"start":{"line":43,"column":15},"end":{"line":43,"column":26}},"loc":{"start":{"line":43,"column":68},"end":{"line":56,"column":1}},"line":43},"3":{"name":"incrementConfidence","decl":{"start":{"line":64,"column":15},"end":{"line":64,"column":34}},"loc":{"start":{"line":64,"column":58},"end":{"line":76,"column":1}},"line":64},"4":{"name":"decrementConfidence","decl":{"start":{"line":84,"column":15},"end":{"line":84,"column":34}},"loc":{"start":{"line":84,"column":57},"end":{"line":96,"column":1}},"line":84},"5":{"name":"incrementUsage","decl":{"start":{"line":103,"column":15},"end":{"line":103,"column":29}},"loc":{"start":{"line":103,"column":39},"end":{"line":113,"column":1}},"line":103},"6":{"name":"getAllOverrides","decl":{"start":{"line":120,"column":15},"end":{"line":120,"column":30}},"loc":{"start":{"line":120,"column":33},"end":{"line":131,"column":1}},"line":120},"7":{"name":"(anonymous_7)","decl":{"start":{"line":136,"column":25},"end":{"line":136,"column":26}},"loc":{"start":{"line":136,"column":55},"end":{"line":139,"column":1}},"line":136},"8":{"name":"saveEpgSnapshot","decl":{"start":{"line":149,"column":15},"end":{"line":149,"column":30}},"loc":{"start":{"line":149,"column":53},"end":{"line":168,"column":1}},"line":149},"9":{"name":"getEpgHistory","decl":{"start":{"line":177,"column":15},"end":{"line":177,"column":28}},"loc":{"start":{"line":177,"column":57},"end":{"line":192,"column":1}},"line":177},"10":{"name":"pruneEpgHistory","decl":{"start":{"line":200,"column":15},"end":{"line":200,"column":30}},"loc":{"start":{"line":200,"column":67},"end":{"line":213,"column":1}},"line":200},"11":{"name":"saveEpgPrograms","decl":{"start":{"line":226,"column":15},"end":{"line":226,"column":30}},"loc":{"start":{"line":226,"column":61},"end":{"line":258,"column":1}},"line":226},"12":{"name":"getEpgPrograms","decl":{"start":{"line":267,"column":15},"end":{"line":267,"column":29}},"loc":{"start":{"line":267,"column":52},"end":{"line":282,"column":1}},"line":267},"13":{"name":"getEpgProgramsMany","decl":{"start":{"line":291,"column":15},"end":{"line":291,"column":33}},"loc":{"start":{"line":291,"column":57},"end":{"line":311,"column":1}},"line":291},"14":{"name":"listEpgSources","decl":{"start":{"line":314,"column":15},"end":{"line":314,"column":29}},"loc":{"start":{"line":314,"column":32},"end":{"line":323,"column":1}},"line":314},"15":{"name":"setEpgSourceStatus","decl":{"start":{"line":326,"column":15},"end":{"line":326,"column":33}},"loc":{"start":{"line":326,"column":90},"end":{"line":340,"column":1}},"line":326},"16":{"name":"upsertEpgSource","decl":{"start":{"line":346,"column":15},"end":{"line":346,"column":30}},"loc":{"start":{"line":346,"column":36},"end":{"line":362,"column":1}},"line":346},"17":{"name":"pruneEpgPrograms","decl":{"start":{"line":369,"column":15},"end":{"line":369,"column":31}},"loc":{"start":{"line":369,"column":69},"end":{"line":379,"column":1}},"line":369},"18":{"name":"createUser","decl":{"start":{"line":391,"column":15},"end":{"line":391,"column":25}},"loc":{"start":{"line":391,"column":73},"end":{"line":408,"column":1}},"line":391},"19":{"name":"getUserByUsername","decl":{"start":{"line":415,"column":15},"end":{"line":415,"column":32}},"loc":{"start":{"line":415,"column":43},"end":{"line":427,"column":1}},"line":415},"20":{"name":"getUserById","decl":{"start":{"line":434,"column":15},"end":{"line":434,"column":26}},"loc":{"start":{"line":434,"column":35},"end":{"line":452,"column":1}},"line":434},"21":{"name":"updateUserConfig","decl":{"start":{"line":475,"column":15},"end":{"line":475,"column":31}},"loc":{"start":{"line":475,"column":63},"end":{"line":513,"column":1}},"line":475},"22":{"name":"getLogoUrl","decl":{"start":{"line":522,"column":15},"end":{"line":522,"column":25}},"loc":{"start":{"line":522,"column":37},"end":{"line":534,"column":1}},"line":522},"23":{"name":"setLogoUrl","decl":{"start":{"line":542,"column":15},"end":{"line":542,"column":25}},"loc":{"start":{"line":542,"column":66},"end":{"line":556,"column":1}},"line":542}},"branchMap":{"0":{"loc":{"start":{"line":7,"column":0},"end":{"line":13,"column":1}},"type":"if","locations":[{"start":{"line":7,"column":0},"end":{"line":13,"column":1}},{"start":{"line":11,"column":7},"end":{"line":13,"column":1}}],"line":7},"1":{"loc":{"start":{"line":22,"column":4},"end":{"line":22,"column":27}},"type":"if","locations":[{"start":{"line":22,"column":4},"end":{"line":22,"column":27}},{"start":{},"end":{}}],"line":22},"2":{"loc":{"start":{"line":28,"column":8},"end":{"line":28,"column":34}},"type":"if","locations":[{"start":{"line":28,"column":8},"end":{"line":28,"column":34}},{"start":{},"end":{}}],"line":28},"3":{"loc":{"start":{"line":43,"column":49},"end":{"line":43,"column":66}},"type":"default-arg","locations":[{"start":{"line":43,"column":62},"end":{"line":43,"column":66}}],"line":43},"4":{"loc":{"start":{"line":44,"column":4},"end":{"line":44,"column":22}},"type":"if","locations":[{"start":{"line":44,"column":4},"end":{"line":44,"column":22}},{"start":{},"end":{}}],"line":44},"5":{"loc":{"start":{"line":64,"column":44},"end":{"line":64,"column":56}},"type":"default-arg","locations":[{"start":{"line":64,"column":52},"end":{"line":64,"column":56}}],"line":64},"6":{"loc":{"start":{"line":65,"column":4},"end":{"line":65,"column":22}},"type":"if","locations":[{"start":{"line":65,"column":4},"end":{"line":65,"column":22}},{"start":{},"end":{}}],"line":65},"7":{"loc":{"start":{"line":84,"column":44},"end":{"line":84,"column":55}},"type":"default-arg","locations":[{"start":{"line":84,"column":52},"end":{"line":84,"column":55}}],"line":84},"8":{"loc":{"start":{"line":85,"column":4},"end":{"line":85,"column":22}},"type":"if","locations":[{"start":{"line":85,"column":4},"end":{"line":85,"column":22}},{"start":{},"end":{}}],"line":85},"9":{"loc":{"start":{"line":104,"column":4},"end":{"line":104,"column":22}},"type":"if","locations":[{"start":{"line":104,"column":4},"end":{"line":104,"column":22}},{"start":{},"end":{}}],"line":104},"10":{"loc":{"start":{"line":121,"column":4},"end":{"line":121,"column":25}},"type":"if","locations":[{"start":{"line":121,"column":4},"end":{"line":121,"column":25}},{"start":{},"end":{}}],"line":121},"11":{"loc":{"start":{"line":126,"column":15},"end":{"line":126,"column":25}},"type":"binary-expr","locations":[{"start":{"line":126,"column":15},"end":{"line":126,"column":19}},{"start":{"line":126,"column":23},"end":{"line":126,"column":25}}],"line":126},"12":{"loc":{"start":{"line":137,"column":4},"end":{"line":137,"column":55}},"type":"if","locations":[{"start":{"line":137,"column":4},"end":{"line":137,"column":55}},{"start":{},"end":{}}],"line":137},"13":{"loc":{"start":{"line":150,"column":4},"end":{"line":150,"colu
[...]
olumn":5}},"line":129},"9":{"name":"(anonymous_9)","decl":{"start":{"line":133,"column":4},"end":{"line":133,"column":5}},"loc":{"start":{"line":133,"column":25},"end":{"line":135,"column":5}},"line":133},"10":{"name":"(anonymous_10)","decl":{"start":{"line":137,"column":4},"end":{"line":137,"column":5}},"loc":{"start":{"line":137,"column":31},"end":{"line":140,"column":5}},"line":137},"11":{"name":"(anonymous_11)","decl":{"start":{"line":142,"column":4},"end":{"line":142,"column":5}},"loc":{"start":{"line":142,"column":26},"end":{"line":148,"column":5}},"line":142},"12":{"name":"(anonymous_12)","decl":{"start":{"line":145,"column":60},"end":{"line":145,"column":61}},"loc":{"start":{"line":146,"column":12},"end":{"line":146,"column":53}},"line":146},"13":{"name":"(anonymous_13)","decl":{"start":{"line":150,"column":4},"end":{"line":150,"column":5}},"loc":{"start":{"line":150,"column":27},"end":{"line":157,"column":5}},"line":150},"14":{"name":"(anonymous_14)","decl":{"start":{"line":159,"column":4},"end":{"line":159,"column":5}},"loc":{"start":{"line":159,"column":22},"end":{"line":161,"column":5}},"line":159},"15":{"name":"(anonymous_15)","decl":{"start":{"line":160,"column":63},"end":{"line":160,"column":64}},"loc":{"start":{"line":160,"column":68},"end":{"line":160,"column":74}},"line":160},"16":{"name":"(anonymous_16)","decl":{"start":{"line":163,"column":4},"end":{"line":163,"column":5}},"loc":{"start":{"line":163,"column":24},"end":{"line":165,"column":5}},"line":163},"17":{"name":"(anonymous_17)","decl":{"start":{"line":167,"column":4},"end":{"line":167,"column":5}},"loc":{"start":{"line":167,"column":36},"end":{"line":169,"column":5}},"line":167},"18":{"name":"(anonymous_18)","decl":{"start":{"line":171,"column":4},"end":{"line":171,"column":5}},"loc":{"start":{"line":171,"column":30},"end":{"line":173,"column":5}},"line":171},"19":{"name":"(anonymous_19)","decl":{"start":{"line":175,"column":4},"end":{"line":175,"column":5}},"loc":{"start":{"line":175,"column":28},"end":{"line":177,"column":5}},"line":175},"20":{"name":"(anonymous_20)","decl":{"start":{"line":179,"column":4},"end":{"line":179,"column":5}},"loc":{"start":{"line":179,"column":22},"end":{"line":181,"column":5}},"line":179},"21":{"name":"(anonymous_21)","decl":{"start":{"line":183,"column":4},"end":{"line":183,"column":5}},"loc":{"start":{"line":183,"column":34},"end":{"line":185,"column":5}},"line":183},"22":{"name":"(anonymous_22)","decl":{"start":{"line":187,"column":4},"end":{"line":187,"column":5}},"loc":{"start":{"line":187,"column":18},"end":{"line":206,"column":5}},"line":187},"23":{"name":"(anonymous_23)","decl":{"start":{"line":208,"column":4},"end":{"line":208,"column":5}},"loc":{"start":{"line":208,"column":24},"end":{"line":222,"column":5}},"line":208},"24":{"name":"subscribe","decl":{"start":{"line":233,"column":16},"end":{"line":233,"column":25}},"loc":{"start":{"line":233,"column":36},"end":{"line":236,"column":1}},"line":233},"25":{"name":"(anonymous_25)","decl":{"start":{"line":235,"column":11},"end":{"line":235,"column":12}},"loc":{"start":{"line":235,"column":17},"end":{"line":235,"column":45}},"line":235},"26":{"name":"notify","decl":{"start":{"line":241,"column":9},"end":{"line":241,"column":15}},"loc":{"start":{"line":241,"column":18},"end":{"line":243,"column":1}},"line":241},"27":{"name":"(anonymous_27)","decl":{"start":{"line":242,"column":24},"end":{"line":242,"column":25}},"loc":{"start":{"line":242,"column":30},"end":{"line":242,"column":39}},"line":242},"28":{"name":"(anonymous_28)","decl":{"start":{"line":247,"column":31},"end":{"line":247,"column":32}},"loc":{"start":{"line":247,"column":38},"end":{"line":252,"column":1}},"line":247},"29":{"name":"(anonymous_29)","decl":{"start":{"line":248,"column":21},"end":{"line":248,"column":22}},"loc":{"start":{"line":248,"column":39},"end":{"line":251,"column":5}},"line":248}},"branchMap":{"0":{"loc":{"start":{"line":53,"column":8},"end":{"line":59,"column":9}},"type":"if","locations":[{"start":{"line":53,"column":8},"end":{"line":59,"column":9}},{"start":{"line":57,"column":15},"end":{"line":59,"column":9}}],"line":53},"1":{"loc":{"start":{"line":63,"column":23},"end":{"line":63,"column":47}},"type":"binary-expr","locations":[{"start":{"line":63,"column":23},"end":{"line":63,"column":41}},{"start":{"line":63,"column":45},"end":{"line":63,"column":47}}],"line":63},"2":{"loc":{"start":{"line":73,"column":15},"end":{"line":73,"column":48}},"type":"binary-expr","locations":[{"start":{"line":73,"column":15},"end":{"line":73,"column":42}},{"start":{"line":73,"column":46},"end":{"line":73,"column":48}}],"line":73},"3":{"loc":{"start":{"line":77,"column":8},"end":{"line":79,"column":9}},"type":"if","locations":[{"start":{"line":77,"column":8},"end":{"line":79,"column":9}},{"start":{},"end":{}}],"line":77},"4":{"loc":{"start":{"line":80,"column":15},"end":{"line":80,"column":93}},"type":"binary-expr","locations":[{"start":{"line":80,"column":15},"end":{"line":80,"column":39}},{"start":{"line":80,"column":43},"end":{"line":80,"column":66}},{"start":{"line":80,"column":70},"end":{"line":80,"column":93}}],"line":80},"5":{"loc":{"start":{"line":84,"column":15},"end":{"line":84,"column":69}},"type":"binary-expr","locations":[{"start":{"line":84,"column":15},"end":{"line":84,"column":37}},{"start":{"line":84,"column":41},"end":{"line":84,"column":69}}],"line":84},"6":{"loc":{"start":{"line":115,"column":8},"end":{"line":118,"column":9}},"type":"if","locations":[{"start":{"line":115,"column":8},"end":{"line":118,"column":9}},{"start":{},"end":{}}],"line":115},"7":{"loc":{"start":{"line":122,"column":8},"end":{"line":125,"column":9}},"type":"if","locations":[{"start":{"line":122,"column":8},"end":{"line":125,"column":9}},{"start":{},"end":{}}],"line":122},"8":{"loc":{"start":{"line":152,"column":8},"end":{"line":156,"column":9}},"type":"if","locations":[{"start":{"line":152,"column":8},"end":{"line":156,"column":9}},{"start":{"line":154,"column":15},"end":{"line":156,"column":9}}],"line":152},"9":{"loc":{"start":{"line":211,"column":8},"end":{"line":221,"column":9}},"type":"if","locations":[{"start":{"line":211,"column":8},"end":{"line":221,"column":9}},{"start":{},"end":{}}],"line":211},"10":{"loc":{"start":{"line":211,"column":12},"end":{"line":211,"column":28}},"type":"binary-expr","locations":[{"start":{"line":211,"column":12},"end":{"line":211,"column":17}},{"start":{"line":211,"column":21},"end":{"line":211,"column":28}}],"line":211}},"s":{"0":0,"1":0,"2":0,"3":0,"4":0,"5":0,"6":0,"7":0,"8":0,"9":0,"10":0,"11":0,"12":0,"13":0,"14":0,"15":0,"16":0,"17":0,"18":0,"19":0,"20":0,"21":0,"22":0,"23":0,"24":0,"25":0,"26":0,"27":0,"28":0,"29":0,"30":0,"31":0,"32":0,"33":0,"34":0,"35":0,"36":0,"37":0,"38":0,"39":0,"40":0,"41":0,"42":0,"43":0,"44":0,"45":0,"46":0,"47":0,"48":0,"49":0,"50":0,"51":0,"52":0,"53":0,"54":0,"55":0,"56":0,"57":0,"58":0,"59":0,"60":0,"61":0,"62":0,"63":0,"64":0,"65":0,"66":0,"67":0,"68":0,"69":0,"70":0,"71":0,"72":0,"73":0,"74":0,"75":0,"76":0,"77":0,"78":0,"79":0,"80":0,"81":0,"82":0,"83":0,"84":0,"85":0},"f":{"0":0,"1":0,"2":0,"3":0,"4":0,"5":0,"6":0,"7":0,"8":0,"9":0,"10":0,"11":0,"12":0,"13":0,"14":0,"15":0,"16":0,"17":0,"18":0,"19":0,"20":0,"21":0,"22":0,"23":0,"24":0,"25":0,"26":0,"27":0,"28":0,"29":0},"b":{"0":[0,0],"1":[0,0],"2":[0,0],"3":[0,0],"4":[0,0,0],"5":[0,0],"6":[0,0],"7":[0,0],"8":[0,0],"9":[0,0],"10":[0,0]}}
,"/home/jailuser/git/dashboard/js/toast.js": {"path":"/home/jailuser/git/dashboard/js/toast.js","statementMap":{"0":{"start":{"line":3,"column":18},"end":{"line":3,"column":59}},"1":{"start":{"line":5,"column":14},"end":{"line":10,"column":1}},"2":{"start":{"line":21,"column":4},"end":{"line":21,"column":27}},"3":{"start":{"line":21,"column":20},"end":{"line":21,"column":27}},"4":{"start":{"line":23,"column":18},"end":{"line":23,"column":47}},"5":{"start":{"line":24,"column":4},"end":{"line":24,"column":38}},"6":{"start":{"line":26,"column":21},"end":{"line":26,"column":51}},"7":{"start":{"line":27,"column":4},"end":{"line":27,"column":38}},"8":{"start":{"line":29,"column":20},"end":{"line":29,"column":45}},"9":{"start":{"line":30,"column":4},"end":{"line":30,"column":67}},"10":{"start":{"line":32,"column":23},"end":{"line":32,"column":52}},"11":{"start":{"line":33,"column":4},"end":{"line":33,"column":43}},"12":{"start":{"line":35,"column":21},"end":{"line":35,"column":50}},"13":{"start":{"line":36,"column":4},"end":{"line":36,"column":39}},"14":{"start":{"line":37,"column":4},"end":{"line":37,"column":33}},"15":{"start":{"line":38,"column":4},"end":{"line":38,"column":37}},"16":{"start":{"line":40,"column":4},"end":{"line":45,"column":5}},"17":{"start":{"line":41,"column":27},"end":{"line":41,"column":56}},"18":{"start":{"line":42,"column":8},"end":{"line":42,"column":47}},"19":{"start":{"line":43,"column":8},"end":{"line":43,"column":41}},"20":{"start":{"line":44,"column":8},"end":{"line":44,"column":43}},"21":{"start":{"line":47,"column":21},"end":{"line":47,"column":53}},"22":{"start":{"line":48,"column":4},"end":{"line":48,"column":39}},"23":{"start":{"line":49,"column":4},"end":{"line":49,"column":51}},"24":{"start":{"line":50,"column":4},"end":{"line":50,"column":219}},"25":{"start":{"line":51,"column":4},"end":{"line":51,"column":65}},"26":{"start":{"line":51,"column":45},"end":{"line":51,"column":63}},"27":{"start":{"line":53,"column":4},"end":{"line":53,"column":32}},"28":{"start":{"line":54,"column":4},"end":{"line":54,"column":34}},"29":{"start":{"line":55,"column":4},"end":{"line":55,"column":32}},"30":{"start":{"line":57,"column":4},"end":{"line":57,"column":33}},"31":{"start":{"line":60,"column":4},"end":{"line":62,"column":5}},"32":{"start":{"line":61,"column":8},"end":{"line":61,"column":55}},"33":{"start":{"line":61,"column":25},"end":{"line":61,"column":43}},"34":{"start":{"line":64,"column":4},"end":{"line":64,"column":17}},"35":{"start":{"line":72,"column":4},"end":{"line":72,"column":61}},"36":{"start":{"line":73,"column":4},"end":{"line":73,"column":42}},"37":{"start":{"line":73,"column":21},"end":{"line":73,"column":35}},"38":{"start":{"line":76,"column":21},"end":{"line":81,"column":1}},"39":{"start":{"line":77,"column":43},"end":{"line":77,"column":89}},"40":{"start":{"line":78,"column":41},"end":{"line":78,"column":85}},"41":{"start":{"line":79,"column":43},"end":{"line":79,"column":89}},"42":{"start":{"line":80,"column":40},"end":{"line":80,"column":83}}},"fnMap":{"0":{"name":"showToast","decl":{"start":{"line":20,"column":16},"end":{"line":20,"column":25}},"loc":{"start":{"line":20,"column":65},"end":{"line":65,"column":1}},"line":20},"1":{"name":"(anonymous_1)","decl":{"start":{"line":51,"column":39},"end":{"line":51,"column":40}},"loc":{"start":{"line":51,"column":45},"end":{"line":51,"column":63}},"line":51},"2":{"name":"(anonymous_2)","decl":{"start":{"line":61,"column":19},"end":{"line":61,"column":20}},"loc":{"start":{"line":61,"column":25},"end":{"line":61,"column":43}},"line":61},"3":{"name":"removeToast","decl":{"start":{"line":71,"column":9},"end":{"line":71,"column":20}},"loc":{"start":{"line":71,"column":28},"end":{"line":74,"column":1}},"line":71},"4":{"name":"(anonymous_4)","decl":{"start":{"line":73,"column":15},"end":{"line":73,"column":16}},"loc":{"start":{"line":73,"column":21},"end":{"line":73,"column":35}},"line":73},"5":{"name":"(anonymous_5)","decl":{"start":{"line":77,"column":13},"end":{"line":77,"column":14}},"loc":{"start":{"line":77,"column":43},"end":{"line":77,"column":89}},"line":77},"6":{"name":"(anonymous_6)","decl":{"start":{"line":78,"column":11},"end":{"line":78,"column":12}},"loc":{"start":{"line":78,"column":41},"end":{"line":78,"column":85}},"line":78},"7":{"name":"(anonymous_7)","decl":{"start":{"line":79,"column":13},"end":{"line":79,"column":14}},"loc":{"start":{"line":79,"column":43},"end":{"line":79,"column":89}},"line":79},"8":{"name":"(anonymous_8)","decl":{"start":{"line":80,"column":10},"end":{"line":80,"column":11}},"loc":{"start":{"line":80,"column":40},"end":{"line":80,"column":83}},"line":80}},"branchMap":{"0":{"loc":{"start":{"line":20,"column":48},"end":{"line":20,"column":63}},"type":"default-arg","locations":[{"start":{"line":20,"column":59},"end":{"line":20,"column":63}}],"line":20},"1":{"loc":{"start":{"line":21,"column":4},"end":{"line":21,"column":27}},"type":"if","locations":[{"start":{"line":21,"column":4},"end":{"line":21,"column":27}},{"start":{},"end":{}}],"line":21},"2":{"loc":{"start":{"line":29,"column":20},"end":{"line":29,"column":45}},"type":"binary-expr","locations":[{"start":{"line":29,"column":20},"end":{"line":29,"column":31}},{"start":{"line":29,"column":35},"end":{"line":29,"column":45}}],"line":29},"3":{"loc":{"start":{"line":40,"column":4},"end":{"line":45,"column":5}},"type":"if","locations":[{"start":{"line":40,"column":4},"end":{"line":45,"column":5}},{"start":{},"end":{}}],"line":40},"4":{"loc":{"start":{"line":60,"column":4},"end":{"line":62,"column":5}},"type":"if","locations":[{"start":{"line":60,"column":4},"end":{"line":62,"column":5}},{"start":{},"end":{}}],"line":60}},"s":{"0":0,"1":0,"2":0,"3":0,"4":0,"5":0,"6":0,"7":0,"8":0,"9":0,"10":0,"11":0,"12":0,"13":0,"14":0,"15":0,"16":0,"17":0,"18":0,"19":0,"20":0,"21":0,"22":0,"23":0,"24":0,"25":0,"26":0,"27":0,"28":0,"29":0,"30":0,"31":0,"32":0,"33":0,"34":0,"35":0,"36":0,"37":0,"38":0,"39":0,"40":0,"41":0,"42":0},"f":{"0":0,"1":0,"2":0,"3":0,"4":0,"5":0,"6":0,"7":0,"8":0},"b":{"0":[0],"1":[0,0],"2":[0,0],"3":[0,0],"4":[0,0]}}
,"/home/jailuser/git/test-helpers/loadEsm.js": {"path":"/home/jailuser/git/test-helpers/loadEsm.js","statementMap":{"0":{"start":{"line":21,"column":11},"end":{"line":21,"column":24}},"1":{"start":{"line":22,"column":13},"end":{"line":22,"column":28}},"2":{"start":{"line":23,"column":11},"end":{"line":23,"column":24}},"3":{"start":{"line":32,"column":22},"end":{"line":39,"column":1}},"4":{"start":{"line":49,"column":47},"end":{"line":49,"column":54}},"5":{"start":{"line":53,"column":21},"end":{"line":53,"column":50}},"6":{"start":{"line":54,"column":20},"end":{"line":54,"column":91}},"7":{"start":{"line":55,"column":15},"end":{"line":55,"column":47}},"8":{"start":{"line":57,"column":26},"end":{"line":57,"column":35}},"9":{"start":{"line":59,"column":4},"end":{"line":62,"column":7}},"10":{"start":{"line":60,"column":8},"end":{"line":60,"column":32}},"11":{"start":{"line":61,"column":8},"end":{"line":61,"column":31}},"12":{"start":{"line":63,"column":4},"end":{"line":66,"column":7}},"13":{"start":{"line":64,"column":8},"end":{"line":64,"column":32}},"14":{"start":{"line":65,"column":8},"end":{"line":65,"column":34}},"15":{"start":{"line":67,"column":4},"end":{"line":70,"column":7}},"16":{"start":{"line":68,"column":8},"end":{"line":68,"column":32}},"17":{"start":{"line":69,"column":8},"end":{"line":69,"column":31}},"18":{"start":{"line":72,"column":28},"end":{"line":72,"column":32}},"19":{"start":{"line":73,"column":4},"end":{"line":76,"column":7}},"20":{"start":{"line":74,"column":8},"end":{"line":74,"column":33}},"21":{"start":{"line":75,"column":8},"end":{"line":75,"column":18}},"22":{"start":{"line":79,"column":4},"end":{"line":85,"column":7}},"23":{"start":{"line":80,"column":8},"end":{"line":84,"column":24}},"24":{"start":{"line":82,"column":22},"end":{"line":82,"column":30}},"25":{"start":{"line":83,"column":22},"end":{"line":83,"column":75}},"26":{"start":{"line":87,"column":24},"end":{"line":87,"column":110}},"27":{"start":{"line":87,"column":52},"end":{"line":87,"column":98}},"28":{"start":{"line":88,"column":24},"end":{"line":88,"column":97}},"29":{"start":{"line":90,"column":20},"end":{"line":90,"column":61}},"30":{"start":{"line":92,"column":30},"end":{"line":92,"column":50}},"31":{"start":{"line":93,"column":23},"end":{"line":93,"column":114}},"32":{"start":{"line":95,"column":15},"end":{"line":95,"column":77}},"33":{"start":{"line":97,"column":22},"end":{"line":97,"column":37}},"34":{"start":{"line":98,"column":17},"end":{"line":102,"column":5}},"35":{"start":{"line":100,"column":34},"end":{"line":100,"column":47}},"36":{"start":{"line":101,"column":38},"end":{"line":101,"column":48}},"37":{"start":{"line":103,"column":4},"end":{"line":103,"column":16}},"38":{"start":{"line":105,"column":4},"end":{"line":105,"column":29}},"39":{"start":{"line":108,"column":0},"end":{"line":108,"column":35}}},"fnMap":{"0":{"name":"loadEsmModule","decl":{"start":{"line":48,"column":9},"end":{"line":48,"column":22}},"loc":{"start":{"line":48,"column":47},"end":{"line":106,"column":1}},"line":48},"1":{"name":"(anonymous_1)","decl":{"start":{"line":59,"column":51},"end":{"line":59,"column":52}},"loc":{"start":{"line":59,"column":64},"end":{"line":62,"column":5}},"line":59},"2":{"name":"(anonymous_2)","decl":{"start":{"line":63,"column":54},"end":{"line":63,"column":55}},"loc":{"start":{"line":63,"column":67},"end":{"line":66,"column":5}},"line":63},"3":{"name":"(anonymous_3)","decl":{"start":{"line":67,"column":51},"end":{"line":67,"column":52}},"loc":{"start":{"line":67,"column":64},"end":{"line":70,"column":5}},"line":67},"4":{"name":"(anonymous_4)","decl":{"start":{"line":73,"column":58},"end":{"line":73,"column":59}},"loc":{"start":{"line":73,"column":71},"end":{"line":76,"column":5}},"line":73},"5":{"name":"(anonymous_5)","decl":{"start":{"line":79,"column":79},"end":{"line":79,"column":80}},"loc":{"start":{"line":79,"column":93},"end":{"line":85,"column":5}},"line":79},"6":{"name":"(anonymous_6)","decl":{"start":{"line":82,"column":17},"end":{"line":82,"column":18}},"loc":{"start":{"line":82,"column":22},"end":{"line":82,"column":30}},"line":82},"7":{"name":"(anonymous_7)","decl":{"start":{"line":83,"column":17},"end":{"line":83,"column":18}},"loc":{"start":{"line":83,"column":22},"end":{"line":83,"column":75}},"line":83},"8":{"name":"(anonymous_8)","decl":{"start":{"line":87,"column":47},"end":{"line":87,"column":48}},"loc":{"start":{"line":87,"column":52},"end":{"line":87,"column":98}},"line":87},"9":{"name":"(anonymous_9)","decl":{"start":{"line":100,"column":29},"end":{"line":100,"column":30}},"loc":{"start":{"line":100,"column":34},"end":{"line":100,"column":47}},"line":100},"10":{"name":"(anonymous_10)","decl":{"start":{"line":101,"column":33},"end":{"line":101,"column":34}},"loc":{"start":{"line":101,"column":38},"end":{"line":101,"column":48}},"line":101}},"branchMap":{"0":{"loc":{"start":{"line":48,"column":33},"end":{"line":48,"column":45}},"type":"default-arg","locations":[{"start":{"line":48,"column":43},"end":{"line":48,"column":45}}],"line":48},"1":{"loc":{"start":{"line":49,"column":12},"end":{"line":49,"column":28}},"type":"default-arg","locations":[{"start":{"line":49,"column":26},"end":{"line":49,"column":28}}],"line":49},"2":{"loc":{"start":{"line":49,"column":30},"end":{"line":49,"column":42}},"type":"default-arg","locations":[{"start":{"line":49,"column":40},"end":{"line":49,"column":42}}],"line":49},"3":{"loc":{"start":{"line":54,"column":20},"end":{"line":54,"column":91}},"type":"cond-expr","locations":[{"start":{"line":54,"column":48},"end":{"line":54,"column":56}},{"start":{"line":54,"column":59},"end":{"line":54,"column":91}}],"line":54},"4":{"loc":{"start":{"line":88,"column":24},"end":{"line":88,"column":97}},"type":"cond-expr","locations":[{"start":{"line":88,"column":44},"end":{"line":88,"column":92}},{"start":{"line":88,"column":95},"end":{"line":88,"column":97}}],"line":88}},"s":{"0":3,"1":3,"2":3,"3":3,"4":53,"5":53,"6":53,"7":53,"8":53,"9":53,"10":78,"11":78,"12":53,"13":58,"14":58,"15":53,"16":0,"17":0,"18":53,"19":53,"20":25,"21":25,"22":53,"23":25,"24":25,"25":25,"26":53,"27":136,"28":53,"29":53,"30":53,"31":53,"32":53,"33":53,"34":53,"35":1325,"36":53,"37":53,"38":53,"39":3},"f":{"0":53,"1":78,"2":58,"3":0,"4":25,"5":25,"6":25,"7":25,"8":136,"9":1325,"10":53},"b":{"0":[0],"1":[28],"2":[0],"3":[0,53],"4":[25,28]},"_coverageSchema":"1a1c01bbd47fc00a2c39e90264f33305004495a9","hash":"a1a7d1dfd05d81644b8d945203d5281e3bd16797"}
}
