TN:
SF:addon-cache.worker.js
FN:34,shouldCache
FN:52,cachePolicy
FN:60,(anonymous_2)
FNF:3
FNH:0
FNDA:0,shouldCache
FNDA:0,cachePolicy
FNDA:0,(anonymous_2)
DA:23,0
DA:24,0
DA:25,0
DA:26,0
DA:35,0
DA:36,0
DA:37,0
DA:38,0
DA:39,0
DA:40,0
DA:42,0
DA:43,0
DA:44,0
DA:53,0
DA:54,0
DA:55,0
DA:56,0
DA:61,0
DA:64,0
DA:65,0
DA:69,0
DA:70,0
DA:75,0
DA:76,0
DA:77,0
DA:78,0
DA:79,0
DA:80,0
DA:81,0
DA:85,0
DA:90,0
DA:93,0
DA:94,0
DA:95,0
DA:96,0
DA:97,0
DA:99,0
DA:100,0
DA:103,0
LF:39
LH:0
BRDA:36,0,0,0
BRDA:36,0,1,0
BRDA:37,1,0,0
BRDA:37,1,1,0
BRDA:38,2,0,0
BRDA:38,2,1,0
BRDA:40,3,0,0
BRDA:40,3,1,0
BRDA:40,4,0,0
BRDA:40,4,1,0
BRDA:40,4,2,0
BRDA:42,5,0,0
BRDA:42,5,1,0
BRDA:43,6,0,0
BRDA:43,6,1,0
BRDA:53,7,0,0
BRDA:53,7,1,0
BRDA:54,8,0,0
BRDA:54,8,1,0
BRDA:55,9,0,0
BRDA:55,9,1,0
BRDA:64,10,0,0
BRDA:64,10,1,0
BRDA:70,11,0,0
BRDA:70,11,1,0
BRDA:80,12,0,0
BRDA:80,12,1,0
BRDA:87,13,0,0
BRDA:87,13,1,0
BRDA:93,14,0,0
BRDA:93,14,1,0
BRDA:93,15,0,0
BRDA:93,15,1,0
BRF:33
BRH:0
end_of_record
TN:
SF:aiCurator.js
FN:10,sanitizeForLog
FN:28,processAiBatch
FN:106,startAiQueue
FN:121,runAiQueue
FN:130,(anonymous_4)
FN:142,(anonymous_5)
FN:149,(anonymous_6)
FN:164,(anonymous_7)
FN:173,(anonymous_8)
FN:201,(anonymous_9)
FN:202,(anonymous_10)
FN:210,(anonymous_11)
FN:210,(anonymous_12)
FN:226,(anonymous_13)
FN:255,(anonymous_14)
FN:267,(anonymous_15)
FNF:16
FNH:12
FNDA:38,sanitizeForLog
FNDA:7,processAiBatch
FNDA:14,startAiQueue
FNDA:9,runAiQueue
FNDA:9,(anonymous_4)
FNDA:0,(anonymous_5)
FNDA:9,(anonymous_6)
FNDA:0,(anonymous_7)
FNDA:9,(anonymous_8)
FNDA:7,(anonymous_9)
FNDA:7,(anonymous_10)
FNDA:0,(anonymous_11)
FNDA:7,(anonymous_12)
FNDA:5,(anonymous_13)
FNDA:1,(anonymous_14)
FNDA:0,(anonymous_15)
DA:1,2
DA:2,2
DA:3,2
DA:11,38
DA:12,36
DA:19,2
DA:29,7
DA:32,7
DA:41,7
DA:42,7
DA:43,7
DA:58,4
DA:59,4
DA:60,0
DA:61,0
DA:63,4
DA:64,4
DA:66,4
DA:67,4
DA:68,4
DA:69,4
DA:71,0
DA:72,0
DA:75,4
DA:76,4
DA:79,4
DA:81,0
DA:82,0
DA:85,3
DA:86,3
DA:87,2
DA:88,2
DA:90,1
DA:91,1
DA:104,2
DA:107,14
DA:108,10
DA:109,1
DA:110,1
DA:112,9
DA:114,9
DA:115,9
DA:117,9
DA:122,9
DA:124,9
DA:127,9
DA:128,9
DA:130,9
DA:132,9
DA:133,9
DA:135,9
DA:138,9
DA:141,9
DA:142,9
DA:148,9
DA:150,9
DA:151,9
DA:152,9
DA:153,9
DA:154,9
DA:155,9
DA:156,9
DA:157,9
DA:158,9
DA:159,9
DA:160,9
DA:161,9
DA:162,9
DA:164,0
DA:165,9
DA:166,9
DA:168,9
DA:169,9
DA:172,9
DA:173,9
DA:176,9
DA:177,9
DA:178,9
DA:179,9
DA:182,9
DA:183,9
DA:184,9
DA:187,9
DA:189,9
DA:191,2
DA:194,7
DA:196,7
DA:197,7
DA:201,9
DA:202,9
DA:203,9
DA:204,9
DA:205,7
DA:206,7
DA:207,7
DA:210,9
DA:211,9
DA:212,2
DA:213,2
DA:216,7
DA:218,7
DA:219,7
DA:220,7
DA:221,7
DA:222,2
DA:223,2
DA:226,5
DA:227,5
DA:228,3
DA:229,3
DA:230,3
DA:233,3
DA:234,3
DA:235,3
DA:239,3
DA:242,3
DA:247,2
DA:248,2
DA:254,1
DA:255,1
DA:256,1
DA:257,1
DA:260,3
DA:261,3
DA:266,5
DA:267,0
DA:270,7
DA:273,2
LF:128
LH:120
BRDA:11,0,0,2
BRDA:11,0,1,36
BRDA:29,1,0,0
BRDA:29,1,1,7
BRDA:44,2,0,7
BRDA:44,2,1,7
BRDA:59,3,0,0
BRDA:59,3,1,4
BRDA:59,4,0,4
BRDA:59,4,1,4
BRDA:68,5,0,4
BRDA:68,5,1,0
BRDA:68,6,0,4
BRDA:68,6,1,4
BRDA:68,6,2,4
BRDA:79,7,0,4
BRDA:79,7,1,0
BRDA:79,8,0,4
BRDA:79,8,1,4
BRDA:79,8,2,4
BRDA:85,9,0,2
BRDA:85,9,1,1
BRDA:86,10,0,2
BRDA:86,10,1,1
BRDA:86,11,0,3
BRDA:86,11,1,1
BRDA:107,12,0,4
BRDA:107,12,1,10
BRDA:107,13,0,14
BRDA:107,13,1,13
BRDA:107,13,2,12
BRDA:108,14,0,1
BRDA:108,14,1,9
BRDA:122,15,0,0
BRDA:122,15,1,9
BRDA:122,16,0,9
BRDA:122,16,1,9
BRDA:122,16,2,9
BRDA:132,17,0,9
BRDA:132,17,1,0
BRDA:138,18,0,9
BRDA:138,18,1,9
BRDA:151,19,0,9
BRDA:151,19,1,4
BRDA:152,20,0,9
BRDA:152,20,1,0
BRDA:153,21,0,9
BRDA:153,21,1,0
BRDA:154,22,0,9
BRDA:154,22,1,9
BRDA:155,23,0,9
BRDA:155,23,1,0
BRDA:157,24,0,0
BRDA:157,24,1,9
BRDA:158,25,0,0
BRDA:158,25,1,9
BRDA:159,26,0,2
BRDA:159,26,1,7
BRDA:160,27,0,0
BRDA:160,27,1,9
BRDA:161,28,0,5
BRDA:161,28,1,4
BRDA:172,29,0,9
BRDA:172,29,1,0
BRDA:177,30,0,9
BRDA:177,30,1,4
BRDA:178,31,0,9
BRDA:178,31,1,0
BRDA:179,32,0,9
BRDA:179,32,1,0
BRDA:182,33,0,9
BRDA:182,33,1,9
BRDA:183,34,0,9
BRDA:183,34,1,0
BRDA:184,35,0,9
BRDA:184,35,1,0
BRDA:187,36,0,9
BRDA:187,36,1,7
BRDA:189,37,0,2
BRDA:189,37,1,7
BRDA:194,38,0,0
BRDA:194,38,1,7
BRDA:196,39,0,7
BRDA:196,39,1,0
BRDA:196,40,0,7
BRDA:196,40,1,5
BRDA:196,40,2,2
BRDA:196,40,3,2
BRDA:196,40,4,2
BRDA:196,40,5,2
BRDA:197,41,0,7
BRDA:197,41,1,0
BRDA:206,42,0,7
BRDA:206,42,1,0
BRDA:206,43,0,7
BRDA:206,43,1,0
BRDA:210,44,0,7
BRDA:210,44,1,0
BRDA:211,45,0,2
BRDA:211,45,1,7
BRDA:221,46,0,2
BRDA:221,46,1,5
BRDA:228,47,0,3
BRDA:228,47,1,0
BRDA:228,48,0,3
BRDA:228,48,1,3
BRDA:228,48,2,3
BRDA:229,49,0,3
BRDA:229,49,1,0
BRDA:233,50,0,3
BRDA:233,50,1,0
BRDA:235,51,0,0
BRDA:235,51,1,3
BRDA:239,52,0,3
BRDA:239,52,1,1
BRDA:242,53,0,2
BRDA:242,53,1,1
BRDA:254,54,0,1
BRDA:254,54,1,0
BRDA:256,55,0,1
BRDA:256,55,1,0
BRDA:256,56,0,1
BRDA:256,56,1,1
BRDA:266,57,0,0
BRDA:266,57,1,5
BRF:125
BRH:95
end_of_record
TN:
SF:catchup.js
FN:15,extractM3uCatchupInfo
FN:29,extractXtreamCatchupInfo
FN:46,buildCatchupUrl
FN:59,(anonymous_3)
FN:74,getCatchupStreams
FN:79,(anonymous_5)
FN:91,(anonymous_6)
FN:108,snapshotAllEpgToHistory
FN:135,isCatchupCapableUrl
FNF:9
FNH:1
FNDA:0,extractM3uCatchupInfo
FNDA:0,extractXtreamCatchupInfo
FNDA:0,buildCatchupUrl
FNDA:0,(anonymous_3)
FNDA:0,getCatchupStreams
FNDA:0,(anonymous_5)
FNDA:0,(anonymous_6)
FNDA:6,snapshotAllEpgToHistory
FNDA:0,isCatchupCapableUrl
DA:7,4
DA:16,0
DA:17,0
DA:18,0
DA:20,0
DA:21,0
DA:30,0
DA:31,0
DA:32,0
DA:33,0
DA:51,0
DA:52,0
DA:53,0
DA:54,0
DA:55,0
DA:56,0
DA:58,0
DA:59,0
DA:60,0
DA:63,0
DA:75,0
DA:76,0
DA:79,0
DA:81,0
DA:82,0
DA:83,0
DA:84,0
DA:86,0
DA:87,0
DA:89,0
DA:90,0
DA:91,0
DA:92,0
DA:94,0
DA:101,0
DA:109,6
DA:110,6
DA:112,6
DA:113,10
DA:115,4
DA:116,7
DA:117,5
DA:118,5
DA:119,5
DA:123,6
DA:136,0
DA:137,0
DA:138,0
DA:141,4
LF:49
LH:12
BRDA:17,0,0,0
BRDA:17,0,1,0
BRDA:18,1,0,0
BRDA:18,1,1,0
BRDA:20,2,0,0
BRDA:20,2,1,0
BRDA:21,3,0,0
BRDA:21,3,1,0
BRDA:30,4,0,0
BRDA:30,4,1,0
BRDA:31,5,0,0
BRDA:31,5,1,0
BRDA:33,6,0,0
BRDA:33,6,1,0
BRDA:52,7,0,0
BRDA:52,7,1,0
BRDA:55,8,0,0
BRDA:55,8,1,0
BRDA:74,9,0,0
BRDA:76,10,0,0
BRDA:76,10,1,0
BRDA:76,11,0,0
BRDA:76,11,1,0
BRDA:84,12,0,0
BRDA:84,12,1,0
BRDA:87,13,0,0
BRDA:87,13,1,0
BRDA:96,14,0,0
BRDA:96,14,1,0
BRDA:113,15,0,6
BRDA:113,15,1,4
BRDA:113,16,0,10
BRDA:113,16,1,8
BRDA:113,16,2,6
BRDA:116,17,0,2
BRDA:116,17,1,5
BRDA:116,18,0,7
BRDA:116,18,1,6
BRDA:136,19,0,0
BRDA:136,19,1,0
BRF:40
BRH:9
end_of_record
TN:
SF:cryptoUtils.js
FN:9,getMasterKey
FN:24,deriveKey
FN:26,(anonymous_2)
FN:27,(anonymous_3)
FN:40,encryptConfig
FN:77,decryptConfig
FN:111,configKeyFingerprint
FN:122,hashPassword
FN:127,(anonymous_8)
FN:128,(anonymous_9)
FN:144,verifyPassword
FN:151,(anonymous_11)
FN:152,(anonymous_12)
FN:167,generateSessionToken
FNF:14
FNH:1
FNDA:0,getMasterKey
FNDA:0,deriveKey
FNDA:0,(anonymous_2)
FNDA:0,(anonymous_3)
FNDA:0,encryptConfig
FNDA:0,decryptConfig
FNDA:2,configKeyFingerprint
FNDA:0,hashPassword
FNDA:0,(anonymous_8)
FNDA:0,(anonymous_9)
FNDA:0,verifyPassword
FNDA:0,(anonymous_11)
FNDA:0,(anonymous_12)
FNDA:0,generateSessionToken
DA:5,3
DA:10,0
DA:11,0
DA:12,0
DA:15,0
DA:26,0
DA:27,0
DA:28,0
DA:29,0
DA:41,0
DA:46,0
DA:47,0
DA:50,0
DA:53,0
DA:55,0
DA:56,0
DA:57,0
DA:60,0
DA:62,0
DA:78,0
DA:79,0
DA:83,0
DA:84,0
DA:85,0
DA:88,0
DA:89,0
DA:92,0
DA:94,0
DA:95,0
DA:97,0
DA:99,0
DA:101,0
DA:102,0
DA:112,2
DA:113,2
DA:123,0
DA:124,0
DA:125,0
DA:127,0
DA:128,0
DA:129,0
DA:132,0
DA:145,0
DA:146,0
DA:147,0
DA:148,0
DA:149,0
DA:151,0
DA:152,0
DA:153,0
DA:154,0
DA:158,0
DA:159,0
DA:168,0
DA:171,3
LF:55
LH:4
BRDA:11,0,0,0
BRDA:11,0,1,0
BRDA:28,1,0,0
BRDA:28,1,1,0
BRDA:41,2,0,0
BRDA:41,2,1,0
BRDA:79,3,0,0
BRDA:79,3,1,0
BRDA:112,4,0,0
BRDA:112,4,1,2
BRDA:129,5,0,0
BRDA:129,5,1,0
BRDA:153,6,0,0
BRDA:153,6,1,0
BRF:14
BRH:1
end_of_record
TN:
SF:db.js
FN:9,(anonymous_0)
FN:21,getOverride
FN:43,setOverride
FN:64,incrementConfidence
FN:84,decrementConfidence
FN:103,incrementUsage
FN:120,getAllOverrides
FN:136,(anonymous_7)
FN:149,saveEpgSnapshot
FN:177,getEpgHistory
FN:200,pruneEpgHistory
FN:226,saveEpgPrograms
FN:267,getEpgPrograms
FN:291,getEpgProgramsMany
FN:314,listEpgSources
FN:326,setEpgSourceStatus
FN:346,upsertEpgSource
FN:369,pruneEpgPrograms
FN:391,createUser
FN:415,getUserByUsername
FN:434,getUserById
FN:475,updateUserConfig
FN:522,getLogoUrl
FN:542,setLogoUrl
FNF:24
FNH:0
FNDA:0,(anonymous_0)
FNDA:0,getOverride
FNDA:0,setOverride
FNDA:0,incrementConfidence
FNDA:0,decrementConfidence
FNDA:0,incrementUsage
FNDA:0,getAllOverrides
FNDA:0,(anonymous_7)
FNDA:0,saveEpgSnapshot
FNDA:0,getEpgHistory
FNDA:0,pruneEpgHistory
FNDA:0,saveEpgPrograms
FNDA:0,getEpgPrograms
FNDA:0,getEpgProgramsMany
FNDA:0,listEpgSources
FNDA:0,setEpgSourceStatus
FNDA:0,upsertEpgSource
FNDA:0,pruneEpgPrograms
FNDA:0,createUser
FNDA:0,getUserByUsername
FNDA:0,getUserById
FNDA:0,updateUserConfig
FNDA:0,getLogoUrl
FNDA:0,setLogoUrl
DA:1,0
DA:3,0
DA:4,0
DA:5,0
DA:7,0
DA:8,0
DA:9,0
DA:10,0
DA:12,0
DA:22,0
DA:23,0
DA:24,0
DA:28,0
DA:29,0
DA:31,0
DA:32,0
DA:44,0
DA:45,0
DA:46,0
DA:54,0
DA:65,0
DA:66,0
DA:67,0
DA:74,0
DA:85,0
DA:86,0
DA:87,0
DA:94,0
DA:104,0
DA:105,0
DA:106,0
DA:111,0
DA:121,0
DA:122,0
DA:123,0
DA:126,0
DA:128,0
DA:129,0
DA:134,0
DA:135,0
DA:136,0
DA:137,0
DA:138,0
DA:140,0
DA:150,0
DA:151,0
DA:152,0
DA:153,0
DA:154,0
DA:155,0
DA:163,0
DA:166,0
DA:178,0
DA:179,0
DA:180,0
DA:181,0
DA:187,0
DA:189,0
DA:190,0
DA:201,0
DA:202,0
DA:203,0
DA:204,0
DA:205,0
DA:206,0
DA:208,0
DA:210,0
DA:211,0
DA:227,0
DA:230,0
DA:231,0
DA:232,0
DA:233,0
DA:234,0
DA:235,0
DA:236,0
DA:237,0
DA:238,0
DA:239,0
DA:241,0
DA:242,0
DA:243,0
DA:244,0
DA:245,0
DA:253,0
DA:256,0
DA:268,0
DA:269,0
DA:270,0
DA:277,0
DA:279,0
DA:280,0
DA:292,0
DA:293,0
DA:294,0
DA:295,0
DA:302,0
DA:303,0
DA:304,0
DA:306,0
DA:308,0
DA:309,0
DA:315,0
DA:316,0
DA:317,0
DA:318,0
DA:320,0
DA:321,0
DA:327,0
DA:328,0
DA:329,0
DA:338,0
DA:347,0
DA:348,0
DA:351,0
DA:360,0
DA:370,0
DA:371,0
DA:372,0
DA:373,0
DA:374,0
DA:376,0
DA:377,0
DA:392,0
DA:393,0
DA:394,0
DA:395,0
DA:397,0
DA:403,0
DA:405,0
DA:406,0
DA:416,0
DA:417,0
DA:418,0
DA:422,0
DA:424,0
DA:425,0
DA:435,0
DA:439,0
DA:440,0
DA:442,0
DA:443,0
DA:447,0
DA:449,0
DA:450,0
DA:459,0
DA:476,0
DA:477,0
DA:478,0
DA:479,0
DA:480,0
DA:484,0
DA:485,0
DA:486,0
DA:487,0
DA:488,0
DA:489,0
DA:490,0
DA:491,0
DA:492,0
DA:493,0
DA:497,0
DA:498,0
DA:504,0
DA:505,0
DA:507,0
DA:508,0
DA:509,0
DA:511,0
DA:523,0
DA:524,0
DA:525,0
DA:529,0
DA:531,0
DA:532,0
DA:543,0
DA:544,0
DA:545,0
DA:554,0
DA:558,0
LF:180
LH:0
BRDA:7,0,0,0
BRDA:7,0,1,0
BRDA:22,1,0,0
BRDA:22,1,1,0
BRDA:28,2,0,0
BRDA:28,2,1,0
BRDA:43,3,0,0
BRDA:44,4,0,0
BRDA:44,4,1,0
BRDA:64,5,0,0
BRDA:65,6,0,0
BRDA:65,6,1,0
BRDA:84,7,0,0
BRDA:85,8,0,0
BRDA:85,8,1,0
BRDA:104,9,0,0
BRDA:104,9,1,0
BRDA:121,10,0,0
BRDA:121,10,1,0
BRDA:126,11,0,0
BRDA:126,11,1,0
BRDA:137,12,0,0
BRDA:137,12,1,0
BRDA:150,13,0,0
BRDA:150,13,1,0
BRDA:150,14,0,0
BRDA:150,14,1,0
BRDA:150,14,2,0
BRDA:159,15,0,0
BRDA:159,15,1,0
BRDA:159,16,0,0
BRDA:159,16,1,0
BRDA:177,17,0,0
BRDA:178,18,0,0
BRDA:178,18,1,0
BRDA:187,19,0,0
BRDA:187,19,1,0
BRDA:200,20,0,0
BRDA:201,21,0,0
BRDA:201,21,1,0
BRDA:205,22,0,0
BRDA:205,22,1,0
BRDA:205,23,0,0
BRDA:205,23,1,0
BRDA:208,24,0,0
BRDA:208,24,1,0
BRDA:227,25,0,0
BRDA:227,25,1,0
BRDA:227,26,0,0
BRDA:227,26,1,0
BRDA:227,26,2,0
BRDA:236,27,0,0
BRDA:236,27,1,0
BRDA:239,28,0,0
BRDA:239,28,1,0
BRDA:239,29,0,0
BRDA:239,29,1,0
BRDA:241,30,0,0
BRDA:241,30,1,0
BRDA:268,31,0,0
BRDA:268,31,1,0
BRDA:275,32,0,0
BRDA:275,32,1,0
BRDA:275,33,0,0
BRDA:275,33,1,0
BRDA:277,34,0,0
BRDA:277,34,1,0
BRDA:293,35,0,0
BRDA:293,35,1,0
BRDA:293,36,0,0
BRDA:293,36,1,0
BRDA:293,36,2,0
BRDA:300,37,0,0
BRDA:300,37,1,0
BRDA:300,38,0,0
BRDA:300,38,1,0
BRDA:303,39,0,0
BRDA:303,39,1,0
BRDA:315,40,0,0
BRDA:315,40,1,0
BRDA:318,41,0,0
BRDA:318,41,1,0
BRDA:326,42,0,0
BRDA:327,43,0,0
BRDA:327,43,1,0
BRDA:335,44,0,0
BRDA:335,44,1,0
BRDA:335,45,0,0
BRDA:335,45,1,0
BRDA:335,46,0,0
BRDA:335,46,1,0
BRDA:347,47,0,0
BRDA:347,47,1,0
BRDA:357,48,0,0
BRDA:357,48,1,0
BRDA:357,49,0,0
BRDA:357,49,1,0
BRDA:357,50,0,0
BRDA:357,50,1,0
BRDA:357,51,0,0
BRDA:357,51,1,0
BRDA:369,52,0,0
BRDA:370,53,0,0
BRDA:370,53,1,0
BRDA:374,54,0,0
BRDA:374,54,1,0
BRDA:392,55,0,0
BRDA:392,55,1,0
BRDA:403,56,0,0
BRDA:403,56,1,0
BRDA:416,57,0,0
BRDA:416,57,1,0
BRDA:422,58,0,0
BRDA:422,58,1,0
BRDA:435,59,0,0
BRDA:435,59,1,0
BRDA:439,60,0,0
BRDA:439,60,1,0
BRDA:439,61,0,0
BRDA:439,61,1,0
BRDA:447,62,0,0
BRDA:447,62,1,0
BRDA:476,63,0,0
BRDA:476,63,1,0
BRDA:487,64,0,0
BRDA:487,64,1,0
BRDA:487,65,0,0
BRDA:487,65,1,0
BRDA:487,65,2,0
BRDA:487,65,3,0
BRDA:488,66,0,0
BRDA:488,66,1,0
BRDA:492,67,0,0
BRDA:492,67,1,0
BRDA:492,67,2,0
BRDA:493,68,0,0
BRDA:493,68,1,0
BRDA:493,69,0,0
BRDA:493,69,1,0
BRDA:523,70,0,0
BRDA:523,70,1,0
BRDA:529,71,0,0
BRDA:529,71,1,0
BRDA:542,72,0,0
BRDA:543,73,0,0
BRDA:543,73,1,0
BRF:146
BRH:0
end_of_record
TN:
SF:dbInit.js
FN:9,initSchema
FNF:1
FNH:0
FNDA:0,initSchema
DA:4,0
DA:10,0
DA:11,0
DA:12,0
DA:15,0
DA:98,0
DA:99,0
DA:100,0
DA:103,0
DA:104,0
DA:109,0
DA:112,0
LF:12
LH:0
BRDA:10,0,0,0
BRDA:10,0,1,0
BRDA:103,1,0,0
BRDA:103,1,1,0
BRDA:103,2,0,0
BRDA:103,2,1,0
BRF:6
BRH:0
end_of_record
TN:
SF:epgHub.js
FN:39,getCanonicalCache
FN:50,getIptvOrgReady
FN:59,resolveCanonicalSourceId
FN:129,seedSources
FN:139,sanitizeForLog
FN:149,firstStreamChunk
FN:150,(anonymous_6)
FN:151,(anonymous_7)
FN:152,(anonymous_8)
FN:153,(anonymous_9)
FN:164,fetchSourceRaw
FN:172,(anonymous_11)
FN:174,(anonymous_12)
FN:176,(anonymous_13)
FN:181,(anonymous_14)
FN:189,(anonymous_15)
FN:190,(anonymous_16)
FN:207,(anonymous_17)
FN:208,(anonymous_18)
FN:219,parseXmlDate
FN:234,normalizeSourceId
FN:258,mergeForChannel
FN:263,(anonymous_22)
FN:283,run
FN:288,(anonymous_24)
FN:293,(anonymous_25)
FN:335,(anonymous_26)
FN:358,(anonymous_27)
FN:372,backfillCanonicalAliases
FN:379,(anonymous_29)
FNF:30
FNH:6
FNDA:8,getCanonicalCache
FNDA:2,getIptvOrgReady
FNDA:8,resolveCanonicalSourceId
FNDA:0,seedSources
FNDA:0,sanitizeForLog
FNDA:0,firstStreamChunk
FNDA:0,(anonymous_6)
FNDA:0,(anonymous_7)
FNDA:0,(anonymous_8)
FNDA:0,(anonymous_9)
FNDA:0,fetchSourceRaw
FNDA:0,(anonymous_11)
FNDA:0,(anonymous_12)
FNDA:0,(anonymous_13)
FNDA:0,(anonymous_14)
FNDA:0,(anonymous_15)
FNDA:0,(anonymous_16)
FNDA:0,(anonymous_17)
FNDA:0,(anonymous_18)
FNDA:0,parseXmlDate
FNDA:7,normalizeSourceId
FNDA:4,mergeForChannel
FNDA:2,(anonymous_22)
FNDA:0,run
FNDA:0,(anonymous_24)
FNDA:0,(anonymous_25)
FNDA:0,(anonymous_26)
FNDA:0,(anonymous_27)
FNDA:0,backfillCanonicalAliases
FNDA:0,(anonymous_29)
DA:15,1
DA:16,1
DA:17,1
DA:18,1
DA:19,1
DA:20,1
DA:23,1
DA:26,1
DA:34,1
DA:40,8
DA:41,8
DA:45,1
DA:51,2
DA:60,8
DA:61,8
DA:62,8
DA:63,8
DA:64,6
DA:65,6
DA:66,6
DA:69,6
DA:70,6
DA:71,6
DA:72,6
DA:73,6
DA:74,6
DA:75,6
DA:76,6
DA:79,6
DA:82,6
DA:84,6
DA:85,6
DA:86,6
DA:88,6
DA:89,4
DA:90,4
DA:91,4
DA:95,6
DA:100,6
DA:101,6
DA:104,1
DA:106,1
DA:110,1
DA:130,0
DA:131,0
DA:132,0
DA:134,0
DA:140,0
DA:150,0
DA:151,0
DA:152,0
DA:153,0
DA:155,0
DA:165,0
DA:166,0
DA:167,0
DA:168,0
DA:169,0
DA:171,0
DA:172,0
DA:174,0
DA:176,0
DA:177,0
DA:178,0
DA:179,0
DA:180,0
DA:181,0
DA:182,0
DA:183,0
DA:184,0
DA:185,0
DA:187,0
DA:189,0
DA:190,0
DA:191,0
DA:192,0
DA:193,0
DA:194,0
DA:195,0
DA:196,0
DA:197,0
DA:198,0
DA:199,0
DA:200,0
DA:201,0
DA:202,0
DA:204,0
DA:207,0
DA:208,0
DA:209,0
DA:210,0
DA:220,0
DA:221,0
DA:222,0
DA:223,0
DA:224,0
DA:225,0
DA:226,0
DA:235,7
DA:236,5
DA:246,5
DA:247,5
DA:248,4
DA:250,1
DA:260,4
DA:263,2
DA:264,2
DA:265,2
DA:266,2
DA:267,4
DA:268,4
DA:269,8
DA:270,8
DA:271,6
DA:272,6
DA:275,2
DA:284,0
DA:285,0
DA:286,0
DA:287,0
DA:288,0
DA:289,0
DA:290,0
DA:291,0
DA:292,0
DA:293,0
DA:294,0
DA:295,0
DA:296,0
DA:297,0
DA:298,0
DA:299,0
DA:300,0
DA:301,0
DA:302,0
DA:303,0
DA:304,0
DA:306,0
DA:308,0
DA:309,0
DA:310,0
DA:320,0
DA:321,0
DA:323,0
DA:324,0
DA:325,0
DA:326,0
DA:331,0
DA:332,0
DA:335,0
DA:339,0
DA:340,0
DA:341,0
DA:342,0
DA:343,0
DA:345,0
DA:346,0
DA:347,0
DA:351,0
DA:352,0
DA:353,0
DA:355,0
DA:356,0
DA:358,0
DA:359,0
DA:360,0
DA:361,0
DA:363,0
DA:373,0
DA:374,0
DA:378,0
DA:379,0
DA:382,0
DA:383,0
DA:384,0
DA:386,0
DA:387,0
DA:388,0
DA:389,0
DA:393,0
DA:394,0
DA:401,0
DA:402,0
DA:403,0
DA:404,0
DA:405,0
DA:406,0
DA:407,0
DA:408,0
DA:409,0
DA:410,0
DA:411,0
DA:412,0
DA:419,0
DA:422,0
DA:425,0
DA:426,0
DA:428,0
DA:429,0
DA:432,1
LF:200
LH:62
BRDA:40,0,0,1
BRDA:40,0,1,7
BRDA:61,1,0,0
BRDA:61,1,1,8
BRDA:63,2,0,2
BRDA:63,2,1,6
BRDA:72,3,0,6
BRDA:72,3,1,0
BRDA:74,4,0,6
BRDA:74,4,1,0
BRDA:82,5,0,6
BRDA:82,5,1,0
BRDA:85,6,0,4
BRDA:85,6,1,2
BRDA:85,7,0,6
BRDA:85,7,1,4
BRDA:86,8,0,4
BRDA:86,8,1,2
BRDA:86,9,0,6
BRDA:86,9,1,4
BRDA:88,10,0,4
BRDA:88,10,1,2
BRDA:90,11,0,4
BRDA:90,11,1,0
BRDA:90,12,0,4
BRDA:90,12,1,4
BRDA:95,13,0,4
BRDA:95,13,1,2
BRDA:100,14,0,5
BRDA:100,14,1,1
BRDA:100,15,0,6
BRDA:100,15,1,2
BRDA:104,16,0,1
BRDA:104,16,1,0
BRDA:104,17,0,1
BRDA:104,17,1,1
BRDA:140,18,0,0
BRDA:140,18,1,0
BRDA:165,19,0,0
BRDA:165,19,1,0
BRDA:171,20,0,0
BRDA:171,20,1,0
BRDA:171,21,0,0
BRDA:171,21,1,0
BRDA:171,21,2,0
BRDA:174,22,0,0
BRDA:174,22,1,0
BRDA:182,23,0,0
BRDA:182,23,1,0
BRDA:183,24,0,0
BRDA:183,24,1,0
BRDA:184,25,0,0
BRDA:184,25,1,0
BRDA:185,26,0,0
BRDA:185,26,1,0
BRDA:189,27,0,0
BRDA:189,27,1,0
BRDA:191,28,0,0
BRDA:191,28,1,0
BRDA:192,29,0,0
BRDA:192,29,1,0
BRDA:193,30,0,0
BRDA:193,30,1,0
BRDA:194,31,0,0
BRDA:194,31,1,0
BRDA:195,32,0,0
BRDA:195,32,1,0
BRDA:196,33,0,0
BRDA:196,33,1,0
BRDA:198,34,0,0
BRDA:198,34,1,0
BRDA:199,35,0,0
BRDA:199,35,1,0
BRDA:199,36,0,0
BRDA:199,36,1,0
BRDA:200,37,0,0
BRDA:200,37,1,0
BRDA:200,38,0,0
BRDA:200,38,1,0
BRDA:201,39,0,0
BRDA:201,39,1,0
BRDA:207,40,0,0
BRDA:207,40,1,0
BRDA:220,41,0,0
BRDA:220,41,1,0
BRDA:220,42,0,0
BRDA:220,42,1,0
BRDA:222,43,0,0
BRDA:222,43,1,0
BRDA:223,44,0,0
BRDA:223,44,1,0
BRDA:235,45,0,2
BRDA:235,45,1,5
BRDA:247,46,0,4
BRDA:247,46,1,1
BRDA:247,47,0,5
BRDA:247,47,1,4
BRDA:247,47,2,4
BRDA:260,48,0,2
BRDA:260,48,1,2
BRDA:260,49,0,4
BRDA:260,49,1,3
BRDA:263,50,0,2
BRDA:263,50,1,0
BRDA:263,51,0,2
BRDA:263,51,1,0
BRDA:267,52,0,0
BRDA:267,52,1,4
BRDA:270,53,0,2
BRDA:270,53,1,6
BRDA:284,54,0,0
BRDA:284,54,1,0
BRDA:289,55,0,0
BRDA:289,55,1,0
BRDA:302,56,0,0
BRDA:302,56,1,0
BRDA:302,57,0,0
BRDA:302,57,1,0
BRDA:303,58,0,0
BRDA:303,58,1,0
BRDA:310,59,0,0
BRDA:310,59,1,0
BRDA:326,60,0,0
BRDA:326,60,1,0
BRDA:335,61,0,0
BRDA:335,61,1,0
BRDA:335,62,0,0
BRDA:335,62,1,0
BRDA:335,63,0,0
BRDA:335,63,1,0
BRDA:340,64,0,0
BRDA:340,64,1,0
BRDA:342,65,0,0
BRDA:342,65,1,0
BRDA:345,66,0,0
BRDA:345,66,1,0
BRDA:374,67,0,0
BRDA:374,67,1,0
BRDA:378,68,0,0
BRDA:378,68,1,0
BRDA:382,69,0,0
BRDA:382,69,1,0
BRDA:401,70,0,0
BRDA:401,70,1,0
BRDA:401,71,0,0
BRDA:401,71,1,0
BRDA:407,72,0,0
BRDA:407,72,1,0
BRDA:409,73,0,0
BRDA:409,73,1,0
BRDA:411,74,0,0
BRDA:411,74,1,0
BRDA:419,75,0,0
BRDA:419,75,1,0
BRDA:419,75,2,0
BRF:155
BRH:46
end_of_record
TN:
SF:imageEngine.js
FN:47,isWorkerInCooldown
FN:51,armWorkerCooldown
FN:67,isSvgBuffer
FN:73,isDeadUrl
FN:85,markDeadUrl
FN:96,getFromLogoCache
FN:107,setLogoCache
FN:126,base64urlEncode
FN:138,fetchLogoViaProxy
FN:150,(anonymous_9)
FN:168,isPublicIP
FN:204,validateSafeUrl
FN:240,fetchLogoDirect
FN:251,(anonymous_13)
FN:253,(anonymous_14)
FN:279,renderPoster
FN:436,generatePosterFromBuffer
FN:489,escapeXml
FN:498,generateFallback
FN:524,evictOldestIfOverCap
FN:529,(anonymous_20)
FN:532,(anonymous_21)
FN:560,posterPath
FN:577,getPremiumPoster
FN:625,(anonymous_24)
FN:639,isLogoMissPending
FNF:26
FNH:18
FNDA:6,isWorkerInCooldown
FNDA:1,armWorkerCooldown
FNDA:8,isSvgBuffer
FNDA:11,isDeadUrl
FNDA:9,markDeadUrl
FNDA:10,getFromLogoCache
FNDA:6,setLogoCache
FNDA:3,base64urlEncode
FNDA:3,fetchLogoViaProxy
FNDA:0,(anonymous_9)
FNDA:7,isPublicIP
FNDA:7,validateSafeUrl
FNDA:7,fetchLogoDirect
FNDA:0,(anonymous_13)
FNDA:0,(anonymous_14)
FNDA:10,renderPoster
FNDA:8,generatePosterFromBuffer
FNDA:0,escapeXml
FNDA:0,generateFallback
FNDA:10,evictOldestIfOverCap
FNDA:0,(anonymous_20)
FNDA:0,(anonymous_21)
FNDA:10,posterPath
FNDA:10,getPremiumPoster
FNDA:10,(anonymous_24)
FNDA:0,isLogoMissPending
DA:1,5
DA:2,5
DA:3,5
DA:4,5
DA:5,5
DA:6,5
DA:7,5
DA:8,5
DA:10,5
DA:11,5
DA:18,5
DA:19,5
DA:20,5
DA:21,5
DA:22,5
DA:23,5
DA:24,5
DA:30,5
DA:32,5
DA:33,5
DA:34,5
DA:41,5
DA:42,5
DA:47,6
DA:51,1
DA:55,5
DA:56,5
DA:60,5
DA:68,8
DA:69,8
DA:70,8
DA:74,11
DA:75,11
DA:76,0
DA:77,0
DA:78,0
DA:79,0
DA:80,0
DA:82,0
DA:86,9
DA:87,9
DA:88,6
DA:90,3
DA:91,3
DA:92,3
DA:97,10
DA:98,10
DA:99,2
DA:100,2
DA:101,0
DA:102,0
DA:104,2
DA:109,6
DA:111,0
DA:112,0
DA:113,0
DA:114,0
DA:115,0
DA:116,0
DA:119,0
DA:120,0
DA:123,6
DA:127,3
DA:139,3
DA:140,3
DA:141,3
DA:142,3
DA:144,3
DA:146,3
DA:150,0
DA:153,2
DA:154,2
DA:156,2
DA:169,7
DA:170,7
DA:172,7
DA:174,7
DA:175,7
DA:176,7
DA:178,7
DA:180,7
DA:182,7
DA:183,7
DA:184,0
DA:185,0
DA:187,0
DA:189,0
DA:191,0
DA:193,0
DA:194,0
DA:196,0
DA:205,7
DA:206,7
DA:209,7
DA:210,0
DA:214,7
DA:215,0
DA:216,0
DA:218,0
DA:222,7
DA:223,7
DA:224,7
DA:225,7
DA:226,0
DA:230,0
DA:231,0
DA:241,7
DA:244,7
DA:246,7
DA:251,0
DA:255,0
DA:256,0
DA:257,0
DA:262,7
DA:263,6
DA:264,0
DA:267,6
DA:280,10
DA:283,10
DA:284,0
DA:288,10
DA:289,10
DA:290,2
DA:291,2
DA:292,2
DA:294,0
DA:299,8
DA:300,0
DA:301,0
DA:303,0
DA:304,0
DA:306,0
DA:307,0
DA:308,0
DA:309,0
DA:311,0
DA:318,8
DA:319,0
DA:320,0
DA:326,8
DA:327,3
DA:328,3
DA:329,2
DA:331,2
DA:335,2
DA:336,2
DA:337,1
DA:338,1
DA:343,0
DA:344,0
DA:345,0
DA:347,0
DA:349,0
DA:353,1
DA:354,1
DA:358,1
DA:359,1
DA:362,5
DA:363,0
DA:369,7
DA:370,7
DA:371,6
DA:372,6
DA:373,6
DA:374,0
DA:376,6
DA:377,6
DA:379,1
DA:380,1
DA:383,1
DA:384,0
DA:385,0
DA:386,0
DA:388,0
DA:389,0
DA:390,0
DA:392,0
DA:393,0
DA:395,0
DA:396,0
DA:398,0
DA:402,1
DA:409,1
DA:413,1
DA:414,1
DA:415,1
DA:417,0
DA:418,0
DA:419,0
DA:424,0
DA:425,0
DA:438,8
DA:439,8
DA:441,8
DA:443,1
DA:446,8
DA:452,8
DA:464,8
DA:467,8
DA:468,8
DA:472,8
DA:479,8
DA:480,8
DA:490,0
DA:499,0
DA:500,0
DA:501,0
DA:516,0
DA:520,0
DA:521,0
DA:525,10
DA:526,10
DA:527,10
DA:529,0
DA:530,0
DA:531,0
DA:532,0
DA:534,0
DA:535,0
DA:536,0
DA:537,0
DA:540,0
DA:561,10
DA:562,10
DA:563,10
DA:580,10
DA:581,10
DA:582,10
DA:586,10
DA:587,0
DA:588,0
DA:595,10
DA:596,0
DA:602,10
DA:605,10
DA:606,10
DA:607,10
DA:608,0
DA:617,10
DA:619,10
DA:620,10
DA:621,0
DA:624,10
DA:626,10
DA:627,10
DA:630,10
DA:631,10
DA:640,0
DA:643,5
LF:249
LH:154
BRDA:11,0,0,1
BRDA:11,0,1,4
BRDA:55,1,0,5
BRDA:55,1,1,5
BRDA:56,2,0,5
BRDA:56,2,1,2
BRDA:56,3,0,0
BRDA:56,3,1,2
BRDA:60,4,0,5
BRDA:60,4,1,2
BRDA:68,5,0,0
BRDA:68,5,1,8
BRDA:68,6,0,8
BRDA:68,6,1,8
BRDA:70,7,0,8
BRDA:70,7,1,7
BRDA:70,7,2,0
BRDA:75,8,0,11
BRDA:75,8,1,0
BRDA:78,9,0,0
BRDA:78,9,1,0
BRDA:85,10,0,0
BRDA:86,11,0,9
BRDA:86,11,1,8
BRDA:87,12,0,6
BRDA:87,12,1,3
BRDA:98,13,0,8
BRDA:98,13,1,2
BRDA:100,14,0,0
BRDA:100,14,1,2
BRDA:109,15,0,0
BRDA:109,15,1,6
BRDA:114,16,0,0
BRDA:114,16,1,0
BRDA:119,17,0,0
BRDA:119,17,1,0
BRDA:141,18,0,0
BRDA:141,18,1,3
BRDA:142,19,0,3
BRDA:142,19,1,0
BRDA:153,20,0,2
BRDA:153,20,1,0
BRDA:154,21,0,2
BRDA:154,21,1,0
BRDA:169,22,0,7
BRDA:169,22,1,0
BRDA:172,23,0,0
BRDA:172,23,1,7
BRDA:174,24,0,0
BRDA:174,24,1,7
BRDA:175,25,0,0
BRDA:175,25,1,7
BRDA:175,26,0,7
BRDA:175,26,1,0
BRDA:175,26,2,0
BRDA:176,27,0,0
BRDA:176,27,1,7
BRDA:176,28,0,7
BRDA:176,28,1,0
BRDA:178,29,0,0
BRDA:178,29,1,7
BRDA:178,30,0,7
BRDA:178,30,1,0
BRDA:180,31,0,0
BRDA:180,31,1,7
BRDA:182,32,0,0
BRDA:182,32,1,7
BRDA:184,33,0,0
BRDA:184,33,1,0
BRDA:187,34,0,0
BRDA:187,34,1,0
BRDA:189,35,0,0
BRDA:189,35,1,0
BRDA:191,36,0,0
BRDA:191,36,1,0
BRDA:191,37,0,0
BRDA:191,37,1,0
BRDA:193,38,0,0
BRDA:193,38,1,0
BRDA:209,39,0,0
BRDA:209,39,1,7
BRDA:209,40,0,7
BRDA:209,40,1,7
BRDA:214,41,0,0
BRDA:214,41,1,7
BRDA:215,42,0,0
BRDA:215,42,1,0
BRDA:225,43,0,0
BRDA:225,43,1,7
BRDA:230,44,0,0
BRDA:230,44,1,0
BRDA:230,45,0,0
BRDA:230,45,1,0
BRDA:241,46,0,0
BRDA:241,46,1,7
BRDA:241,47,0,7
BRDA:241,47,1,7
BRDA:255,48,0,0
BRDA:255,48,1,0
BRDA:256,49,0,0
BRDA:256,49,1,0
BRDA:262,50,0,7
BRDA:262,50,1,0
BRDA:263,51,0,0
BRDA:263,51,1,6
BRDA:283,52,0,0
BRDA:283,52,1,10
BRDA:283,53,0,10
BRDA:283,53,1,10
BRDA:283,53,2,10
BRDA:289,54,0,2
BRDA:289,54,1,8
BRDA:299,55,0,0
BRDA:299,55,1,8
BRDA:301,56,0,0
BRDA:301,56,1,0
BRDA:303,57,0,0
BRDA:303,57,1,0
BRDA:318,58,0,0
BRDA:318,58,1,8
BRDA:326,59,0,3
BRDA:326,59,1,5
BRDA:326,60,0,8
BRDA:326,60,1,3
BRDA:331,61,0,2
BRDA:331,61,1,0
BRDA:336,62,0,1
BRDA:336,62,1,1
BRDA:344,63,0,0
BRDA:344,63,1,0
BRDA:358,64,0,1
BRDA:358,64,1,0
BRDA:358,65,0,1
BRDA:358,65,1,1
BRDA:358,65,2,0
BRDA:358,65,3,0
BRDA:362,66,0,0
BRDA:362,66,1,5
BRDA:373,67,0,0
BRDA:373,67,1,6
BRDA:383,68,0,0
BRDA:383,68,1,1
BRDA:383,69,0,1
BRDA:383,69,1,0
BRDA:383,69,2,0
BRDA:389,70,0,0
BRDA:389,70,1,0
BRDA:409,71,0,1
BRDA:409,71,1,0
BRDA:436,72,0,2
BRDA:441,73,0,1
BRDA:441,73,1,7
BRDA:498,74,0,0
BRDA:500,75,0,0
BRDA:500,75,1,0
BRDA:527,76,0,10
BRDA:527,76,1,0
BRDA:536,77,0,0
BRDA:536,77,1,0
BRDA:561,78,0,10
BRDA:561,78,1,0
BRDA:586,79,0,0
BRDA:586,79,1,10
BRDA:588,80,0,0
BRDA:588,80,1,0
BRDA:595,81,0,0
BRDA:595,81,1,10
BRDA:595,82,0,10
BRDA:595,82,1,10
BRDA:595,82,2,10
BRDA:607,83,0,0
BRDA:607,83,1,10
BRDA:617,84,0,0
BRDA:617,84,1,10
BRDA:617,85,0,10
BRDA:617,85,1,3
BRDA:617,85,2,3
BRDA:620,86,0,0
BRDA:620,86,1,10
BRF:179
BRH:87
end_of_record
TN:
SF:iptvOrgRef.js
FN:65,(anonymous_0)
FN:85,normalize
FN:105,tokenize
FN:128,(anonymous_3)
FN:136,tokensToKeys
FN:137,(anonymous_5)
FN:159,isRegionConflicting
FN:166,(anonymous_7)
FN:175,isSubsequence
FN:195,isTokenSubset
FN:197,(anonymous_10)
FN:208,refresh
FN:299,(anonymous_12)
FN:394,lookupChannel
FN:430,buildMatchResult
FN:447,lookupChannelFuzzy
FN:502,lookupChannelSmart
FN:574,isValidCountryCode
FN:634,countryCodeFromName
FN:649,resolveGroupScope
FN:771,startAutoRefresh
FN:783,(anonymous_21)
FN:786,(anonymous_22)
FNF:23
FNH:1
FNDA:42,(anonymous_0)
FNDA:0,normalize
FNDA:0,tokenize
FNDA:0,(anonymous_3)
FNDA:0,tokensToKeys
FNDA:0,(anonymous_5)
FNDA:0,isRegionConflicting
FNDA:0,(anonymous_7)
FNDA:0,isSubsequence
FNDA:0,isTokenSubset
FNDA:0,(anonymous_10)
FNDA:0,refresh
FNDA:0,(anonymous_12)
FNDA:0,lookupChannel
FNDA:0,buildMatchResult
FNDA:0,lookupChannelFuzzy
FNDA:0,lookupChannelSmart
FNDA:0,isValidCountryCode
FNDA:0,countryCodeFromName
FNDA:0,resolveGroupScope
FNDA:0,startAutoRefresh
FNDA:0,(anonymous_21)
FNDA:0,(anonymous_22)
DA:1,2
DA:2,2
DA:4,2
DA:5,2
DA:6,2
DA:7,2
DA:11,2
DA:12,2
DA:13,2
DA:14,2
DA:15,2
DA:16,2
DA:23,2
DA:24,2
DA:34,2
DA:58,2
DA:59,2
DA:60,22
DA:61,22
DA:64,2
DA:65,42
DA:67,2
DA:68,2
DA:69,2
DA:74,2
DA:77,2
DA:78,2
DA:86,0
DA:87,0
DA:88,0
DA:89,0
DA:90,0
DA:92,0
DA:93,0
DA:95,0
DA:96,0
DA:106,0
DA:107,0
DA:108,0
DA:109,0
DA:111,0
DA:112,0
DA:114,0
DA:116,0
DA:121,0
DA:122,0
DA:123,0
DA:126,0
DA:128,0
DA:137,0
DA:138,0
DA:139,0
DA:152,2
DA:160,0
DA:161,0
DA:165,0
DA:166,0
DA:176,0
DA:177,0
DA:178,0
DA:179,0
DA:180,0
DA:181,0
DA:183,0
DA:185,0
DA:196,0
DA:197,0
DA:198,0
DA:200,0
DA:209,0
DA:210,0
DA:216,0
DA:217,0
DA:218,0
DA:226,0
DA:228,0
DA:229,0
DA:230,0
DA:231,0
DA:232,0
DA:233,0
DA:237,0
DA:238,0
DA:239,0
DA:240,0
DA:241,0
DA:242,0
DA:244,0
DA:245,0
DA:248,0
DA:249,0
DA:250,0
DA:253,0
DA:254,0
DA:255,0
DA:258,0
DA:259,0
DA:260,0
DA:264,0
DA:265,0
DA:266,0
DA:267,0
DA:273,0
DA:274,0
DA:275,0
DA:284,0
DA:285,0
DA:286,0
DA:291,0
DA:292,0
DA:293,0
DA:294,0
DA:299,0
DA:305,0
DA:306,0
DA:307,0
DA:308,0
DA:316,0
DA:324,0
DA:325,0
DA:326,0
DA:331,0
DA:332,0
DA:333,0
DA:334,0
DA:335,0
DA:336,0
DA:338,0
DA:343,0
DA:344,0
DA:345,0
DA:346,0
DA:347,0
DA:348,0
DA:349,0
DA:350,0
DA:353,0
DA:354,0
DA:355,0
DA:356,0
DA:357,0
DA:358,0
DA:359,0
DA:360,0
DA:366,0
DA:367,0
DA:368,0
DA:369,0
DA:370,0
DA:371,0
DA:372,0
DA:373,0
DA:375,0
DA:379,0
DA:380,0
DA:382,0
DA:384,0
DA:395,0
DA:398,0
DA:399,0
DA:400,0
DA:401,0
DA:411,0
DA:417,0
DA:418,0
DA:419,0
DA:422,0
DA:431,0
DA:448,0
DA:455,0
DA:456,0
DA:457,0
DA:458,0
DA:460,0
DA:462,0
DA:464,0
DA:465,0
DA:466,0
DA:478,0
DA:481,0
DA:483,0
DA:493,0
DA:503,0
DA:506,0
DA:507,0
DA:509,0
DA:510,0
DA:511,0
DA:514,0
DA:515,0
DA:516,0
DA:517,0
DA:531,0
DA:532,0
DA:533,0
DA:536,0
DA:540,0
DA:541,0
DA:542,0
DA:543,0
DA:544,0
DA:545,0
DA:546,0
DA:547,0
DA:548,0
DA:549,0
DA:550,0
DA:551,0
DA:562,0
DA:563,0
DA:564,0
DA:566,0
DA:575,0
DA:576,0
DA:590,2
DA:597,2
DA:623,2
DA:624,2
DA:625,130
DA:628,2
DA:635,0
DA:636,0
DA:637,0
DA:638,0
DA:640,0
DA:641,0
DA:650,0
DA:651,0
DA:652,0
DA:660,0
DA:666,0
DA:667,0
DA:668,0
DA:669,0
DA:670,0
DA:678,0
DA:679,0
DA:680,0
DA:681,0
DA:682,0
DA:683,0
DA:691,0
DA:692,0
DA:693,0
DA:694,0
DA:695,0
DA:696,0
DA:697,0
DA:702,0
DA:703,0
DA:704,0
DA:705,0
DA:706,0
DA:707,0
DA:708,0
DA:709,0
DA:710,0
DA:711,0
DA:725,0
DA:726,0
DA:727,0
DA:728,0
DA:729,0
DA:730,0
DA:732,0
DA:733,0
DA:734,0
DA:735,0
DA:736,0
DA:737,0
DA:738,0
DA:739,0
DA:740,0
DA:743,0
DA:744,0
DA:745,0
DA:746,0
DA:747,0
DA:755,0
DA:756,0
DA:757,0
DA:758,0
DA:759,0
DA:760,0
DA:761,0
DA:765,0
DA:772,0
DA:773,0
DA:776,2
DA:783,0
DA:786,0
LF:291
LH:35
BRDA:61,0,0,20
BRDA:61,0,1,2
BRDA:61,1,0,22
BRDA:61,1,1,20
BRDA:86,2,0,0
BRDA:86,2,1,0
BRDA:88,3,0,0
BRDA:88,3,1,0
BRDA:90,4,0,0
BRDA:90,4,1,0
BRDA:105,5,0,0
BRDA:106,6,0,0
BRDA:106,6,1,0
BRDA:108,7,0,0
BRDA:108,7,1,0
BRDA:112,8,0,0
BRDA:112,8,1,0
BRDA:116,9,0,0
BRDA:116,9,1,0
BRDA:121,10,0,0
BRDA:121,10,1,0
BRDA:121,11,0,0
BRDA:121,11,1,0
BRDA:123,12,0,0
BRDA:123,12,1,0
BRDA:128,13,0,0
BRDA:128,13,1,0
BRDA:160,14,0,0
BRDA:160,14,1,0
BRDA:160,15,0,0
BRDA:160,15,1,0
BRDA:161,16,0,0
BRDA:161,16,1,0
BRDA:165,17,0,0
BRDA:165,17,1,0
BRDA:180,18,0,0
BRDA:180,18,1,0
BRDA:180,19,0,0
BRDA:180,19,1,0
BRDA:183,20,0,0
BRDA:183,20,1,0
BRDA:197,21,0,0
BRDA:197,21,1,0
BRDA:198,22,0,0
BRDA:198,22,1,0
BRDA:229,23,0,0
BRDA:229,23,1,0
BRDA:230,24,0,0
BRDA:230,24,1,0
BRDA:231,25,0,0
BRDA:231,25,1,0
BRDA:233,26,0,0
BRDA:233,26,1,0
BRDA:240,27,0,0
BRDA:240,27,1,0
BRDA:245,28,0,0
BRDA:245,28,1,0
BRDA:250,29,0,0
BRDA:250,29,1,0
BRDA:254,30,0,0
BRDA:254,30,1,0
BRDA:258,31,0,0
BRDA:258,31,1,0
BRDA:259,32,0,0
BRDA:259,32,1,0
BRDA:264,33,0,0
BRDA:264,33,1,0
BRDA:266,34,0,0
BRDA:266,34,1,0
BRDA:274,35,0,0
BRDA:274,35,1,0
BRDA:274,36,0,0
BRDA:274,36,1,0
BRDA:285,37,0,0
BRDA:285,37,1,0
BRDA:293,38,0,0
BRDA:293,38,1,0
BRDA:293,39,0,0
BRDA:293,39,1,0
BRDA:307,40,0,0
BRDA:307,40,1,0
BRDA:308,41,0,0
BRDA:308,41,1,0
BRDA:308,42,0,0
BRDA:308,42,1,0
BRDA:332,43,0,0
BRDA:332,43,1,0
BRDA:333,44,0,0
BRDA:333,44,1,0
BRDA:335,45,0,0
BRDA:335,45,1,0
BRDA:344,46,0,0
BRDA:344,46,1,0
BRDA:345,47,0,0
BRDA:345,47,1,0
BRDA:346,48,0,0
BRDA:346,48,1,0
BRDA:348,49,0,0
BRDA:348,49,1,0
BRDA:350,50,0,0
BRDA:350,50,1,0
BRDA:369,51,0,0
BRDA:369,51,1,0
BRDA:370,52,0,0
BRDA:370,52,1,0
BRDA:372,53,0,0
BRDA:372,53,1,0
BRDA:395,54,0,0
BRDA:395,54,1,0
BRDA:398,55,0,0
BRDA:398,55,1,0
BRDA:398,56,0,0
BRDA:398,56,1,0
BRDA:400,57,0,0
BRDA:400,57,1,0
BRDA:418,58,0,0
BRDA:418,58,1,0
BRDA:432,59,0,0
BRDA:432,59,1,0
BRDA:434,60,0,0
BRDA:434,60,1,0
BRDA:436,61,0,0
BRDA:436,61,1,0
BRDA:448,62,0,0
BRDA:448,62,1,0
BRDA:448,63,0,0
BRDA:448,63,1,0
BRDA:448,63,2,0
BRDA:456,64,0,0
BRDA:456,64,1,0
BRDA:456,64,2,0
BRDA:457,65,0,0
BRDA:457,65,1,0
BRDA:458,66,0,0
BRDA:458,66,1,0
BRDA:460,67,0,0
BRDA:460,67,1,0
BRDA:462,68,0,0
BRDA:462,68,1,0
BRDA:465,69,0,0
BRDA:465,69,1,0
BRDA:478,70,0,0
BRDA:478,70,1,0
BRDA:478,71,0,0
BRDA:478,71,1,0
BRDA:478,71,2,0
BRDA:481,72,0,0
BRDA:481,72,1,0
BRDA:484,73,0,0
BRDA:484,73,1,0
BRDA:486,74,0,0
BRDA:486,74,1,0
BRDA:488,75,0,0
BRDA:488,75,1,0
BRDA:503,76,0,0
BRDA:503,76,1,0
BRDA:507,77,0,0
BRDA:507,77,1,0
BRDA:510,78,0,0
BRDA:510,78,1,0
BRDA:515,79,0,0
BRDA:515,79,1,0
BRDA:516,80,0,0
BRDA:516,80,1,0
BRDA:516,81,0,0
BRDA:516,81,1,0
BRDA:516,81,2,0
BRDA:516,81,3,0
BRDA:531,82,0,0
BRDA:531,82,1,0
BRDA:536,83,0,0
BRDA:536,83,1,0
BRDA:536,84,0,0
BRDA:536,84,1,0
BRDA:542,85,0,0
BRDA:542,85,1,0
BRDA:543,86,0,0
BRDA:543,86,1,0
BRDA:546,87,0,0
BRDA:546,87,1,0
BRDA:546,88,0,0
BRDA:546,88,1,0
BRDA:546,88,2,0
BRDA:546,88,3,0
BRDA:548,89,0,0
BRDA:548,89,1,0
BRDA:549,90,0,0
BRDA:549,90,1,0
BRDA:549,91,0,0
BRDA:549,91,1,0
BRDA:550,92,0,0
BRDA:550,92,1,0
BRDA:562,93,0,0
BRDA:562,93,1,0
BRDA:564,94,0,0
BRDA:564,94,1,0
BRDA:575,95,0,0
BRDA:575,95,1,0
BRDA:635,96,0,0
BRDA:635,96,1,0
BRDA:637,97,0,0
BRDA:637,97,1,0
BRDA:637,98,0,0
BRDA:637,98,1,0
BRDA:638,99,0,0
BRDA:638,99,1,0
BRDA:640,100,0,0
BRDA:640,100,1,0
BRDA:650,101,0,0
BRDA:650,101,1,0
BRDA:652,102,0,0
BRDA:652,102,1,0
BRDA:667,103,0,0
BRDA:667,103,1,0
BRDA:670,104,0,0
BRDA:670,104,1,0
BRDA:679,105,0,0
BRDA:679,105,1,0
BRDA:679,106,0,0
BRDA:679,106,1,0
BRDA:691,107,0,0
BRDA:691,107,1,0
BRDA:693,108,0,0
BRDA:693,108,1,0
BRDA:703,109,0,0
BRDA:703,109,1,0
BRDA:705,110,0,0
BRDA:705,110,1,0
BRDA:706,111,0,0
BRDA:706,111,1,0
BRDA:707,112,0,0
BRDA:707,112,1,0
BRDA:726,113,0,0
BRDA:726,113,1,0
BRDA:736,114,0,0
BRDA:736,114,1,0
BRDA:738,115,0,0
BRDA:738,115,1,0
BRDA:740,116,0,0
BRDA:740,116,1,0
BRDA:740,117,0,0
BRDA:740,117,1,0
BRDA:743,118,0,0
BRDA:743,118,1,0
BRDA:755,119,0,0
BRDA:755,119,1,0
BRDA:757,120,0,0
BRDA:757,120,1,0
BRDA:757,121,0,0
BRDA:757,121,1,0
BRF:250
BRH:4
end_of_record
TN:
SF:iptvParser.js
FN:20,sanitizeForLog
FN:38,normalizeConfig
FN:80,pickGenres
FN:118,mergeEpgFill
FN:140,ipv4FromIpv6Embedded
FN:160,prefixToIpv4
FN:164,(anonymous_6)
FN:174,isPrivateIpv4
FN:197,isPrivateIpv6
FN:213,isSafeUrl
FN:266,revalidateResponseUrl
FN:282,applySynonyms
FN:283,(anonymous_12)
FN:303,toIptvOrgStyleName
FN:307,(anonymous_14)
FN:321,synthesizeIptvOrgStyleId
FN:354,getConfigGeneration
FN:358,bumpConfigGeneration
FN:371,adoptGeneration
FN:387,publishParseResult
FN:419,semaphoreSlot
FN:424,(anonymous_21)
FN:425,(anonymous_22)
FN:429,releaseParseSlot
FN:442,parseWithCoalescing
FN:448,(anonymous_25)
FN:469,getUserCache
FN:481,parseXMLDate
FN:495,normaliseFormat
FN:511,(anonymous_29)
FN:519,parseStreamInfo
FN:561,streamFetchIPTV
FN:613,parseM3uData
FN:617,(anonymous_33)
FN:655,(anonymous_34)
FN:656,(anonymous_35)
FN:806,(anonymous_36)
FN:857,(anonymous_37)
FN:860,(anonymous_38)
FN:875,(anonymous_39)
FN:881,(anonymous_40)
FN:914,parseXtreamData
FN:918,(anonymous_42)
FN:941,(anonymous_43)
FN:954,(anonymous_44)
FN:971,(anonymous_45)
FN:972,(anonymous_46)
FN:1087,(anonymous_47)
FN:1132,(anonymous_48)
FN:1136,(anonymous_49)
FN:1139,(anonymous_50)
FN:1173,handleXmltvEpg
FN:1183,(anonymous_52)
FN:1191,(anonymous_53)
FN:1192,(anonymous_54)
FN:1193,(anonymous_55)
FN:1194,(anonymous_56)
FN:1195,(anonymous_57)
FN:1202,(anonymous_58)
FN:1205,(anonymous_59)
FN:1213,(anonymous_60)
FN:1224,(anonymous_61)
FN:1230,(anonymous_62)
FN:1256,(anonymous_63)
FN:1267,(anonymous_64)
FN:1296,loadIptvOrgGuideMap
FN:1307,(anonymous_66)
FN:1308,(anonymous_67)
FN:1327,fetchIptvOrgEpg
FN:1356,(anonymous_69)
FN:1359,(anonymous_70)
FN:1376,(anonymous_71)
FN:1383,epgScheduleNextRefresh
FN:1394,refreshEpgForEntry
FN:1435,getEpgText
FN:1438,(anonymous_75)
FN:1438,(anonymous_76)
FN:1442,(anonymous_77)
FN:1456,saveLogoUrlsToRedis
FN:1478,backgroundLogoRefresh
FN:1524,(anonymous_80)
FN:1572,queueLogoPrefetch
FN:1583,(anonymous_82)
FN:1595,(anonymous_83)
FNF:84
FNH:24
FNDA:0,sanitizeForLog
FNDA:0,normalizeConfig
FNDA:5,pickGenres
FNDA:0,mergeEpgFill
FNDA:28,ipv4FromIpv6Embedded
FNDA:17,prefixToIpv4
FNDA:68,(anonymous_6)
FNDA:17,isPrivateIpv4
FNDA:2,isPrivateIpv6
FNDA:29,isSafeUrl
FNDA:6,revalidateResponseUrl
FNDA:0,applySynonyms
FNDA:0,(anonymous_12)
FNDA:0,toIptvOrgStyleName
FNDA:0,(anonymous_14)
FNDA:0,synthesizeIptvOrgStyleId
FNDA:10,getConfigGeneration
FNDA:4,bumpConfigGeneration
FNDA:1,adoptGeneration
FNDA:4,publishParseResult
FNDA:0,semaphoreSlot
FNDA:0,(anonymous_21)
FNDA:0,(anonymous_22)
FNDA:0,releaseParseSlot
FNDA:0,parseWithCoalescing
FNDA:0,(anonymous_25)
FNDA:0,getUserCache
FNDA:4,parseXMLDate
FNDA:0,normaliseFormat
FNDA:0,(anonymous_29)
FNDA:0,parseStreamInfo
FNDA:0,streamFetchIPTV
FNDA:0,parseM3uData
FNDA:0,(anonymous_33)
FNDA:0,(anonymous_34)
FNDA:0,(anonymous_35)
FNDA:0,(anonymous_36)
FNDA:0,(anonymous_37)
FNDA:0,(anonymous_38)
FNDA:0,(anonymous_39)
FNDA:0,(anonymous_40)
FNDA:0,parseXtreamData
FNDA:0,(anonymous_42)
FNDA:0,(anonymous_43)
FNDA:0,(anonymous_44)
FNDA:0,(anonymous_45)
FNDA:0,(anonymous_46)
FNDA:0,(anonymous_47)
FNDA:0,(anonymous_48)
FNDA:0,(anonymous_49)
FNDA:0,(anonymous_50)
FNDA:1,handleXmltvEpg
FNDA:1,(anonymous_52)
FNDA:1,(anonymous_53)
FNDA:1,(anonymous_54)
FNDA:1,(anonymous_55)
FNDA:0,(anonymous_56)
FNDA:0,(anonymous_57)
FNDA:0,(anonymous_58)
FNDA:1,(anonymous_59)
FNDA:8,(anonymous_60)
FNDA:4,(anonymous_61)
FNDA:8,(anonymous_62)
FNDA:1,(anonymous_63)
FNDA:0,(anonymous_64)
FNDA:0,loadIptvOrgGuideMap
FNDA:0,(anonymous_66)
FNDA:0,(anonymous_67)
FNDA:0,fetchIptvOrgEpg
FNDA:0,(anonymous_69)
FNDA:0,(anonymous_70)
FNDA:0,(anonymous_71)
FNDA:4,epgScheduleNextRefresh
FNDA:0,refreshEpgForEntry
FNDA:0,getEpgText
FNDA:0,(anonymous_75)
FNDA:0,(anonymous_76)
FNDA:0,(anonymous_77)
FNDA:0,saveLogoUrlsToRedis
FNDA:0,backgroundLogoRefresh
FNDA:0,(anonymous_80)
FNDA:0,queueLogoPrefetch
FNDA:0,(anonymous_82)
FNDA:0,(anonymous_83)
DA:1,3
DA:2,3
DA:3,3
DA:4,3
DA:5,3
DA:6,3
DA:7,3
DA:8,3
DA:9,3
DA:10,3
DA:11,3
DA:12,3
DA:21,0
DA:22,0
DA:39,0
DA:40,0
DA:41,0
DA:42,0
DA:44,0
DA:45,0
DA:47,0
DA:55,3
DA:81,5
DA:87,5
DA:88,5
DA:89,3
DA:90,3
DA:92,2
DA:93,2
DA:94,13
DA:98,5
DA:100,5
DA:101,5
DA:102,1
DA:106,1
DA:107,1
DA:119,0
DA:120,0
DA:122,0
DA:141,28
DA:142,28
DA:143,3
DA:144,3
DA:145,3
DA:146,3
DA:147,3
DA:149,0
DA:150,0
DA:161,17
DA:162,17
DA:163,17
DA:164,68
DA:165,17
DA:175,17
DA:176,17
DA:177,17
DA:179,17
DA:181,8
DA:183,7
DA:185,5
DA:187,4
DA:188,2
DA:198,2
DA:199,2
DA:200,2
DA:201,2
DA:202,1
DA:203,1
DA:204,1
DA:214,29
DA:217,29
DA:218,29
DA:220,1
DA:224,28
DA:226,27
DA:229,27
DA:231,26
DA:236,26
DA:237,26
DA:242,23
DA:243,23
DA:244,9
DA:246,7
DA:247,7
DA:249,7
DA:250,7
DA:255,7
DA:257,5
DA:267,6
DA:268,6
DA:269,6
DA:270,3
DA:271,3
DA:276,3
DA:283,0
DA:295,3
DA:304,0
DA:307,0
DA:322,0
DA:323,0
DA:325,3
DA:326,3
DA:332,3
DA:333,3
DA:334,3
DA:336,3
DA:337,3
DA:343,3
DA:344,3
DA:345,3
DA:352,3
DA:355,10
DA:359,4
DA:372,1
DA:373,1
DA:388,4
DA:389,4
DA:392,4
DA:393,2
DA:394,2
DA:395,2
DA:397,2
DA:398,2
DA:399,2
DA:405,3
DA:406,3
DA:410,3
DA:417,3
DA:420,0
DA:421,0
DA:422,0
DA:424,0
DA:425,0
DA:430,0
DA:431,0
DA:432,0
DA:445,0
DA:446,0
DA:447,0
DA:448,0
DA:449,0
DA:450,0
DA:451,0
DA:453,0
DA:456,0
DA:457,0
DA:458,0
DA:460,0
DA:473,0
DA:482,4
DA:483,4
DA:484,4
DA:485,4
DA:486,4
DA:487,4
DA:488,4
DA:489,4
DA:491,0
DA:496,0
DA:497,0
DA:511,0
DA:520,0
DA:521,0
DA:523,0
DA:524,0
DA:526,0
DA:527,0
DA:528,0
DA:529,0
DA:530,0
DA:532,0
DA:533,0
DA:534,0
DA:535,0
DA:537,0
DA:538,0
DA:541,0
DA:542,0
DA:543,0
DA:544,0
DA:547,0
DA:548,0
DA:549,0
DA:550,0
DA:552,0
DA:565,0
DA:566,0
DA:567,0
DA:568,0
DA:569,0
DA:573,0
DA:574,0
DA:580,0
DA:581,0
DA:584,0
DA:587,0
DA:598,0
DA:599,0
DA:603,0
DA:604,0
DA:605,0
DA:614,0
DA:615,0
DA:616,0
DA:617,0
DA:618,0
DA:619,0
DA:620,0
DA:621,0
DA:626,0
DA:627,0
DA:628,0
DA:630,0
DA:632,0
DA:633,0
DA:635,0
DA:636,0
DA:637,0
DA:638,0
DA:640,0
DA:642,0
DA:643,0
DA:644,0
DA:645,0
DA:647,0
DA:648,0
DA:649,0
DA:650,0
DA:652,0
DA:653,0
DA:655,0
DA:656,0
DA:657,0
DA:659,0
DA:660,0
DA:661,0
DA:662,0
DA:665,0
DA:666,0
DA:667,0
DA:668,0
DA:669,0
DA:671,0
DA:673,0
DA:674,0
DA:675,0
DA:677,0
DA:678,0
DA:679,0
DA:680,0
DA:681,0
DA:682,0
DA:684,0
DA:685,0
DA:686,0
DA:692,0
DA:693,0
DA:695,0
DA:696,0
DA:697,0
DA:701,0
DA:702,0
DA:703,0
DA:704,0
DA:713,0
DA:714,0
DA:716,0
DA:720,0
DA:721,0
DA:727,0
DA:736,0
DA:737,0
DA:745,0
DA:748,0
DA:754,0
DA:758,0
DA:759,0
DA:760,0
DA:763,0
DA:770,0
DA:771,0
DA:772,0
DA:773,0
DA:779,0
DA:780,0
DA:781,0
DA:782,0
DA:784,0
DA:786,0
DA:788,0
DA:790,0
DA:791,0
DA:793,0
DA:794,0
DA:795,0
DA:796,0
DA:798,0
DA:802,0
DA:806,0
DA:812,0
DA:813,0
DA:814,0
DA:815,0
DA:816,0
DA:817,0
DA:818,0
DA:821,0
DA:822,0
DA:823,0
DA:827,0
DA:828,0
DA:829,0
DA:833,0
DA:834,0
DA:835,0
DA:836,0
DA:837,0
DA:840,0
DA:841,0
DA:844,0
DA:845,0
DA:846,0
DA:848,0
DA:850,0
DA:856,0
DA:857,0
DA:860,0
DA:863,0
DA:864,0
DA:865,0
DA:866,0
DA:873,0
DA:874,0
DA:875,0
DA:879,0
DA:880,0
DA:881,0
DA:882,0
DA:883,0
DA:891,0
DA:892,0
DA:893,0
DA:894,0
DA:895,0
DA:915,0
DA:916,0
DA:917,0
DA:918,0
DA:919,0
DA:920,0
DA:921,0
DA:923,0
DA:924,0
DA:926,0
DA:927,0
DA:928,0
DA:929,0
DA:932,0
DA:933,0
DA:936,0
DA:938,0
DA:940,0
DA:941,0
DA:945,0
DA:946,0
DA:948,0
DA:949,0
DA:952,0
DA:953,0
DA:954,0
DA:955,0
DA:956,0
DA:961,0
DA:962,0
DA:963,0
DA:965,0
DA:966,0
DA:967,0
DA:969,0
DA:971,0
DA:972,0
DA:973,0
DA:975,0
DA:976,0
DA:977,0
DA:978,0
DA:981,0
DA:982,0
DA:984,0
DA:985,0
DA:986,0
DA:988,0
DA:989,0
DA:990,0
DA:991,0
DA:992,0
DA:993,0
DA:995,0
DA:996,0
DA:997,0
DA:1003,0
DA:1004,0
DA:1006,0
DA:1007,0
DA:1008,0
DA:1016,0
DA:1017,0
DA:1018,0
DA:1019,0
DA:1021,0
DA:1023,0
DA:1026,0
DA:1030,0
DA:1034,0
DA:1035,0
DA:1039,0
DA:1042,0
DA:1045,0
DA:1048,0
DA:1049,0
DA:1050,0
DA:1053,0
DA:1057,0
DA:1058,0
DA:1059,0
DA:1063,0
DA:1064,0
DA:1065,0
DA:1066,0
DA:1069,0
DA:1071,0
DA:1073,0
DA:1075,0
DA:1076,0
DA:1078,0
DA:1083,0
DA:1087,0
DA:1090,0
DA:1091,0
DA:1092,0
DA:1093,0
DA:1094,0
DA:1095,0
DA:1096,0
DA:1099,0
DA:1100,0
DA:1102,0
DA:1105,0
DA:1106,0
DA:1107,0
DA:1108,0
DA:1109,0
DA:1110,0
DA:1111,0
DA:1112,0
DA:1115,0
DA:1116,0
DA:1119,0
DA:1120,0
DA:1121,0
DA:1123,0
DA:1125,0
DA:1131,0
DA:1132,0
DA:1133,0
DA:1136,0
DA:1138,0
DA:1139,0
DA:1140,0
DA:1141,0
DA:1147,0
DA:1148,0
DA:1149,0
DA:1150,0
DA:1151,0
DA:1152,0
DA:1174,1
DA:1175,1
DA:1178,1
DA:1179,0
DA:1180,0
DA:1183,1
DA:1184,1
DA:1185,1
DA:1186,1
DA:1187,1
DA:1191,1
DA:1192,1
DA:1193,1
DA:1194,1
DA:1195,1
DA:1196,1
DA:1197,1
DA:1198,1
DA:1201,1
DA:1202,0
DA:1203,0
DA:1205,1
DA:1209,1
DA:1210,1
DA:1211,1
DA:1213,1
DA:1214,8
DA:1215,2
DA:1221,8
DA:1224,1
DA:1225,4
DA:1226,3
DA:1230,1
DA:1231,8
DA:1232,5
DA:1233,2
DA:1234,3
DA:1235,1
DA:1236,2
DA:1237,2
DA:1238,2
DA:1239,2
DA:1240,2
DA:1247,2
DA:1256,1
DA:1257,1
DA:1258,1
DA:1259,1
DA:1260,2
DA:1261,2
DA:1262,2
DA:1265,1
DA:1267,1
DA:1268,0
DA:1269,0
DA:1272,1
DA:1274,0
DA:1275,0
DA:1287,3
DA:1288,3
DA:1289,3
DA:1290,3
DA:1297,0
DA:1298,0
DA:1299,0
DA:1300,0
DA:1301,0
DA:1302,0
DA:1303,0
DA:1304,0
DA:1305,0
DA:1306,0
DA:1307,0
DA:1308,0
DA:1309,0
DA:1310,0
DA:1311,0
DA:1312,0
DA:1314,0
DA:1315,0
DA:1317,0
DA:1319,0
DA:1328,0
DA:1329,0
DA:1330,0
DA:1336,0
DA:1337,0
DA:1338,0
DA:1339,0
DA:1340,0
DA:1341,0
DA:1342,0
DA:1343,0
DA:1344,0
DA:1347,0
DA:1348,0
DA:1349,0
DA:1350,0
DA:1351,0
DA:1352,0
DA:1353,0
DA:1354,0
DA:1355,0
DA:1356,0
DA:1357,0
DA:1359,0
DA:1360,0
DA:1361,0
DA:1362,0
DA:1363,0
DA:1364,0
DA:1365,0
DA:1366,0
DA:1372,0
DA:1376,0
DA:1378,0
DA:1379,0
DA:1384,4
DA:1385,3
DA:1395,0
DA:1396,0
DA:1397,0
DA:1398,0
DA:1400,0
DA:1401,0
DA:1402,0
DA:1403,0
DA:1404,0
DA:1405,0
DA:1406,0
DA:1408,0
DA:1409,0
DA:1410,0
DA:1413,0
DA:1414,0
DA:1417,0
DA:1418,0
DA:1419,0
DA:1420,0
DA:1423,0
DA:1425,0
DA:1436,0
DA:1437,0
DA:1438,0
DA:1439,0
DA:1440,0
DA:1442,0
DA:1443,0
DA:1444,0
DA:1447,0
DA:1448,0
DA:1449,0
DA:1457,0
DA:1458,0
DA:1459,0
DA:1461,0
DA:1462,0
DA:1464,0
DA:1466,0
DA:1467,0
DA:1470,0
DA:1471,0
DA:1479,0
DA:1480,0
DA:1481,0
DA:1482,0
DA:1483,0
DA:1485,0
DA:1486,0
DA:1487,0
DA:1489,0
DA:1490,0
DA:1492,0
DA:1494,0
DA:1497,0
DA:1498,0
DA:1500,0
DA:1502,0
DA:1503,0
DA:1507,0
DA:1509,0
DA:1512,0
DA:1513,0
DA:1514,0
DA:1515,0
DA:1518,0
DA:1520,0
DA:1521,0
DA:1524,0
DA:1527,0
DA:1528,0
DA:1538,0
DA:1539,0
DA:1540,0
DA:1541,0
DA:1542,0
DA:1543,0
DA:1544,0
DA:1545,0
DA:1546,0
DA:1547,0
DA:1548,0
DA:1549,0
DA:1550,0
DA:1551,0
DA:1552,0
DA:1553,0
DA:1555,0
DA:1556,0
DA:1561,0
DA:1564,0
DA:1573,0
DA:1576,0
DA:1577,0
DA:1578,0
DA:1579,0
DA:1582,0
DA:1583,0
DA:1584,0
DA:1585,0
DA:1586,0
DA:1587,0
DA:1588,0
DA:1593,0
DA:1595,0
DA:1599,3
LF:702
LH:174
BRDA:21,0,0,0
BRDA:21,0,1,0
BRDA:39,1,0,0
BRDA:39,1,1,0
BRDA:39,2,0,0
BRDA:39,2,1,0
BRDA:41,3,0,0
BRDA:41,3,1,0
BRDA:41,4,0,0
BRDA:41,4,1,0
BRDA:44,5,0,0
BRDA:44,5,1,0
BRDA:44,6,0,0
BRDA:44,6,1,0
BRDA:81,7,0,5
BRDA:81,7,1,1
BRDA:88,8,0,3
BRDA:88,8,1,2
BRDA:88,9,0,5
BRDA:88,9,1,4
BRDA:88,9,2,4
BRDA:94,10,0,1
BRDA:94,10,1,12
BRDA:98,11,0,0
BRDA:98,11,1,5
BRDA:98,12,0,5
BRDA:98,12,1,0
BRDA:100,13,0,0
BRDA:100,13,1,5
BRDA:100,14,0,5
BRDA:100,14,1,0
BRDA:101,15,0,4
BRDA:101,15,1,1
BRDA:102,16,0,0
BRDA:102,16,1,1
BRDA:106,17,0,1
BRDA:106,17,1,0
BRDA:106,17,2,0
BRDA:107,18,0,1
BRDA:107,18,1,0
BRDA:119,19,0,0
BRDA:119,19,1,0
BRDA:120,20,0,0
BRDA:120,20,1,0
BRDA:142,21,0,25
BRDA:142,21,1,3
BRDA:144,22,0,3
BRDA:144,22,1,0
BRDA:144,23,0,3
BRDA:144,23,1,3
BRDA:145,24,0,0
BRDA:145,24,1,3
BRDA:145,25,0,3
BRDA:145,25,1,3
BRDA:149,26,0,0
BRDA:149,26,1,0
BRDA:162,27,0,0
BRDA:162,27,1,17
BRDA:164,28,0,0
BRDA:164,28,1,17
BRDA:176,29,0,0
BRDA:176,29,1,17
BRDA:179,30,0,9
BRDA:179,30,1,8
BRDA:179,31,0,17
BRDA:179,31,1,16
BRDA:179,31,2,14
BRDA:181,32,0,1
BRDA:181,32,1,7
BRDA:181,33,0,8
BRDA:181,33,1,2
BRDA:183,34,0,2
BRDA:183,34,1,5
BRDA:185,35,0,1
BRDA:185,35,1,4
BRDA:185,36,0,5
BRDA:185,36,1,2
BRDA:185,36,2,2
BRDA:187,37,0,2
BRDA:187,37,1,2
BRDA:200,38,0,0
BRDA:200,38,1,2
BRDA:201,39,0,1
BRDA:201,39,1,1
BRDA:201,40,0,2
BRDA:201,40,1,2
BRDA:202,41,0,0
BRDA:202,41,1,1
BRDA:202,42,0,1
BRDA:202,42,1,1
BRDA:202,42,2,1
BRDA:202,42,3,1
BRDA:203,43,0,0
BRDA:203,43,1,1
BRDA:203,44,0,1
BRDA:203,44,1,1
BRDA:214,45,0,0
BRDA:214,45,1,29
BRDA:214,46,0,29
BRDA:214,46,1,29
BRDA:224,47,0,1
BRDA:224,47,1,27
BRDA:229,48,0,1
BRDA:229,48,1,26
BRDA:229,49,0,27
BRDA:229,49,1,6
BRDA:237,50,0,3
BRDA:237,50,1,23
BRDA:243,51,0,14
BRDA:243,51,1,9
BRDA:244,52,0,2
BRDA:244,52,1,7
BRDA:246,53,0,0
BRDA:246,53,1,7
BRDA:246,54,0,7
BRDA:246,54,1,7
BRDA:247,55,0,0
BRDA:247,55,1,7
BRDA:249,56,0,0
BRDA:249,56,1,7
BRDA:249,57,0,7
BRDA:249,57,1,7
BRDA:250,58,0,0
BRDA:250,58,1,7
BRDA:250,59,0,7
BRDA:250,59,1,7
BRDA:255,60,0,2
BRDA:255,60,1,5
BRDA:267,61,0,6
BRDA:267,61,1,6
BRDA:267,61,2,2
BRDA:268,62,0,6
BRDA:268,62,1,6
BRDA:268,62,2,4
BRDA:268,62,3,2
BRDA:268,62,4,2
BRDA:268,62,5,2
BRDA:268,62,6,1
BRDA:269,63,0,3
BRDA:269,63,1,3
BRDA:269,64,0,6
BRDA:269,64,1,5
BRDA:270,65,0,1
BRDA:270,65,1,2
BRDA:270,66,0,3
BRDA:270,66,1,1
BRDA:283,67,0,0
BRDA:283,67,1,0
BRDA:304,68,0,0
BRDA:304,68,1,0
BRDA:304,69,0,0
BRDA:304,69,1,0
BRDA:323,70,0,0
BRDA:323,70,1,0
BRDA:323,71,0,0
BRDA:323,71,1,0
BRDA:355,72,0,10
BRDA:355,72,1,4
BRDA:372,73,0,1
BRDA:372,73,1,0
BRDA:372,74,0,1
BRDA:372,74,1,1
BRDA:389,75,0,4
BRDA:389,75,1,0
BRDA:389,76,0,4
BRDA:389,76,1,4
BRDA:392,77,0,2
BRDA:392,77,1,2
BRDA:410,78,0,3
BRDA:410,78,1,0
BRDA:410,79,0,3
BRDA:410,79,1,3
BRDA:420,80,0,0
BRDA:420,80,1,0
BRDA:432,81,0,0
BRDA:432,81,1,0
BRDA:447,82,0,0
BRDA:447,82,1,0
BRDA:473,83,0,0
BRDA:473,83,1,0
BRDA:482,84,0,0
BRDA:482,84,1,4
BRDA:482,85,0,4
BRDA:482,85,1,4
BRDA:484,86,0,4
BRDA:484,86,1,0
BRDA:485,87,0,4
BRDA:485,87,1,0
BRDA:488,88,0,0
BRDA:488,88,1,4
BRDA:496,89,0,0
BRDA:496,89,1,0
BRDA:511,90,0,0
BRDA:511,90,1,0
BRDA:526,91,0,0
BRDA:526,91,1,0
BRDA:527,92,0,0
BRDA:527,92,1,0
BRDA:527,93,0,0
BRDA:527,93,1,0
BRDA:527,93,2,0
BRDA:527,93,3,0
BRDA:528,94,0,0
BRDA:528,94,1,0
BRDA:528,95,0,0
BRDA:528,95,1,0
BRDA:528,95,2,0
BRDA:529,96,0,0
BRDA:529,96,1,0
BRDA:529,97,0,0
BRDA:529,97,1,0
BRDA:530,98,0,0
BRDA:530,98,1,0
BRDA:530,99,0,0
BRDA:530,99,1,0
BRDA:530,99,2,0
BRDA:533,100,0,0
BRDA:533,100,1,0
BRDA:534,101,0,0
BRDA:534,101,1,0
BRDA:535,102,0,0
BRDA:535,102,1,0
BRDA:535,103,0,0
BRDA:535,103,1,0
BRDA:537,104,0,0
BRDA:537,104,1,0
BRDA:537,105,0,0
BRDA:537,105,1,0
BRDA:537,105,2,0
BRDA:537,105,3,0
BRDA:541,106,0,0
BRDA:541,106,1,0
BRDA:543,107,0,0
BRDA:543,107,1,0
BRDA:543,108,0,0
BRDA:543,108,1,0
BRDA:543,108,2,0
BRDA:543,108,3,0
BRDA:543,108,4,0
BRDA:544,109,0,0
BRDA:544,109,1,0
BRDA:547,110,0,0
BRDA:547,110,1,0
BRDA:547,111,0,0
BRDA:547,111,1,0
BRDA:548,112,0,0
BRDA:548,112,1,0
BRDA:548,113,0,0
BRDA:548,113,1,0
BRDA:549,114,0,0
BRDA:549,114,1,0
BRDA:549,115,0,0
BRDA:549,115,1,0
BRDA:550,116,0,0
BRDA:550,116,1,0
BRDA:550,117,0,0
BRDA:550,117,1,0
BRDA:552,118,0,0
BRDA:552,118,1,0
BRDA:567,119,0,0
BRDA:567,119,1,0
BRDA:569,120,0,0
BRDA:569,120,1,0
BRDA:573,121,0,0
BRDA:573,121,1,0
BRDA:573,122,0,0
BRDA:573,122,1,0
BRDA:573,123,0,0
BRDA:573,123,1,0
BRDA:574,124,0,0
BRDA:574,124,1,0
BRDA:574,125,0,0
BRDA:574,125,1,0
BRDA:581,126,0,0
BRDA:581,126,1,0
BRDA:581,127,0,0
BRDA:581,127,1,0
BRDA:584,128,0,0
BRDA:584,128,1,0
BRDA:584,129,0,0
BRDA:584,129,1,0
BRDA:589,130,0,0
BRDA:589,130,1,0
BRDA:589,130,2,0
BRDA:590,131,0,0
BRDA:590,131,1,0
BRDA:590,131,2,0
BRDA:591,132,0,0
BRDA:591,132,1,0
BRDA:591,132,2,0
BRDA:592,133,0,0
BRDA:592,133,1,0
BRDA:592,133,2,0
BRDA:593,134,0,0
BRDA:593,134,1,0
BRDA:593,134,2,0
BRDA:594,135,0,0
BRDA:594,135,1,0
BRDA:594,135,2,0
BRDA:598,136,0,0
BRDA:598,136,1,0
BRDA:598,137,0,0
BRDA:598,137,1,0
BRDA:604,138,0,0
BRDA:604,138,1,0
BRDA:604,139,0,0
BRDA:604,139,1,0
BRDA:620,140,0,0
BRDA:620,140,1,0
BRDA:621,141,0,0
BRDA:621,141,1,0
BRDA:627,142,0,0
BRDA:627,142,1,0
BRDA:627,143,0,0
BRDA:627,143,1,0
BRDA:630,144,0,0
BRDA:630,144,1,0
BRDA:632,145,0,0
BRDA:632,145,1,0
BRDA:638,146,0,0
BRDA:638,146,1,0
BRDA:638,147,0,0
BRDA:638,147,1,0
BRDA:649,148,0,0
BRDA:649,148,1,0
BRDA:650,149,0,0
BRDA:650,149,1,0
BRDA:650,150,0,0
BRDA:650,150,1,0
BRDA:650,150,2,0
BRDA:653,151,0,0
BRDA:653,151,1,0
BRDA:655,152,0,0
BRDA:655,152,1,0
BRDA:656,153,0,0
BRDA:656,153,1,0
BRDA:659,154,0,0
BRDA:659,154,1,0
BRDA:660,155,0,0
BRDA:660,155,1,0
BRDA:661,156,0,0
BRDA:661,156,1,0
BRDA:662,157,0,0
BRDA:662,157,1,0
BRDA:669,158,0,0
BRDA:669,158,1,0
BRDA:671,159,0,0
BRDA:671,159,1,0
BRDA:671,160,0,0
BRDA:671,160,1,0
BRDA:671,160,2,0
BRDA:680,161,0,0
BRDA:680,161,1,0
BRDA:680,162,0,0
BRDA:680,162,1,0
BRDA:682,163,0,0
BRDA:682,163,1,0
BRDA:686,164,0,0
BRDA:686,164,1,0
BRDA:692,165,0,0
BRDA:692,165,1,0
BRDA:703,166,0,0
BRDA:703,166,1,0
BRDA:703,167,0,0
BRDA:703,167,1,0
BRDA:713,168,0,0
BRDA:713,168,1,0
BRDA:713,169,0,0
BRDA:713,169,1,0
BRDA:720,170,0,0
BRDA:720,170,1,0
BRDA:720,170,2,0
BRDA:720,171,0,0
BRDA:720,171,1,0
BRDA:721,172,0,0
BRDA:721,172,1,0
BRDA:737,173,0,0
BRDA:737,173,1,0
BRDA:745,174,0,0
BRDA:745,174,1,0
BRDA:748,175,0,0
BRDA:748,175,1,0
BRDA:758,176,0,0
BRDA:758,176,1,0
BRDA:759,177,0,0
BRDA:759,177,1,0
BRDA:759,178,0,0
BRDA:759,178,1,0
BRDA:770,179,0,0
BRDA:770,179,1,0
BRDA:771,180,0,0
BRDA:771,180,1,0
BRDA:779,181,0,0
BRDA:779,181,1,0
BRDA:779,182,0,0
BRDA:779,182,1,0
BRDA:786,183,0,0
BRDA:786,183,1,0
BRDA:790,184,0,0
BRDA:790,184,1,0
BRDA:793,185,0,0
BRDA:793,185,1,0
BRDA:793,186,0,0
BRDA:793,186,1,0
BRDA:798,187,0,0
BRDA:798,187,1,0
BRDA:802,188,0,0
BRDA:802,188,1,0
BRDA:803,189,0,0
BRDA:803,189,1,0
BRDA:803,190,0,0
BRDA:803,190,1,0
BRDA:814,191,0,0
BRDA:814,191,1,0
BRDA:816,192,0,0
BRDA:816,192,1,0
BRDA:816,193,0,0
BRDA:816,193,1,0
BRDA:816,194,0,0
BRDA:816,194,1,0
BRDA:828,195,0,0
BRDA:828,195,1,0
BRDA:828,195,2,0
BRDA:829,196,0,0
BRDA:829,196,1,0
BRDA:829,196,2,0
BRDA:833,197,0,0
BRDA:833,197,1,0
BRDA:835,198,0,0
BRDA:835,198,1,0
BRDA:835,199,0,0
BRDA:835,199,1,0
BRDA:846,200,0,0
BRDA:846,200,1,0
BRDA:848,201,0,0
BRDA:848,201,1,0
BRDA:856,202,0,0
BRDA:856,202,1,0
BRDA:857,203,0,0
BRDA:857,203,1,0
BRDA:860,204,0,0
BRDA:860,204,1,0
BRDA:865,205,0,0
BRDA:865,205,1,0
BRDA:865,206,0,0
BRDA:865,206,1,0
BRDA:873,207,0,0
BRDA:873,207,1,0
BRDA:879,208,0,0
BRDA:879,208,1,0
BRDA:879,209,0,0
BRDA:879,209,1,0
BRDA:882,210,0,0
BRDA:882,210,1,0
BRDA:892,211,0,0
BRDA:892,211,1,0
BRDA:897,212,0,0
BRDA:897,212,1,0
BRDA:897,212,2,0
BRDA:898,213,0,0
BRDA:898,213,1,0
BRDA:898,213,2,0
BRDA:899,214,0,0
BRDA:899,214,1,0
BRDA:899,214,2,0
BRDA:900,215,0,0
BRDA:900,215,1,0
BRDA:900,215,2,0
BRDA:901,216,0,0
BRDA:901,216,1,0
BRDA:901,216,2,0
BRDA:902,217,0,0
BRDA:902,217,1,0
BRDA:902,217,2,0
BRDA:921,218,0,0
BRDA:921,218,1,0
BRDA:923,219,0,0
BRDA:923,219,1,0
BRDA:923,219,2,0
BRDA:924,220,0,0
BRDA:924,220,1,0
BRDA:926,221,0,0
BRDA:926,221,1,0
BRDA:927,222,0,0
BRDA:927,222,1,0
BRDA:927,222,2,0
BRDA:928,223,0,0
BRDA:928,223,1,0
BRDA:928,223,2,0
BRDA:932,224,0,0
BRDA:932,224,1,0
BRDA:948,225,0,0
BRDA:948,225,1,0
BRDA:948,226,0,0
BRDA:948,226,1,0
BRDA:953,227,0,0
BRDA:953,227,1,0
BRDA:955,228,0,0
BRDA:955,228,1,0
BRDA:955,229,0,0
BRDA:955,229,1,0
BRDA:966,230,0,0
BRDA:966,230,1,0
BRDA:966,231,0,0
BRDA:966,231,1,0
BRDA:969,232,0,0
BRDA:969,232,1,0
BRDA:971,233,0,0
BRDA:971,233,1,0
BRDA:972,234,0,0
BRDA:972,234,1,0
BRDA:975,235,0,0
BRDA:975,235,1,0
BRDA:976,236,0,0
BRDA:976,236,1,0
BRDA:977,237,0,0
BRDA:977,237,1,0
BRDA:978,238,0,0
BRDA:978,238,1,0
BRDA:981,239,0,0
BRDA:981,239,1,0
BRDA:982,240,0,0
BRDA:982,240,1,0
BRDA:982,241,0,0
BRDA:982,241,1,0
BRDA:982,241,2,0
BRDA:991,242,0,0
BRDA:991,242,1,0
BRDA:991,243,0,0
BRDA:991,243,1,0
BRDA:993,244,0,0
BRDA:993,244,1,0
BRDA:997,245,0,0
BRDA:997,245,1,0
BRDA:1003,246,0,0
BRDA:1003,246,1,0
BRDA:1017,247,0,0
BRDA:1017,247,1,0
BRDA:1017,248,0,0
BRDA:1017,248,1,0
BRDA:1018,249,0,0
BRDA:1018,249,1,0
BRDA:1023,250,0,0
BRDA:1023,250,1,0
BRDA:1023,250,2,0
BRDA:1023,251,0,0
BRDA:1023,251,1,0
BRDA:1024,252,0,0
BRDA:1024,252,1,0
BRDA:1024,253,0,0
BRDA:1024,253,1,0
BRDA:1026,254,0,0
BRDA:1026,254,1,0
BRDA:1035,255,0,0
BRDA:1035,255,1,0
BRDA:1039,256,0,0
BRDA:1039,256,1,0
BRDA:1042,257,0,0
BRDA:1042,257,1,0
BRDA:1048,258,0,0
BRDA:1048,258,1,0
BRDA:1049,259,0,0
BRDA:1049,259,1,0
BRDA:1049,260,0,0
BRDA:1049,260,1,0
BRDA:1057,261,0,0
BRDA:1057,261,1,0
BRDA:1063,262,0,0
BRDA:1063,262,1,0
BRDA:1063,263,0,0
BRDA:1063,263,1,0
BRDA:1069,264,0,0
BRDA:1069,264,1,0
BRDA:1073,265,0,0
BRDA:1073,265,1,0
BRDA:1078,266,0,0
BRDA:1078,266,1,0
BRDA:1083,267,0,0
BRDA:1083,267,1,0
BRDA:1084,268,0,0
BRDA:1084,268,1,0
BRDA:1084,269,0,0
BRDA:1084,269,1,0
BRDA:1092,270,0,0
BRDA:1092,270,1,0
BRDA:1094,271,0,0
BRDA:1094,271,1,0
BRDA:1094,272,0,0
BRDA:1094,272,1,0
BRDA:1094,273,0,0
BRDA:1094,273,1,0
BRDA:1106,274,0,0
BRDA:1106,274,1,0
BRDA:1106,274,2,0
BRDA:1107,275,0,0
BRDA:1107,275,1,0
BRDA:1107,275,2,0
BRDA:1108,276,0,0
BRDA:1108,276,1,0
BRDA:1110,277,0,0
BRDA:1110,277,1,0
BRDA:1110,278,0,0
BRDA:1110,278,1,0
BRDA:1121,279,0,0
BRDA:1121,279,1,0
BRDA:1123,280,0,0
BRDA:1123,280,1,0
BRDA:1132,281,0,0
BRDA:1132,281,1,0
BRDA:1138,282,0,0
BRDA:1138,282,1,0
BRDA:1138,283,0,0
BRDA:1138,283,1,0
BRDA:1140,284,0,0
BRDA:1140,284,1,0
BRDA:1148,285,0,0
BRDA:1148,285,1,0
BRDA:1154,286,0,0
BRDA:1154,286,1,0
BRDA:1154,286,2,0
BRDA:1155,287,0,0
BRDA:1155,287,1,0
BRDA:1155,287,2,0
BRDA:1156,288,0,0
BRDA:1156,288,1,0
BRDA:1156,288,2,0
BRDA:1157,289,0,0
BRDA:1157,289,1,0
BRDA:1157,289,2,0
BRDA:1158,290,0,0
BRDA:1158,290,1,0
BRDA:1158,290,2,0
BRDA:1159,291,0,0
BRDA:1159,291,1,0
BRDA:1159,291,2,0
BRDA:1175,292,0,0
BRDA:1175,292,1,1
BRDA:1178,293,0,0
BRDA:1178,293,1,1
BRDA:1201,294,0,0
BRDA:1201,294,1,1
BRDA:1201,295,0,1
BRDA:1201,295,1,1
BRDA:1201,295,2,0
BRDA:1205,296,0,1
BRDA:1205,296,1,0
BRDA:1214,297,0,2
BRDA:1214,297,1,6
BRDA:1216,298,0,2
BRDA:1216,298,1,0
BRDA:1217,299,0,2
BRDA:1217,299,1,0
BRDA:1218,300,0,2
BRDA:1218,300,1,0
BRDA:1225,301,0,3
BRDA:1225,301,1,1
BRDA:1231,302,0,5
BRDA:1231,302,1,3
BRDA:1232,303,0,2
BRDA:1232,303,1,3
BRDA:1234,304,0,1
BRDA:1234,304,1,2
BRDA:1236,305,0,2
BRDA:1236,305,1,0
BRDA:1237,306,0,2
BRDA:1237,306,1,0
BRDA:1238,307,0,2
BRDA:1238,307,1,0
BRDA:1238,308,0,2
BRDA:1238,308,1,2
BRDA:1239,309,0,1
BRDA:1239,309,1,1
BRDA:1243,310,0,2
BRDA:1243,310,1,0
BRDA:1244,311,0,2
BRDA:1244,311,1,1
BRDA:1261,312,0,1
BRDA:1261,312,1,1
BRDA:1262,313,0,2
BRDA:1262,313,1,0
BRDA:1265,314,0,1
BRDA:1265,314,1,0
BRDA:1298,315,0,0
BRDA:1298,315,1,0
BRDA:1298,316,0,0
BRDA:1298,316,1,0
BRDA:1302,317,0,0
BRDA:1302,317,1,0
BRDA:1304,318,0,0
BRDA:1304,318,1,0
BRDA:1304,319,0,0
BRDA:1304,319,1,0
BRDA:1305,320,0,0
BRDA:1305,320,1,0
BRDA:1306,321,0,0
BRDA:1306,321,1,0
BRDA:1306,321,2,0
BRDA:1307,322,0,0
BRDA:1307,322,1,0
BRDA:1308,323,0,0
BRDA:1308,323,1,0
BRDA:1309,324,0,0
BRDA:1309,324,1,0
BRDA:1311,325,0,0
BRDA:1311,325,1,0
BRDA:1312,326,0,0
BRDA:1312,326,1,0
BRDA:1312,327,0,0
BRDA:1312,327,1,0
BRDA:1312,327,2,0
BRDA:1312,327,3,0
BRDA:1312,327,4,0
BRDA:1328,328,0,0
BRDA:1328,328,1,0
BRDA:1328,329,0,0
BRDA:1328,329,1,0
BRDA:1330,330,0,0
BRDA:1330,330,1,0
BRDA:1339,331,0,0
BRDA:1339,331,1,0
BRDA:1339,332,0,0
BRDA:1339,332,1,0
BRDA:1341,333,0,0
BRDA:1341,333,1,0
BRDA:1343,334,0,0
BRDA:1343,334,1,0
BRDA:1352,335,0,0
BRDA:1352,335,1,0
BRDA:1353,336,0,0
BRDA:1353,336,1,0
BRDA:1361,337,0,0
BRDA:1361,337,1,0
BRDA:1361,338,0,0
BRDA:1361,338,1,0
BRDA:1364,339,0,0
BRDA:1364,339,1,0
BRDA:1364,340,0,0
BRDA:1364,340,1,0
BRDA:1366,341,0,0
BRDA:1366,341,1,0
BRDA:1376,342,0,0
BRDA:1376,342,1,0
BRDA:1378,343,0,0
BRDA:1378,343,1,0
BRDA:1384,344,0,1
BRDA:1384,344,1,3
BRDA:1384,345,0,4
BRDA:1384,345,1,3
BRDA:1395,346,0,0
BRDA:1395,346,1,0
BRDA:1396,347,0,0
BRDA:1396,347,1,0
BRDA:1396,347,2,0
BRDA:1397,348,0,0
BRDA:1397,348,1,0
BRDA:1398,349,0,0
BRDA:1398,349,1,0
BRDA:1398,350,0,0
BRDA:1398,350,1,0
BRDA:1398,351,0,0
BRDA:1398,351,1,0
BRDA:1400,352,0,0
BRDA:1400,352,1,0
BRDA:1403,353,0,0
BRDA:1403,353,1,0
BRDA:1405,354,0,0
BRDA:1405,354,1,0
BRDA:1405,355,0,0
BRDA:1405,355,1,0
BRDA:1406,356,0,0
BRDA:1406,356,1,0
BRDA:1406,357,0,0
BRDA:1406,357,1,0
BRDA:1408,358,0,0
BRDA:1408,358,1,0
BRDA:1408,359,0,0
BRDA:1408,359,1,0
BRDA:1410,360,0,0
BRDA:1410,360,1,0
BRDA:1410,361,0,0
BRDA:1410,361,1,0
BRDA:1414,362,0,0
BRDA:1414,362,1,0
BRDA:1414,362,2,0
BRDA:1417,363,0,0
BRDA:1417,363,1,0
BRDA:1435,364,0,0
BRDA:1437,365,0,0
BRDA:1437,365,1,0
BRDA:1437,366,0,0
BRDA:1437,366,1,0
BRDA:1439,367,0,0
BRDA:1439,367,1,0
BRDA:1447,368,0,0
BRDA:1447,368,1,0
BRDA:1448,369,0,0
BRDA:1448,369,1,0
BRDA:1461,370,0,0
BRDA:1461,370,1,0
BRDA:1462,371,0,0
BRDA:1462,371,1,0
BRDA:1470,372,0,0
BRDA:1470,372,1,0
BRDA:1487,373,0,0
BRDA:1487,373,1,0
BRDA:1487,374,0,0
BRDA:1487,374,1,0
BRDA:1487,374,2,0
BRDA:1492,375,0,0
BRDA:1492,375,1,0
BRDA:1500,376,0,0
BRDA:1500,376,1,0
BRDA:1500,377,0,0
BRDA:1500,377,1,0
BRDA:1513,378,0,0
BRDA:1513,378,1,0
BRDA:1514,379,0,0
BRDA:1514,379,1,0
BRDA:1518,380,0,0
BRDA:1518,380,1,0
BRDA:1520,381,0,0
BRDA:1520,381,1,0
BRDA:1540,382,0,0
BRDA:1540,382,1,0
BRDA:1540,383,0,0
BRDA:1540,383,1,0
BRDA:1543,384,0,0
BRDA:1543,384,1,0
BRDA:1543,385,0,0
BRDA:1543,385,1,0
BRDA:1544,386,0,0
BRDA:1544,386,1,0
BRDA:1545,387,0,0
BRDA:1545,387,1,0
BRDA:1548,388,0,0
BRDA:1548,388,1,0
BRDA:1552,389,0,0
BRDA:1552,389,1,0
BRDA:1553,390,0,0
BRDA:1553,390,1,0
BRDA:1573,391,0,0
BRDA:1573,391,1,0
BRDA:1573,392,0,0
BRDA:1573,392,1,0
BRDA:1586,393,0,0
BRDA:1586,393,1,0
BRDA:1587,394,0,0
BRDA:1587,394,1,0
BRF:848
BRH:161
end_of_record
TN:
SF:iptvo-assets.worker.js
FN:30,b64ud
FN:36,escapeHtml
FN:42,placeholderSvg
FN:50,isPrivateHost
FN:52,(anonymous_4)
FN:60,(anonymous_5)
FN:78,isValidHttp
FN:92,fetchWithRetry
FN:93,(anonymous_8)
FN:110,(anonymous_9)
FN:112,(anonymous_10)
FN:117,(anonymous_11)
FNF:12
FNH:0
FNDA:0,b64ud
FNDA:0,escapeHtml
FNDA:0,placeholderSvg
FNDA:0,isPrivateHost
FNDA:0,(anonymous_4)
FNDA:0,(anonymous_5)
FNDA:0,isValidHttp
FNDA:0,fetchWithRetry
FNDA:0,(anonymous_8)
FNDA:0,(anonymous_9)
FNDA:0,(anonymous_10)
FNDA:0,(anonymous_11)
DA:14,0
DA:15,0
DA:16,0
DA:17,0
DA:18,0
DA:21,0
DA:22,0
DA:23,0
DA:24,0
DA:30,0
DA:36,0
DA:43,0
DA:49,0
DA:51,0
DA:52,0
DA:53,0
DA:57,0
DA:60,0
DA:61,0
DA:63,0
DA:64,0
DA:65,0
DA:66,0
DA:67,0
DA:68,0
DA:69,0
DA:79,0
DA:80,0
DA:81,0
DA:82,0
DA:83,0
DA:93,0
DA:94,0
DA:95,0
DA:96,0
DA:100,0
DA:101,0
DA:102,0
DA:103,0
DA:104,0
DA:105,0
DA:106,0
DA:108,0
DA:109,0
DA:110,0
DA:111,0
DA:112,0
DA:118,0
DA:122,0
DA:123,0
DA:124,0
DA:125,0
DA:127,0
DA:131,0
DA:132,0
DA:133,0
DA:134,0
DA:136,0
DA:137,0
DA:138,0
DA:139,0
DA:143,0
DA:144,0
DA:145,0
DA:146,0
DA:147,0
DA:148,0
DA:149,0
DA:150,0
DA:151,0
DA:152,0
DA:153,0
DA:154,0
DA:155,0
DA:157,0
DA:161,0
DA:162,0
DA:163,0
DA:164,0
DA:165,0
DA:166,0
DA:167,0
DA:168,0
DA:169,0
DA:170,0
DA:171,0
DA:172,0
DA:173,0
DA:174,0
DA:176,0
DA:177,0
DA:181,0
DA:182,0
DA:183,0
DA:184,0
DA:187,0
DA:188,0
DA:189,0
DA:190,0
DA:191,0
DA:192,0
DA:193,0
DA:194,0
DA:195,0
DA:196,0
DA:197,0
DA:198,0
DA:199,0
DA:200,0
DA:203,0
DA:207,0
LF:111
LH:0
BRDA:30,0,0,0
BRDA:30,0,1,0
BRDA:42,1,0,0
BRDA:51,2,0,0
BRDA:51,2,1,0
BRDA:52,3,0,0
BRDA:52,3,1,0
BRDA:52,4,0,0
BRDA:52,4,1,0
BRDA:57,5,0,0
BRDA:57,5,1,0
BRDA:63,6,0,0
BRDA:63,6,1,0
BRDA:64,7,0,0
BRDA:64,7,1,0
BRDA:65,8,0,0
BRDA:65,8,1,0
BRDA:66,9,0,0
BRDA:66,9,1,0
BRDA:67,10,0,0
BRDA:67,10,1,0
BRDA:68,11,0,0
BRDA:68,11,1,0
BRDA:81,12,0,0
BRDA:81,12,1,0
BRDA:81,13,0,0
BRDA:81,13,1,0
BRDA:92,14,0,0
BRDA:92,15,0,0
BRDA:100,16,0,0
BRDA:100,16,1,0
BRDA:100,17,0,0
BRDA:100,17,1,0
BRDA:102,18,0,0
BRDA:102,18,1,0
BRDA:104,19,0,0
BRDA:104,19,1,0
BRDA:105,20,0,0
BRDA:105,20,1,0
BRDA:108,21,0,0
BRDA:108,21,1,0
BRDA:108,22,0,0
BRDA:108,22,1,0
BRDA:108,23,0,0
BRDA:108,23,1,0
BRDA:109,24,0,0
BRDA:109,24,1,0
BRDA:109,25,0,0
BRDA:109,25,1,0
BRDA:110,26,0,0
BRDA:110,26,1,0
BRDA:110,27,0,0
BRDA:110,27,1,0
BRDA:110,27,2,0
BRDA:112,28,0,0
BRDA:112,28,1,0
BRDA:112,29,0,0
BRDA:112,29,1,0
BRDA:112,29,2,0
BRDA:122,30,0,0
BRDA:122,30,1,0
BRDA:122,31,0,0
BRDA:122,31,1,0
BRDA:123,32,0,0
BRDA:123,32,1,0
BRDA:124,33,0,0
BRDA:124,33,1,0
BRDA:124,34,0,0
BRDA:124,34,1,0
BRDA:125,35,0,0
BRDA:125,35,1,0
BRDA:127,36,0,0
BRDA:127,36,1,0
BRDA:131,37,0,0
BRDA:131,37,1,0
BRDA:132,38,0,0
BRDA:132,38,1,0
BRDA:132,38,2,0
BRDA:133,39,0,0
BRDA:133,39,1,0
BRDA:133,40,0,0
BRDA:133,40,1,0
BRDA:136,41,0,0
BRDA:136,41,1,0
BRDA:137,42,0,0
BRDA:137,42,1,0
BRDA:143,43,0,0
BRDA:143,43,1,0
BRDA:147,44,0,0
BRDA:147,44,1,0
BRDA:149,45,0,0
BRDA:149,45,1,0
BRDA:161,46,0,0
BRDA:161,46,1,0
BRDA:163,47,0,0
BRDA:163,47,1,0
BRDA:165,48,0,0
BRDA:165,48,1,0
BRDA:165,49,0,0
BRDA:165,49,1,0
BRDA:167,50,0,0
BRDA:167,50,1,0
BRDA:168,51,0,0
BRDA:168,51,1,0
BRDA:170,52,0,0
BRDA:170,52,1,0
BRDA:170,53,0,0
BRDA:170,53,1,0
BRDA:170,53,2,0
BRDA:172,54,0,0
BRDA:172,54,1,0
BRDA:181,55,0,0
BRDA:181,55,1,0
BRDA:181,56,0,0
BRDA:181,56,1,0
BRDA:181,56,2,0
BRDA:184,57,0,0
BRDA:184,57,1,0
BRDA:191,58,0,0
BRDA:191,58,1,0
BRDA:193,59,0,0
BRDA:193,59,1,0
BRDA:195,60,0,0
BRDA:195,60,1,0
BRDA:195,61,0,0
BRDA:195,61,1,0
BRDA:195,61,2,0
BRDA:196,62,0,0
BRDA:196,62,1,0
BRF:129
BRH:0
end_of_record
TN:
SF:logo-proxy.worker.js
FN:30,generatePlaceholderSvg
FN:46,escapeHtml
FN:60,isValidHttpUrl
FN:74,base64urlEncode
FN:81,base64urlDecode
FN:95,isDeadUrlKV
FN:102,markDeadUrlKV
FN:108,fetchWithRetry
FN:110,(anonymous_8)
FN:139,(anonymous_9)
FN:151,(anonymous_10)
FN:167,(anonymous_11)
FN:176,tryFetchUrl
FN:197,(anonymous_13)
FNF:14
FNH:0
FNDA:0,generatePlaceholderSvg
FNDA:0,escapeHtml
FNDA:0,isValidHttpUrl
FNDA:0,base64urlEncode
FNDA:0,base64urlDecode
FNDA:0,isDeadUrlKV
FNDA:0,markDeadUrlKV
FNDA:0,fetchWithRetry
FNDA:0,(anonymous_8)
FNDA:0,(anonymous_9)
FNDA:0,(anonymous_10)
FNDA:0,(anonymous_11)
FNDA:0,tryFetchUrl
FNDA:0,(anonymous_13)
DA:17,0
DA:18,0
DA:19,0
DA:20,0
DA:21,0
DA:31,0
DA:47,0
DA:61,0
DA:62,0
DA:63,0
DA:65,0
DA:75,0
DA:82,0
DA:84,0
DA:85,0
DA:87,0
DA:88,0
DA:90,0
DA:96,0
DA:97,0
DA:98,0
DA:103,0
DA:104,0
DA:109,0
DA:110,0
DA:112,0
DA:113,0
DA:124,0
DA:127,0
DA:128,0
DA:129,0
DA:130,0
DA:131,0
DA:133,0
DA:137,0
DA:138,0
DA:139,0
DA:140,0
DA:144,0
DA:145,0
DA:149,0
DA:150,0
DA:151,0
DA:152,0
DA:155,0
DA:157,0
DA:160,0
DA:166,0
DA:167,0
DA:168,0
DA:171,0
DA:177,0
DA:178,0
DA:182,0
DA:183,0
DA:186,0
DA:188,0
DA:189,0
DA:192,0
DA:198,0
DA:202,0
DA:203,0
DA:207,0
DA:208,0
DA:214,0
DA:215,0
DA:219,0
DA:220,0
DA:221,0
DA:223,0
DA:224,0
DA:227,0
DA:228,0
DA:230,0
DA:231,0
DA:234,0
DA:237,0
DA:240,0
DA:242,0
DA:243,0
DA:244,0
DA:246,0
DA:247,0
DA:253,0
DA:254,0
DA:256,0
DA:257,0
DA:258,0
DA:261,0
DA:262,0
DA:263,0
DA:265,0
DA:266,0
DA:269,0
DA:279,0
DA:280,0
DA:283,0
LF:97
LH:0
BRDA:30,0,0,0
BRDA:63,1,0,0
BRDA:63,1,1,0
BRDA:85,2,0,0
BRDA:85,2,1,0
BRDA:108,3,0,0
BRDA:127,4,0,0
BRDA:127,4,1,0
BRDA:128,5,0,0
BRDA:128,5,1,0
BRDA:129,6,0,0
BRDA:129,6,1,0
BRDA:137,7,0,0
BRDA:137,7,1,0
BRDA:137,8,0,0
BRDA:137,8,1,0
BRDA:144,9,0,0
BRDA:144,9,1,0
BRDA:144,10,0,0
BRDA:144,10,1,0
BRDA:149,11,0,0
BRDA:149,11,1,0
BRDA:149,12,0,0
BRDA:149,12,1,0
BRDA:160,13,0,0
BRDA:160,13,1,0
BRDA:160,14,0,0
BRDA:160,14,1,0
BRDA:160,14,2,0
BRDA:160,14,3,0
BRDA:160,14,4,0
BRDA:177,15,0,0
BRDA:177,15,1,0
BRDA:177,16,0,0
BRDA:177,16,1,0
BRDA:182,17,0,0
BRDA:182,17,1,0
BRDA:188,18,0,0
BRDA:188,18,1,0
BRDA:202,19,0,0
BRDA:202,19,1,0
BRDA:203,20,0,0
BRDA:203,20,1,0
BRDA:207,21,0,0
BRDA:207,21,1,0
BRDA:214,22,0,0
BRDA:214,22,1,0
BRDA:221,23,0,0
BRDA:221,23,1,0
BRDA:223,24,0,0
BRDA:223,24,1,0
BRDA:228,25,0,0
BRDA:228,25,1,0
BRDA:230,26,0,0
BRDA:230,26,1,0
BRDA:230,27,0,0
BRDA:230,27,1,0
BRDA:242,28,0,0
BRDA:242,28,1,0
BRDA:244,29,0,0
BRDA:244,29,1,0
BRDA:256,30,0,0
BRDA:256,30,1,0
BRDA:279,31,0,0
BRDA:279,31,1,0
BRF:65
BRH:0
end_of_record
TN:
SF:prewarm.js
FN:33,warmOne
FN:37,(anonymous_1)
FN:39,(anonymous_2)
FN:49,(anonymous_3)
FN:55,(anonymous_4)
FN:66,prewarm
FN:73,(anonymous_6)
FN:85,(anonymous_7)
FN:103,(anonymous_8)
FNF:9
FNH:0
FNDA:0,warmOne
FNDA:0,(anonymous_1)
FNDA:0,(anonymous_2)
FNDA:0,(anonymous_3)
FNDA:0,(anonymous_4)
FNDA:0,prewarm
FNDA:0,(anonymous_6)
FNDA:0,(anonymous_7)
FNDA:0,(anonymous_8)
DA:17,0
DA:18,0
DA:19,0
DA:20,0
DA:22,0
DA:23,0
DA:25,0
DA:34,0
DA:37,0
DA:38,0
DA:39,0
DA:41,0
DA:44,0
DA:45,0
DA:47,0
DA:49,0
DA:50,0
DA:53,0
DA:54,0
DA:55,0
DA:56,0
DA:58,0
DA:67,0
DA:68,0
DA:69,0
DA:71,0
DA:72,0
DA:73,0
DA:75,0
DA:76,0
DA:79,0
DA:80,0
DA:81,0
DA:82,0
DA:83,0
DA:85,0
DA:86,0
DA:87,0
DA:88,0
DA:89,0
DA:90,0
DA:91,0
DA:92,0
DA:93,0
DA:94,0
DA:95,0
DA:100,0
DA:101,0
DA:102,0
DA:103,0
DA:105,0
DA:107,0
DA:111,0
LF:53
LH:0
BRDA:22,0,0,0
BRDA:22,0,1,0
BRDA:34,1,0,0
BRDA:34,1,1,0
BRDA:34,2,0,0
BRDA:34,2,1,0
BRDA:34,2,2,0
BRDA:38,3,0,0
BRDA:38,3,1,0
BRDA:38,4,0,0
BRDA:38,4,1,0
BRDA:47,5,0,0
BRDA:47,5,1,0
BRDA:67,6,0,0
BRDA:67,6,1,0
BRDA:72,7,0,0
BRDA:72,7,1,0
BRDA:75,8,0,0
BRDA:75,8,1,0
BRDA:79,9,0,0
BRDA:79,9,1,0
BRDA:90,10,0,0
BRDA:90,10,1,0
BRDA:91,11,0,0
BRDA:91,11,1,0
BRDA:92,12,0,0
BRDA:92,12,1,0
BRDA:94,13,0,0
BRDA:94,13,1,0
BRDA:102,14,0,0
BRDA:102,14,1,0
BRF:31
BRH:0
end_of_record
TN:
SF:redisCache.js
FN:16,(anonymous_0)
FN:19,(anonymous_1)
FN:20,(anonymous_2)
FN:36,serializeCache
FN:61,deserializeCache
FN:85,saveCacheToRedis
FN:102,deleteCacheFromRedis
FN:121,loadCacheFromRedis
FN:138,saveLogoBuffer
FN:153,loadLogoBuffer
FN:182,saveLogoUrl
FN:198,loadLogoUrl
FN:215,listCachedConfigKeys
FN:219,(anonymous_13)
FN:246,saveEpgCache
FN:260,loadEpgCache
FN:277,mgetEpgCaches
FN:281,(anonymous_17)
FN:300,getHubGeneration
FN:321,bumpGeneration
FN:340,setHubState
FN:371,withOnceLock
FN:403,sessionGet
FN:418,sessionSet
FN:429,sessionDelete
FN:438,sessionPruneExpired
FNF:26
FNH:0
FNDA:0,(anonymous_0)
FNDA:0,(anonymous_1)
FNDA:0,(anonymous_2)
FNDA:0,serializeCache
FNDA:0,deserializeCache
FNDA:0,saveCacheToRedis
FNDA:0,deleteCacheFromRedis
FNDA:0,loadCacheFromRedis
FNDA:0,saveLogoBuffer
FNDA:0,loadLogoBuffer
FNDA:0,saveLogoUrl
FNDA:0,loadLogoUrl
FNDA:0,listCachedConfigKeys
FNDA:0,(anonymous_13)
FNDA:0,saveEpgCache
FNDA:0,loadEpgCache
FNDA:0,mgetEpgCaches
FNDA:0,(anonymous_17)
FNDA:0,getHubGeneration
FNDA:0,bumpGeneration
FNDA:0,setHubState
FNDA:0,withOnceLock
FNDA:0,sessionGet
FNDA:0,sessionSet
FNDA:0,sessionDelete
FNDA:0,sessionPruneExpired
DA:7,5
DA:8,5
DA:10,5
DA:11,5
DA:13,5
DA:14,0
DA:16,0
DA:19,0
DA:20,0
DA:22,5
DA:25,5
DA:26,5
DA:27,5
DA:28,5
DA:29,5
DA:30,5
DA:37,0
DA:62,0
DA:63,0
DA:86,0
DA:87,0
DA:88,0
DA:90,0
DA:103,0
DA:104,0
DA:105,0
DA:106,0
DA:111,0
DA:112,0
DA:122,0
DA:123,0
DA:124,0
DA:125,0
DA:126,0
DA:128,0
DA:129,0
DA:139,0
DA:140,0
DA:141,0
DA:142,0
DA:144,0
DA:154,0
DA:155,0
DA:156,0
DA:157,0
DA:158,0
DA:160,0
DA:163,0
DA:164,0
DA:165,0
DA:166,0
DA:168,0
DA:170,0
DA:171,0
DA:183,0
DA:184,0
DA:185,0
DA:186,0
DA:187,0
DA:189,0
DA:199,0
DA:200,0
DA:201,0
DA:202,0
DA:203,0
DA:204,0
DA:206,0
DA:207,0
DA:216,0
DA:217,0
DA:218,0
DA:219,0
DA:221,0
DA:222,0
DA:232,5
DA:233,5
DA:237,5
DA:238,5
DA:247,0
DA:248,0
DA:249,0
DA:251,0
DA:261,0
DA:262,0
DA:263,0
DA:264,0
DA:265,0
DA:266,0
DA:268,0
DA:278,0
DA:279,0
DA:280,0
DA:281,0
DA:282,0
DA:283,0
DA:284,0
DA:285,0
DA:286,0
DA:287,0
DA:288,0
DA:291,0
DA:293,0
DA:301,0
DA:302,0
DA:303,0
DA:304,0
DA:306,0
DA:322,0
DA:323,0
DA:324,0
DA:325,0
DA:326,0
DA:328,0
DA:329,0
DA:341,0
DA:342,0
DA:343,0
DA:344,0
DA:345,0
DA:347,0
DA:348,0
DA:372,0
DA:373,0
DA:374,0
DA:375,0
DA:376,0
DA:377,0
DA:380,0
DA:381,0
DA:383,0
DA:384,0
DA:386,0
DA:387,0
DA:396,5
DA:397,5
DA:404,0
DA:405,0
DA:406,0
DA:407,0
DA:408,0
DA:409,0
DA:410,0
DA:419,0
DA:420,0
DA:421,0
DA:422,0
DA:430,0
DA:431,0
DA:439,0
DA:440,0
DA:441,0
DA:442,0
DA:443,0
DA:444,0
DA:445,0
DA:446,0
DA:447,0
DA:448,0
DA:449,0
DA:450,0
DA:451,0
DA:452,0
DA:453,0
DA:454,0
DA:456,0
DA:459,0
DA:460,0
DA:463,5
LF:168
LH:19
BRDA:13,0,0,0
BRDA:13,0,1,5
BRDA:39,1,0,0
BRDA:39,1,1,0
BRDA:40,2,0,0
BRDA:40,2,1,0
BRDA:41,3,0,0
BRDA:41,3,1,0
BRDA:42,4,0,0
BRDA:42,4,1,0
BRDA:43,5,0,0
BRDA:43,5,1,0
BRDA:44,6,0,0
BRDA:44,6,1,0
BRDA:45,7,0,0
BRDA:45,7,1,0
BRDA:46,8,0,0
BRDA:46,8,1,0
BRDA:47,9,0,0
BRDA:47,9,1,0
BRDA:48,10,0,0
BRDA:48,10,1,0
BRDA:65,11,0,0
BRDA:65,11,1,0
BRDA:66,12,0,0
BRDA:66,12,1,0
BRDA:67,13,0,0
BRDA:67,13,1,0
BRDA:68,14,0,0
BRDA:68,14,1,0
BRDA:69,15,0,0
BRDA:69,15,1,0
BRDA:70,16,0,0
BRDA:70,16,1,0
BRDA:71,17,0,0
BRDA:71,17,1,0
BRDA:72,18,0,0
BRDA:72,18,1,0
BRDA:73,19,0,0
BRDA:73,19,1,0
BRDA:74,20,0,0
BRDA:74,20,1,0
BRDA:86,21,0,0
BRDA:86,21,1,0
BRDA:103,22,0,0
BRDA:103,22,1,0
BRDA:122,23,0,0
BRDA:122,23,1,0
BRDA:125,24,0,0
BRDA:125,24,1,0
BRDA:139,25,0,0
BRDA:139,25,1,0
BRDA:154,26,0,0
BRDA:154,26,1,0
BRDA:158,27,0,0
BRDA:158,27,1,0
BRDA:160,28,0,0
BRDA:160,28,1,0
BRDA:163,29,0,0
BRDA:163,29,1,0
BRDA:164,30,0,0
BRDA:164,30,1,0
BRDA:164,30,2,0
BRDA:165,31,0,0
BRDA:165,31,1,0
BRDA:182,32,0,0
BRDA:183,33,0,0
BRDA:183,33,1,0
BRDA:199,34,0,0
BRDA:199,34,1,0
BRDA:203,35,0,0
BRDA:203,35,1,0
BRDA:216,36,0,0
BRDA:216,36,1,0
BRDA:247,37,0,0
BRDA:247,37,1,0
BRDA:261,38,0,0
BRDA:261,38,1,0
BRDA:264,39,0,0
BRDA:264,39,1,0
BRDA:266,40,0,0
BRDA:266,40,1,0
BRDA:266,41,0,0
BRDA:266,41,1,0
BRDA:266,42,0,0
BRDA:266,42,1,0
BRDA:279,43,0,0
BRDA:279,43,1,0
BRDA:279,44,0,0
BRDA:279,44,1,0
BRDA:279,44,2,0
BRDA:284,45,0,0
BRDA:284,45,1,0
BRDA:287,46,0,0
BRDA:287,46,1,0
BRDA:287,47,0,0
BRDA:287,47,1,0
BRDA:287,48,0,0
BRDA:287,48,1,0
BRDA:301,49,0,0
BRDA:301,49,1,0
BRDA:303,50,0,0
BRDA:303,50,1,0
BRDA:304,51,0,0
BRDA:304,51,1,0
BRDA:304,52,0,0
BRDA:304,52,1,0
BRDA:322,53,0,0
BRDA:322,53,1,0
BRDA:325,54,0,0
BRDA:325,54,1,0
BRDA:341,55,0,0
BRDA:341,55,1,0
BRDA:343,56,0,0
BRDA:343,56,1,0
BRDA:343,57,0,0
BRDA:343,57,1,0
BRDA:344,58,0,0
BRDA:344,58,1,0
BRDA:372,59,0,0
BRDA:372,59,1,0
BRDA:377,60,0,0
BRDA:377,60,1,0
BRDA:404,61,0,0
BRDA:404,61,1,0
BRDA:404,62,0,0
BRDA:404,62,1,0
BRDA:407,63,0,0
BRDA:407,63,1,0
BRDA:409,64,0,0
BRDA:409,64,1,0
BRDA:419,65,0,0
BRDA:419,65,1,0
BRDA:419,66,0,0
BRDA:419,66,1,0
BRDA:430,67,0,0
BRDA:430,67,1,0
BRDA:430,68,0,0
BRDA:430,68,1,0
BRDA:439,69,0,0
BRDA:439,69,1,0
BRDA:446,70,0,0
BRDA:446,70,1,0
BRDA:446,71,0,0
BRDA:446,71,1,0
BRDA:452,72,0,0
BRDA:452,72,1,0
BRDA:453,73,0,0
BRDA:453,73,1,0
BRDA:453,74,0,0
BRDA:453,74,1,0
BRDA:453,74,2,0
BRDA:456,75,0,0
BRDA:456,75,1,0
BRF:154
BRH:1
end_of_record
TN:
SF:release-plugin.js
FN:26,analyzeCommits
FN:32,(anonymous_1)
FN:34,(anonymous_2)
FN:44,generateNotes
FN:64,(anonymous_4)
FN:83,(anonymous_5)
FNF:6
FNH:0
FNDA:0,analyzeCommits
FNDA:0,(anonymous_1)
FNDA:0,(anonymous_2)
FNDA:0,generateNotes
FNDA:0,(anonymous_4)
FNDA:0,(anonymous_5)
DA:27,0
DA:28,0
DA:29,0
DA:31,0
DA:32,0
DA:33,0
DA:34,0
DA:39,0
DA:40,0
DA:41,0
DA:45,0
DA:48,0
DA:49,0
DA:50,0
DA:54,0
DA:55,0
DA:56,0
DA:57,0
DA:59,0
DA:63,0
DA:64,0
DA:65,0
DA:66,0
DA:68,0
DA:69,0
DA:70,0
DA:72,0
DA:73,0
DA:74,0
DA:76,0
DA:77,0
DA:79,0
DA:82,0
DA:83,0
DA:86,0
DA:87,0
DA:88,0
DA:91,0
LF:38
LH:0
BRDA:27,0,0,0
BRDA:27,0,1,0
BRDA:27,0,2,0
BRDA:29,1,0,0
BRDA:29,1,1,0
BRDA:31,2,0,0
BRDA:31,2,1,0
BRDA:32,3,0,0
BRDA:32,3,1,0
BRDA:34,4,0,0
BRDA:34,4,1,0
BRDA:39,5,0,0
BRDA:39,5,1,0
BRDA:40,6,0,0
BRDA:40,6,1,0
BRDA:48,7,0,0
BRDA:48,7,1,0
BRDA:49,8,0,0
BRDA:49,8,1,0
BRDA:49,9,0,0
BRDA:49,9,1,0
BRDA:65,10,0,0
BRDA:65,10,1,0
BRDA:65,11,0,0
BRDA:65,11,1,0
BRDA:68,12,0,0
BRDA:68,12,1,0
BRDA:68,13,0,0
BRDA:68,13,1,0
BRDA:72,14,0,0
BRDA:72,14,1,0
BRDA:73,15,0,0
BRDA:73,15,1,0
BRDA:73,16,0,0
BRDA:73,16,1,0
BRDA:73,16,2,0
BRDA:76,17,0,0
BRDA:76,17,1,0
BRDA:76,17,2,0
BRDA:86,18,0,0
BRDA:86,18,1,0
BRF:41
BRH:0
end_of_record
TN:
SF:tvLogosRef.js
FN:126,normalize
FN:137,stripSuffix
FN:143,refresh
FN:145,(anonymous_3)
FN:161,(anonymous_4)
FN:163,(anonymous_5)
FN:218,lookupTvLogo
FN:248,scheduleRefresh
FN:250,(anonymous_8)
FN:255,(anonymous_9)
FN:260,startAutoRefresh
FN:268,(anonymous_11)
FNF:12
FNH:0
FNDA:0,normalize
FNDA:0,stripSuffix
FNDA:0,refresh
FNDA:0,(anonymous_3)
FNDA:0,(anonymous_4)
FNDA:0,(anonymous_5)
FNDA:0,lookupTvLogo
FNDA:0,scheduleRefresh
FNDA:0,(anonymous_8)
FNDA:0,(anonymous_9)
FNDA:0,startAutoRefresh
FNDA:0,(anonymous_11)
DA:1,3
DA:16,3
DA:17,3
DA:18,3
DA:26,3
DA:49,3
DA:54,3
DA:68,3
DA:121,3
DA:122,3
DA:123,3
DA:124,3
DA:127,0
DA:138,0
DA:139,0
DA:140,0
DA:144,0
DA:145,0
DA:146,0
DA:147,0
DA:148,0
DA:149,0
DA:150,0
DA:151,0
DA:154,0
DA:155,0
DA:160,0
DA:161,0
DA:162,0
DA:163,0
DA:165,0
DA:166,0
DA:167,0
DA:168,0
DA:170,0
DA:171,0
DA:172,0
DA:174,0
DA:175,0
DA:176,0
DA:177,0
DA:179,0
DA:180,0
DA:181,0
DA:182,0
DA:183,0
DA:184,0
DA:188,0
DA:189,0
DA:190,0
DA:191,0
DA:192,0
DA:193,0
DA:194,0
DA:195,0
DA:197,0
DA:199,0
DA:202,0
DA:219,0
DA:220,0
DA:222,0
DA:224,0
DA:225,0
DA:226,0
DA:228,0
DA:229,0
DA:230,0
DA:234,0
DA:235,0
DA:237,0
DA:246,3
DA:249,0
DA:250,0
DA:251,0
DA:252,0
DA:253,0
DA:255,0
DA:261,0
DA:262,0
DA:265,3
DA:268,0
LF:81
LH:14
BRDA:127,0,0,0
BRDA:127,0,1,0
BRDA:144,1,0,0
BRDA:144,1,1,0
BRDA:148,2,0,0
BRDA:148,2,1,0
BRDA:149,3,0,0
BRDA:149,3,1,0
BRDA:150,4,0,0
BRDA:150,4,1,0
BRDA:161,5,0,0
BRDA:161,5,1,0
BRDA:163,6,0,0
BRDA:163,6,1,0
BRDA:172,7,0,0
BRDA:172,7,1,0
BRDA:172,8,0,0
BRDA:172,8,1,0
BRDA:174,9,0,0
BRDA:174,9,1,0
BRDA:177,10,0,0
BRDA:177,10,1,0
BRDA:179,11,0,0
BRDA:179,11,1,0
BRDA:180,12,0,0
BRDA:180,12,1,0
BRDA:181,13,0,0
BRDA:181,13,1,0
BRDA:183,14,0,0
BRDA:183,14,1,0
BRDA:220,15,0,0
BRDA:220,15,1,0
BRDA:222,16,0,0
BRDA:222,16,1,0
BRDA:222,17,0,0
BRDA:222,17,1,0
BRDA:224,18,0,0
BRDA:224,18,1,0
BRDA:226,19,0,0
BRDA:226,19,1,0
BRDA:226,20,0,0
BRDA:226,20,1,0
BRDA:228,21,0,0
BRDA:228,21,1,0
BRDA:230,22,0,0
BRDA:230,22,1,0
BRDA:230,23,0,0
BRDA:230,23,1,0
BRDA:235,24,0,0
BRDA:235,24,1,0
BRDA:235,25,0,0
BRDA:235,25,1,0
BRDA:252,26,0,0
BRDA:252,26,1,0
BRF:54
BRH:0
end_of_record
TN:
SF:dashboard/js/api.js
FN:4,(anonymous_0)
FN:9,(anonymous_1)
FN:13,(anonymous_2)
FN:17,(anonymous_3)
FN:31,(anonymous_4)
FN:72,(anonymous_5)
FN:79,(anonymous_6)
FN:86,(anonymous_7)
FN:92,(anonymous_8)
FN:98,(anonymous_9)
FN:105,(anonymous_10)
FN:112,(anonymous_11)
FN:119,(anonymous_12)
FN:126,(anonymous_13)
FN:132,(anonymous_14)
FN:138,(anonymous_15)
FN:145,(anonymous_16)
FN:151,(anonymous_17)
FNF:18
FNH:0
FNDA:0,(anonymous_0)
FNDA:0,(anonymous_1)
FNDA:0,(anonymous_2)
FNDA:0,(anonymous_3)
FNDA:0,(anonymous_4)
FNDA:0,(anonymous_5)
FNDA:0,(anonymous_6)
FNDA:0,(anonymous_7)
FNDA:0,(anonymous_8)
FNDA:0,(anonymous_9)
FNDA:0,(anonymous_10)
FNDA:0,(anonymous_11)
FNDA:0,(anonymous_12)
FNDA:0,(anonymous_13)
FNDA:0,(anonymous_14)
FNDA:0,(anonymous_15)
FNDA:0,(anonymous_16)
FNDA:0,(anonymous_17)
DA:5,0
DA:6,0
DA:10,0
DA:14,0
DA:18,0
DA:19,0
DA:24,0
DA:25,0
DA:29,0
DA:30,0
DA:31,0
DA:33,0
DA:39,0
DA:40,0
DA:41,0
DA:43,0
DA:46,0
DA:47,0
DA:48,0
DA:51,0
DA:53,0
DA:56,0
DA:57,0
DA:59,0
DA:61,0
DA:62,0
DA:64,0
DA:65,0
DA:67,0
DA:73,0
DA:80,0
DA:87,0
DA:93,0
DA:99,0
DA:106,0
DA:113,0
DA:120,0
DA:127,0
DA:133,0
DA:139,0
DA:146,0
DA:152,0
DA:159,0
LF:43
LH:0
BRDA:17,0,0,0
BRDA:24,1,0,0
BRDA:24,1,1,0
BRDA:29,2,0,0
BRDA:29,2,1,0
BRDA:43,3,0,0
BRDA:43,3,1,0
BRDA:48,4,0,0
BRDA:48,4,1,0
BRDA:48,4,2,0
BRDA:51,5,0,0
BRDA:51,5,1,0
BRDA:61,6,0,0
BRDA:61,6,1,0
BRDA:64,7,0,0
BRDA:64,7,1,0
BRDA:64,8,0,0
BRDA:64,8,1,0
BRDA:72,9,0,0
BRDA:72,10,0,0
BRDA:79,11,0,0
BRF:21
BRH:0
end_of_record
TN:
SF:dashboard/js/main.js
FN:13,cacheElements
FN:95,showAuthTab
FN:96,(anonymous_2)
FN:100,(anonymous_3)
FN:115,getTurnstileToken
FN:130,resetTurnstile
FN:134,(anonymous_6)
FN:142,handleLogin
FN:170,handleRegister
FN:203,openAuthModal
FN:217,closeAuthModal
FN:225,handleLogout
FN:240,handleChangePassword
FN:262,handleDeleteAccount
FN:286,toggleUserDropdown
FN:295,closeUserDropdown
FN:304,navigateToStep
FN:307,(anonymous_17)
FN:312,(anonymous_18)
FN:317,(anonymous_19)
FN:338,(anonymous_20)
FN:348,maybeAutoLoadGroups
FN:361,currentProviderIdentity
FN:377,sameProviderIdentity
FN:393,updateProviderFields
FN:434,handleProviderSubmit
FN:452,handleTestConnection
FN:487,handleLoadGroups
FN:511,(anonymous_28)
FN:538,(anonymous_29)
FN:549,renderGroups
FN:567,(anonymous_31)
FN:579,(anonymous_32)
FN:602,filterGroups
FN:610,handleSelectAllGroups
FN:618,handleDeselectAllGroups
FN:626,handleMatchingSettings
FN:635,handleAISettings
FN:650,handleExport
FN:669,handleImport
FN:677,handleImportFile
FN:692,(anonymous_41)
FN:717,handleSaveConfig
FN:770,handleCopyUrl
FN:782,initializeApp
FN:819,showAuthState
FN:829,updateFormFromState
FN:832,(anonymous_47)
FN:878,renderReleaseBody
FN:883,(anonymous_49)
FN:909,loadChangelog
FN:920,(anonymous_51)
FN:936,openChangelog
FN:953,closeChangelog
FN:971,escapeHtml
FN:980,bindEvents
FN:982,(anonymous_56)
FN:992,(anonymous_57)
FN:996,(anonymous_58)
FN:1000,(anonymous_59)
FN:1000,(anonymous_60)
FN:1002,(anonymous_61)
FN:1006,(anonymous_62)
FN:1006,(anonymous_63)
FN:1017,(anonymous_64)
FN:1024,(anonymous_65)
FN:1025,(anonymous_66)
FN:1034,(anonymous_67)
FN:1040,(anonymous_68)
FN:1046,(anonymous_69)
FN:1054,(anonymous_70)
FN:1059,(anonymous_71)
FN:1084,(anonymous_72)
FN:1085,(anonymous_73)
FN:1087,(anonymous_74)
FN:1088,(anonymous_75)
FN:1092,(anonymous_76)
FN:1099,(anonymous_77)
FN:1122,(anonymous_78)
FN:1123,(anonymous_79)
FN:1135,(anonymous_80)
FN:1153,init
FNF:82
FNH:0
FNDA:0,cacheElements
FNDA:0,showAuthTab
FNDA:0,(anonymous_2)
FNDA:0,(anonymous_3)
FNDA:0,getTurnstileToken
FNDA:0,resetTurnstile
FNDA:0,(anonymous_6)
FNDA:0,handleLogin
FNDA:0,handleRegister
FNDA:0,openAuthModal
FNDA:0,closeAuthModal
FNDA:0,handleLogout
FNDA:0,handleChangePassword
FNDA:0,handleDeleteAccount
FNDA:0,toggleUserDropdown
FNDA:0,closeUserDropdown
FNDA:0,navigateToStep
FNDA:0,(anonymous_17)
FNDA:0,(anonymous_18)
FNDA:0,(anonymous_19)
FNDA:0,(anonymous_20)
FNDA:0,maybeAutoLoadGroups
FNDA:0,currentProviderIdentity
FNDA:0,sameProviderIdentity
FNDA:0,updateProviderFields
FNDA:0,handleProviderSubmit
FNDA:0,handleTestConnection
FNDA:0,handleLoadGroups
FNDA:0,(anonymous_28)
FNDA:0,(anonymous_29)
FNDA:0,renderGroups
FNDA:0,(anonymous_31)
FNDA:0,(anonymous_32)
FNDA:0,filterGroups
FNDA:0,handleSelectAllGroups
FNDA:0,handleDeselectAllGroups
FNDA:0,handleMatchingSettings
FNDA:0,handleAISettings
FNDA:0,handleExport
FNDA:0,handleImport
FNDA:0,handleImportFile
FNDA:0,(anonymous_41)
FNDA:0,handleSaveConfig
FNDA:0,handleCopyUrl
FNDA:0,initializeApp
FNDA:0,showAuthState
FNDA:0,updateFormFromState
FNDA:0,(anonymous_47)
FNDA:0,renderReleaseBody
FNDA:0,(anonymous_49)
FNDA:0,loadChangelog
FNDA:0,(anonymous_51)
FNDA:0,openChangelog
FNDA:0,closeChangelog
FNDA:0,escapeHtml
FNDA:0,bindEvents
FNDA:0,(anonymous_56)
FNDA:0,(anonymous_57)
FNDA:0,(anonymous_58)
FNDA:0,(anonymous_59)
FNDA:0,(anonymous_60)
FNDA:0,(anonymous_61)
FNDA:0,(anonymous_62)
FNDA:0,(anonymous_63)
FNDA:0,(anonymous_64)
FNDA:0,(anonymous_65)
FNDA:0,(anonymous_66)
FNDA:0,(anonymous_67)
FNDA:0,(anonymous_68)
FNDA:0,(anonymous_69)
FNDA:0,(anonymous_70)
FNDA:0,(anonymous_71)
FNDA:0,(anonymous_72)
FNDA:0,(anonymous_73)
FNDA:0,(anonymous_74)
FNDA:0,(anonymous_75)
FNDA:0,(anonymous_76)
FNDA:0,(anonymous_77)
FNDA:0,(anonymous_78)
FNDA:0,(anonymous_79)
FNDA:0,(anonymous_80)
FNDA:0,init
DA:8,0
DA:15,0
DA:16,0
DA:17,0
DA:20,0
DA:21,0
DA:22,0
DA:23,0
DA:24,0
DA:25,0
DA:28,0
DA:29,0
DA:32,0
DA:33,0
DA:34,0
DA:35,0
DA:36,0
DA:39,0
DA:40,0
DA:41,0
DA:42,0
DA:43,0
DA:44,0
DA:45,0
DA:48,0
DA:49,0
DA:50,0
DA:51,0
DA:52,0
DA:55,0
DA:56,0
DA:57,0
DA:58,0
DA:59,0
DA:62,0
DA:63,0
DA:64,0
DA:65,0
DA:66,0
DA:67,0
DA:68,0
DA:71,0
DA:72,0
DA:75,0
DA:76,0
DA:77,0
DA:78,0
DA:79,0
DA:80,0
DA:83,0
DA:84,0
DA:85,0
DA:88,0
DA:96,0
DA:97,0
DA:98,0
DA:100,0
DA:101,0
DA:116,0
DA:117,0
DA:119,0
DA:121,0
DA:131,0
DA:132,0
DA:133,0
DA:134,0
DA:135,0
DA:143,0
DA:144,0
DA:145,0
DA:146,0
DA:148,0
DA:149,0
DA:151,0
DA:153,0
DA:154,0
DA:155,0
DA:156,0
DA:157,0
DA:158,0
DA:160,0
DA:161,0
DA:162,0
DA:171,0
DA:172,0
DA:173,0
DA:174,0
DA:175,0
DA:177,0
DA:178,0
DA:180,0
DA:181,0
DA:182,0
DA:183,0
DA:186,0
DA:187,0
DA:188,0
DA:189,0
DA:190,0
DA:191,0
DA:192,0
DA:194,0
DA:195,0
DA:196,0
DA:204,0
DA:205,0
DA:206,0
DA:207,0
DA:208,0
DA:209,0
DA:210,0
DA:218,0
DA:219,0
DA:226,0
DA:227,0
DA:228,0
DA:232,0
DA:233,0
DA:234,0
DA:241,0
DA:242,0
DA:243,0
DA:245,0
DA:246,0
DA:247,0
DA:248,0
DA:251,0
DA:252,0
DA:253,0
DA:255,0
DA:263,0
DA:264,0
DA:265,0
DA:266,0
DA:267,0
DA:270,0
DA:271,0
DA:273,0
DA:274,0
DA:275,0
DA:276,0
DA:277,0
DA:279,0
DA:287,0
DA:288,0
DA:289,0
DA:296,0
DA:297,0
DA:305,0
DA:307,0
DA:308,0
DA:309,0
DA:312,0
DA:313,0
DA:317,0
DA:318,0
DA:319,0
DA:320,0
DA:321,0
DA:322,0
DA:323,0
DA:324,0
DA:326,0
DA:333,0
DA:338,0
DA:349,0
DA:350,0
DA:351,0
DA:352,0
DA:362,0
DA:378,0
DA:379,0
DA:394,0
DA:395,0
DA:396,0
DA:400,0
DA:402,0
DA:403,0
DA:406,0
DA:413,0
DA:415,0
DA:416,0
DA:417,0
DA:418,0
DA:422,0
DA:423,0
DA:424,0
DA:425,0
DA:426,0
DA:427,0
DA:435,0
DA:436,0
DA:438,0
DA:439,0
DA:440,0
DA:441,0
DA:442,0
DA:443,0
DA:445,0
DA:446,0
DA:453,0
DA:455,0
DA:456,0
DA:457,0
DA:459,0
DA:460,0
DA:461,0
DA:463,0
DA:464,0
DA:466,0
DA:467,0
DA:468,0
DA:470,0
DA:472,0
DA:473,0
DA:474,0
DA:476,0
DA:478,0
DA:479,0
DA:480,0
DA:488,0
DA:493,0
DA:495,0
DA:496,0
DA:497,0
DA:499,0
DA:500,0
DA:501,0
DA:506,0
DA:507,0
DA:508,0
DA:511,0
DA:512,0
DA:513,0
DA:514,0
DA:516,0
DA:517,0
DA:518,0
DA:520,0
DA:523,0
DA:526,0
DA:538,0
DA:540,0
DA:541,0
DA:542,0
DA:553,0
DA:554,0
DA:556,0
DA:557,0
DA:558,0
DA:559,0
DA:560,0
DA:561,0
DA:562,0
DA:565,0
DA:567,0
DA:568,0
DA:570,0
DA:571,0
DA:572,0
DA:573,0
DA:575,0
DA:576,0
DA:577,0
DA:578,0
DA:579,0
DA:580,0
DA:581,0
DA:584,0
DA:585,0
DA:586,0
DA:588,0
DA:589,0
DA:590,0
DA:592,0
DA:593,0
DA:594,0
DA:595,0
DA:603,0
DA:604,0
DA:611,0
DA:612,0
DA:619,0
DA:620,0
DA:627,0
DA:628,0
DA:629,0
DA:636,0
DA:637,0
DA:638,0
DA:639,0
DA:643,0
DA:644,0
DA:651,0
DA:658,0
DA:659,0
DA:660,0
DA:661,0
DA:662,0
DA:663,0
DA:664,0
DA:666,0
DA:670,0
DA:678,0
DA:679,0
DA:681,0
DA:682,0
DA:683,0
DA:686,0
DA:687,0
DA:691,0
DA:692,0
DA:693,0
DA:694,0
DA:698,0
DA:700,0
DA:701,0
DA:702,0
DA:703,0
DA:705,0
DA:707,0
DA:709,0
DA:718,0
DA:719,0
DA:720,0
DA:721,0
DA:724,0
DA:725,0
DA:726,0
DA:727,0
DA:729,0
DA:734,0
DA:737,0
DA:738,0
DA:739,0
DA:740,0
DA:744,0
DA:746,0
DA:747,0
DA:749,0
DA:750,0
DA:751,0
DA:753,0
DA:755,0
DA:756,0
DA:757,0
DA:759,0
DA:761,0
DA:762,0
DA:763,0
DA:771,0
DA:772,0
DA:773,0
DA:775,0
DA:783,0
DA:784,0
DA:785,0
DA:786,0
DA:791,0
DA:792,0
DA:793,0
DA:794,0
DA:795,0
DA:797,0
DA:799,0
DA:801,0
DA:802,0
DA:804,0
DA:805,0
DA:807,0
DA:808,0
DA:820,0
DA:821,0
DA:822,0
DA:823,0
DA:831,0
DA:832,0
DA:833,0
DA:835,0
DA:836,0
DA:838,0
DA:839,0
DA:840,0
DA:841,0
DA:842,0
DA:845,0
DA:846,0
DA:847,0
DA:850,0
DA:851,0
DA:852,0
DA:853,0
DA:854,0
DA:857,0
DA:858,0
DA:859,0
DA:860,0
DA:863,0
DA:866,0
DA:870,0
DA:871,0
DA:879,0
DA:880,0
DA:881,0
DA:883,0
DA:885,0
DA:886,0
DA:887,0
DA:888,0
DA:890,0
DA:891,0
DA:892,0
DA:893,0
DA:894,0
DA:895,0
DA:896,0
DA:897,0
DA:898,0
DA:901,0
DA:902,0
DA:910,0
DA:911,0
DA:912,0
DA:914,0
DA:915,0
DA:916,0
DA:917,0
DA:918,0
DA:920,0
DA:927,0
DA:929,0
DA:937,0
DA:938,0
DA:939,0
DA:941,0
DA:944,0
DA:945,0
DA:946,0
DA:954,0
DA:955,0
DA:956,0
DA:960,0
DA:961,0
DA:963,0
DA:972,0
DA:973,0
DA:974,0
DA:982,0
DA:983,0
DA:984,0
DA:987,0
DA:988,0
DA:991,0
DA:992,0
DA:995,0
DA:996,0
DA:999,0
DA:1000,0
DA:1001,0
DA:1002,0
DA:1005,0
DA:1006,0
DA:1011,0
DA:1012,0
DA:1013,0
DA:1014,0
DA:1017,0
DA:1018,0
DA:1019,0
DA:1024,0
DA:1025,0
DA:1026,0
DA:1027,0
DA:1028,0
DA:1029,0
DA:1034,0
DA:1035,0
DA:1036,0
DA:1037,0
DA:1038,0
DA:1040,0
DA:1041,0
DA:1042,0
DA:1043,0
DA:1044,0
DA:1046,0
DA:1047,0
DA:1048,0
DA:1050,0
DA:1053,0
DA:1054,0
DA:1055,0
DA:1059,0
DA:1060,0
DA:1061,0
DA:1064,0
DA:1065,0
DA:1067,0
DA:1069,0
DA:1070,0
DA:1071,0
DA:1075,0
DA:1076,0
DA:1077,0
DA:1084,0
DA:1085,0
DA:1087,0
DA:1088,0
DA:1092,0
DA:1093,0
DA:1094,0
DA:1095,0
DA:1099,0
DA:1100,0
DA:1101,0
DA:1102,0
DA:1103,0
DA:1107,0
DA:1108,0
DA:1111,0
DA:1112,0
DA:1113,0
DA:1114,0
DA:1117,0
DA:1118,0
DA:1121,0
DA:1122,0
DA:1123,0
DA:1126,0
DA:1127,0
DA:1128,0
DA:1131,0
DA:1132,0
DA:1135,0
DA:1136,0
DA:1137,0
DA:1138,0
DA:1139,0
DA:1141,0
DA:1142,0
DA:1143,0
DA:1144,0
DA:1154,0
DA:1155,0
DA:1159,0
DA:1160,0
DA:1161,0
DA:1162,0
DA:1163,0
DA:1168,0
DA:1170,0
DA:1171,0
DA:1173,0
DA:1174,0
DA:1179,0
LF:555
LH:0
BRDA:117,0,0,0
BRDA:117,0,1,0
BRDA:119,1,0,0
BRDA:119,1,1,0
BRDA:119,2,0,0
BRDA:119,2,1,0
BRDA:119,3,0,0
BRDA:119,3,1,0
BRDA:132,4,0,0
BRDA:132,4,1,0
BRDA:134,5,0,0
BRDA:134,5,1,0
BRDA:180,6,0,0
BRDA:180,6,1,0
BRDA:243,7,0,0
BRDA:243,7,1,0
BRDA:246,8,0,0
BRDA:246,8,1,0
BRDA:246,9,0,0
BRDA:246,9,1,0
BRDA:265,10,0,0
BRDA:265,10,1,0
BRDA:271,11,0,0
BRDA:271,11,1,0
BRDA:320,12,0,0
BRDA:320,12,1,0
BRDA:321,13,0,0
BRDA:321,13,1,0
BRDA:323,14,0,0
BRDA:323,14,1,0
BRDA:323,15,0,0
BRDA:323,15,1,0
BRDA:338,16,0,0
BRDA:338,16,1,0
BRDA:349,17,0,0
BRDA:349,17,1,0
BRDA:350,18,0,0
BRDA:350,18,1,0
BRDA:351,19,0,0
BRDA:351,19,1,0
BRDA:351,20,0,0
BRDA:351,20,1,0
BRDA:378,21,0,0
BRDA:378,21,1,0
BRDA:378,22,0,0
BRDA:378,22,1,0
BRDA:379,23,0,0
BRDA:379,23,1,0
BRDA:379,23,2,0
BRDA:379,23,3,0
BRDA:379,23,4,0
BRDA:402,24,0,0
BRDA:402,24,1,0
BRDA:406,25,0,0
BRDA:406,25,1,0
BRDA:406,25,2,0
BRDA:406,25,3,0
BRDA:406,25,4,0
BRDA:413,26,0,0
BRDA:413,26,1,0
BRDA:439,27,0,0
BRDA:439,27,1,0
BRDA:440,28,0,0
BRDA:440,28,1,0
BRDA:441,29,0,0
BRDA:441,29,1,0
BRDA:442,30,0,0
BRDA:442,30,1,0
BRDA:443,31,0,0
BRDA:443,31,1,0
BRDA:453,32,0,0
BRDA:453,32,1,0
BRDA:463,33,0,0
BRDA:463,33,1,0
BRDA:463,33,2,0
BRDA:464,34,0,0
BRDA:464,34,1,0
BRDA:488,35,0,0
BRDA:488,35,1,0
BRDA:488,36,0,0
BRDA:488,36,1,0
BRDA:506,37,0,0
BRDA:506,37,1,0
BRDA:553,38,0,0
BRDA:553,38,1,0
BRDA:556,39,0,0
BRDA:556,39,1,0
BRDA:590,40,0,0
BRDA:590,40,1,0
BRDA:644,41,0,0
BRDA:644,41,1,0
BRDA:655,42,0,0
BRDA:655,42,1,0
BRDA:679,43,0,0
BRDA:679,43,1,0
BRDA:686,44,0,0
BRDA:686,44,1,0
BRDA:686,45,0,0
BRDA:686,45,1,0
BRDA:693,46,0,0
BRDA:693,46,1,0
BRDA:718,47,0,0
BRDA:718,47,1,0
BRDA:740,48,0,0
BRDA:740,48,1,0
BRDA:784,49,0,0
BRDA:784,49,1,0
BRDA:784,49,2,0
BRDA:793,50,0,0
BRDA:793,50,1,0
BRDA:797,51,0,0
BRDA:797,51,1,0
BRDA:801,52,0,0
BRDA:801,52,1,0
BRDA:804,53,0,0
BRDA:804,53,1,0
BRDA:838,54,0,0
BRDA:838,54,1,0
BRDA:839,55,0,0
BRDA:839,55,1,0
BRDA:840,56,0,0
BRDA:840,56,1,0
BRDA:841,57,0,0
BRDA:841,57,1,0
BRDA:842,58,0,0
BRDA:842,58,1,0
BRDA:853,59,0,0
BRDA:853,59,1,0
BRDA:854,60,0,0
BRDA:854,60,1,0
BRDA:879,61,0,0
BRDA:879,61,1,0
BRDA:883,62,0,0
BRDA:883,62,1,0
BRDA:890,63,0,0
BRDA:890,63,1,0
BRDA:893,64,0,0
BRDA:893,64,1,0
BRDA:894,65,0,0
BRDA:894,65,1,0
BRDA:896,66,0,0
BRDA:896,66,1,0
BRDA:910,67,0,0
BRDA:910,67,1,0
BRDA:912,68,0,0
BRDA:912,68,1,0
BRDA:917,69,0,0
BRDA:917,69,1,0
BRDA:917,70,0,0
BRDA:917,70,1,0
BRDA:922,71,0,0
BRDA:922,71,1,0
BRDA:937,72,0,0
BRDA:937,72,1,0
BRDA:945,73,0,0
BRDA:945,73,1,0
BRDA:955,74,0,0
BRDA:955,74,1,0
BRDA:960,75,0,0
BRDA:960,75,1,0
BRDA:960,76,0,0
BRDA:960,76,1,0
BRDA:984,77,0,0
BRDA:984,77,1,0
BRDA:1018,78,0,0
BRDA:1018,78,1,0
BRDA:1018,79,0,0
BRDA:1018,79,1,0
BRDA:1047,80,0,0
BRDA:1047,80,1,0
BRDA:1055,81,0,0
BRDA:1055,81,1,0
BRDA:1060,82,0,0
BRDA:1060,82,1,0
BRDA:1060,83,0,0
BRDA:1060,83,1,0
BRDA:1067,84,0,0
BRDA:1067,84,1,0
BRDA:1069,85,0,0
BRDA:1069,85,1,0
BRDA:1075,86,0,0
BRDA:1075,86,1,0
BRDA:1093,87,0,0
BRDA:1093,87,1,0
BRDA:1100,88,0,0
BRDA:1100,88,1,0
BRDA:1101,89,0,0
BRDA:1101,89,1,0
BRDA:1101,90,0,0
BRDA:1101,90,1,0
BRDA:1136,91,0,0
BRDA:1136,91,1,0
BRDA:1141,92,0,0
BRDA:1141,92,1,0
BRDA:1141,93,0,0
BRDA:1141,93,1,0
BRDA:1142,94,0,0
BRDA:1142,94,1,0
BRDA:1144,95,0,0
BRDA:1144,95,1,0
BRDA:1162,96,0,0
BRDA:1162,96,1,0
BRDA:1163,97,0,0
BRDA:1163,97,1,0
BRDA:1170,98,0,0
BRDA:1170,98,1,0
BRDA:1174,99,0,0
BRDA:1174,99,1,0
BRF:208
BRH:0
end_of_record
TN:
SF:dashboard/js/state.js
FN:44,detectTimezoneOffset
FN:50,(anonymous_1)
FN:72,(anonymous_2)
FN:76,(anonymous_3)
FN:83,(anonymous_4)
FN:90,(anonymous_5)
FN:100,(anonymous_6)
FN:109,(anonymous_7)
FN:129,(anonymous_8)
FN:133,(anonymous_9)
FN:137,(anonymous_10)
FN:142,(anonymous_11)
FN:145,(anonymous_12)
FN:150,(anonymous_13)
FN:159,(anonymous_14)
FN:160,(anonymous_15)
FN:163,(anonymous_16)
FN:167,(anonymous_17)
FN:171,(anonymous_18)
FN:175,(anonymous_19)
FN:179,(anonymous_20)
FN:183,(anonymous_21)
FN:187,(anonymous_22)
FN:208,(anonymous_23)
FN:233,subscribe
FN:235,(anonymous_25)
FN:241,notify
FN:242,(anonymous_27)
FN:247,(anonymous_28)
FN:248,(anonymous_29)
FNF:30
FNH:0
FNDA:0,detectTimezoneOffset
FNDA:0,(anonymous_1)
FNDA:0,(anonymous_2)
FNDA:0,(anonymous_3)
FNDA:0,(anonymous_4)
FNDA:0,(anonymous_5)
FNDA:0,(anonymous_6)
FNDA:0,(anonymous_7)
FNDA:0,(anonymous_8)
FNDA:0,(anonymous_9)
FNDA:0,(anonymous_10)
FNDA:0,(anonymous_11)
FNDA:0,(anonymous_12)
FNDA:0,(anonymous_13)
FNDA:0,(anonymous_14)
FNDA:0,(anonymous_15)
FNDA:0,(anonymous_16)
FNDA:0,(anonymous_17)
FNDA:0,(anonymous_18)
FNDA:0,(anonymous_19)
FNDA:0,(anonymous_20)
FNDA:0,(anonymous_21)
FNDA:0,(anonymous_22)
FNDA:0,(anonymous_23)
FNDA:0,subscribe
FNDA:0,(anonymous_25)
FNDA:0,notify
FNDA:0,(anonymous_27)
FNDA:0,(anonymous_28)
FNDA:0,(anonymous_29)
DA:6,0
DA:45,0
DA:49,0
DA:51,0
DA:53,0
DA:54,0
DA:55,0
DA:56,0
DA:58,0
DA:63,0
DA:64,0
DA:67,0
DA:68,0
DA:69,0
DA:73,0
DA:77,0
DA:78,0
DA:80,0
DA:84,0
DA:89,0
DA:91,0
DA:92,0
DA:93,0
DA:94,0
DA:96,0
DA:97,0
DA:101,0
DA:102,0
DA:103,0
DA:104,0
DA:105,0
DA:106,0
DA:110,0
DA:115,0
DA:116,0
DA:117,0
DA:122,0
DA:123,0
DA:124,0
DA:126,0
DA:130,0
DA:134,0
DA:138,0
DA:139,0
DA:143,0
DA:144,0
DA:145,0
DA:146,0
DA:151,0
DA:152,0
DA:153,0
DA:155,0
DA:160,0
DA:164,0
DA:168,0
DA:172,0
DA:176,0
DA:180,0
DA:184,0
DA:188,0
DA:202,0
DA:203,0
DA:204,0
DA:205,0
DA:209,0
DA:210,0
DA:211,0
DA:212,0
DA:213,0
DA:214,0
DA:215,0
DA:216,0
DA:217,0
DA:219,0
DA:226,0
DA:234,0
DA:235,0
DA:242,0
DA:246,0
DA:247,0
DA:248,0
DA:249,0
DA:250,0
LF:83
LH:0
BRDA:53,0,0,0
BRDA:53,0,1,0
BRDA:63,1,0,0
BRDA:63,1,1,0
BRDA:73,2,0,0
BRDA:73,2,1,0
BRDA:77,3,0,0
BRDA:77,3,1,0
BRDA:80,4,0,0
BRDA:80,4,1,0
BRDA:80,4,2,0
BRDA:84,5,0,0
BRDA:84,5,1,0
BRDA:115,6,0,0
BRDA:115,6,1,0
BRDA:122,7,0,0
BRDA:122,7,1,0
BRDA:152,8,0,0
BRDA:152,8,1,0
BRDA:211,9,0,0
BRDA:211,9,1,0
BRDA:211,10,0,0
BRDA:211,10,1,0
BRF:23
BRH:0
end_of_record
TN:
SF:dashboard/js/toast.js
FN:20,showToast
FN:51,(anonymous_1)
FN:61,(anonymous_2)
FN:71,removeToast
FN:73,(anonymous_4)
FN:77,(anonymous_5)
FN:78,(anonymous_6)
FN:79,(anonymous_7)
FN:80,(anonymous_8)
FNF:9
FNH:0
FNDA:0,showToast
FNDA:0,(anonymous_1)
FNDA:0,(anonymous_2)
FNDA:0,removeToast
FNDA:0,(anonymous_4)
FNDA:0,(anonymous_5)
FNDA:0,(anonymous_6)
FNDA:0,(anonymous_7)
FNDA:0,(anonymous_8)
DA:3,0
DA:5,0
DA:21,0
DA:23,0
DA:24,0
DA:26,0
DA:27,0
DA:29,0
DA:30,0
DA:32,0
DA:33,0
DA:35,0
DA:36,0
DA:37,0
DA:38,0
DA:40,0
DA:41,0
DA:42,0
DA:43,0
DA:44,0
DA:47,0
DA:48,0
DA:49,0
DA:50,0
DA:51,0
DA:53,0
DA:54,0
DA:55,0
DA:57,0
DA:60,0
DA:61,0
DA:64,0
DA:72,0
DA:73,0
DA:76,0
DA:77,0
DA:78,0
DA:79,0
DA:80,0
LF:39
LH:0
BRDA:20,0,0,0
BRDA:21,1,0,0
BRDA:21,1,1,0
BRDA:29,2,0,0
BRDA:29,2,1,0
BRDA:40,3,0,0
BRDA:40,3,1,0
BRDA:60,4,0,0
BRDA:60,4,1,0
BRF:9
BRH:0
end_of_record
TN:
SF:test-helpers/loadEsm.js
FN:48,loadEsmModule
FN:59,(anonymous_1)
FN:63,(anonymous_2)
FN:67,(anonymous_3)
FN:73,(anonymous_4)
FN:79,(anonymous_5)
FN:82,(anonymous_6)
FN:83,(anonymous_7)
FN:87,(anonymous_8)
FN:100,(anonymous_9)
FN:101,(anonymous_10)
FNF:11
FNH:10
FNDA:53,loadEsmModule
FNDA:78,(anonymous_1)
FNDA:58,(anonymous_2)
FNDA:0,(anonymous_3)
FNDA:25,(anonymous_4)
FNDA:25,(anonymous_5)
FNDA:25,(anonymous_6)
FNDA:25,(anonymous_7)
FNDA:136,(anonymous_8)
FNDA:1325,(anonymous_9)
FNDA:53,(anonymous_10)
DA:21,3
DA:22,3
DA:23,3
DA:32,3
DA:49,53
DA:53,53
DA:54,53
DA:55,53
DA:57,53
DA:59,53
DA:60,78
DA:61,78
DA:63,53
DA:64,58
DA:65,58
DA:67,53
DA:68,0
DA:69,0
DA:72,53
DA:73,53
DA:74,25
DA:75,25
DA:79,53
DA:80,25
DA:82,25
DA:83,25
DA:87,136
DA:88,53
DA:90,53
DA:92,53
DA:93,53
DA:95,53
DA:97,53
DA:98,53
DA:100,1325
DA:101,53
DA:103,53
DA:105,53
DA:108,3
LF:39
LH:37
BRDA:48,0,0,0
BRDA:49,1,0,28
BRDA:49,2,0,0
BRDA:54,3,0,0
BRDA:54,3,1,53
BRDA:88,4,0,25
BRDA:88,4,1,28
BRF:7
BRH:4
end_of_record
